<?xml version="1.0" encoding="UTF-8"?>
<coverage generated="1765467445439" clover="3.2.0">
  <project timestamp="1765467445439" name="All files">
    <metrics statements="854" coveredstatements="753" conditionals="524" coveredconditionals="401" methods="190" coveredmethods="172" elements="1568" coveredelements="1326" complexity="0" loc="854" ncloc="854" packages="7" files="25" classes="25"/>
    <package name="src">
      <metrics statements="12" coveredstatements="0" conditionals="0" coveredconditionals="0" methods="6" coveredmethods="0"/>
      <file name="App.tsx" path="/Users/MKNOPKE/projects/testing/vibe_coding/TravelGuideApp/src/App.tsx">
        <metrics statements="12" coveredstatements="0" conditionals="0" coveredconditionals="0" methods="6" coveredmethods="0"/>
        <line num="20" count="0" type="stmt"/>
        <line num="21" count="0" type="stmt"/>
        <line num="23" count="0" type="stmt"/>
        <line num="24" count="0" type="stmt"/>
        <line num="26" count="0" type="stmt"/>
        <line num="39" count="0" type="stmt"/>
        <line num="47" count="0" type="stmt"/>
        <line num="55" count="0" type="stmt"/>
        <line num="63" count="0" type="stmt"/>
        <line num="70" count="0" type="stmt"/>
        <line num="71" count="0" type="stmt"/>
        <line num="73" count="0" type="stmt"/>
      </file>
    </package>
    <package name="src.components">
      <metrics statements="26" coveredstatements="25" conditionals="27" coveredconditionals="26" methods="7" coveredmethods="7"/>
      <file name="LocationSearchBar.tsx" path="/Users/MKNOPKE/projects/testing/vibe_coding/TravelGuideApp/src/components/LocationSearchBar.tsx">
        <metrics statements="26" coveredstatements="25" conditionals="27" coveredconditionals="26" methods="7" coveredmethods="7"/>
        <line num="22" count="1" type="stmt"/>
        <line num="27" count="19" type="stmt"/>
        <line num="36" count="19" type="stmt"/>
        <line num="38" count="19" type="stmt"/>
        <line num="39" count="19" type="cond" truecount="5" falsecount="0"/>
        <line num="41" count="19" type="stmt"/>
        <line num="42" count="1" type="stmt"/>
        <line num="43" count="1" type="stmt"/>
        <line num="44" count="1" type="stmt"/>
        <line num="47" count="19" type="stmt"/>
        <line num="48" count="2" type="stmt"/>
        <line num="49" count="2" type="stmt"/>
        <line num="52" count="19" type="stmt"/>
        <line num="53" count="9" type="stmt"/>
        <line num="55" count="1" type="stmt"/>
        <line num="67" count="19" type="stmt"/>
        <line num="68" count="6" type="cond" truecount="2" falsecount="0"/>
        <line num="69" count="2" type="stmt"/>
        <line num="77" count="4" type="cond" truecount="5" falsecount="0"/>
        <line num="78" count="3" type="stmt"/>
        <line num="85" count="1" type="cond" truecount="1" falsecount="1"/>
        <line num="86" count="1" type="stmt"/>
        <line num="93" count="0" type="stmt"/>
        <line num="96" count="19" type="stmt"/>
        <line num="142" count="14" type="stmt"/>
        <line num="157" count="1" type="stmt"/>
      </file>
    </package>
    <package name="src.config">
      <metrics statements="6" coveredstatements="3" conditionals="2" coveredconditionals="1" methods="2" coveredmethods="1"/>
      <file name="i18n.ts" path="/Users/MKNOPKE/projects/testing/vibe_coding/TravelGuideApp/src/config/i18n.ts">
        <metrics statements="2" coveredstatements="0" conditionals="0" coveredconditionals="0" methods="0" coveredmethods="0"/>
        <line num="4" count="0" type="stmt"/>
        <line num="223" count="0" type="stmt"/>
      </file>
      <file name="index.ts" path="/Users/MKNOPKE/projects/testing/vibe_coding/TravelGuideApp/src/config/index.ts">
        <metrics statements="4" coveredstatements="3" conditionals="2" coveredconditionals="1" methods="2" coveredmethods="1"/>
        <line num="13" count="7" type="stmt"/>
        <line num="14" count="7" type="cond" truecount="1" falsecount="1"/>
        <line num="18" count="0" type="stmt"/>
        <line num="22" count="7" type="stmt"/>
      </file>
    </package>
    <package name="src.hooks">
      <metrics statements="154" coveredstatements="153" conditionals="46" coveredconditionals="40" methods="34" coveredmethods="34"/>
      <file name="index.ts" path="/Users/MKNOPKE/projects/testing/vibe_coding/TravelGuideApp/src/hooks/index.ts">
        <metrics statements="0" coveredstatements="0" conditionals="0" coveredconditionals="0" methods="0" coveredmethods="0"/>
      </file>
      <file name="useAttractions.ts" path="/Users/MKNOPKE/projects/testing/vibe_coding/TravelGuideApp/src/hooks/useAttractions.ts">
        <metrics statements="41" coveredstatements="41" conditionals="10" coveredconditionals="9" methods="4" coveredmethods="4"/>
        <line num="16" count="4" type="stmt"/>
        <line num="17" count="29" type="stmt"/>
        <line num="18" count="29" type="stmt"/>
        <line num="19" count="29" type="stmt"/>
        <line num="21" count="29" type="stmt"/>
        <line num="22" count="12" type="stmt"/>
        <line num="23" count="12" type="stmt"/>
        <line num="25" count="12" type="stmt"/>
        <line num="26" count="12" type="stmt"/>
        <line num="29" count="12" type="stmt"/>
        <line num="34" count="12" type="cond" truecount="2" falsecount="0"/>
        <line num="35" count="1" type="stmt"/>
        <line num="36" count="1" type="stmt"/>
        <line num="37" count="1" type="stmt"/>
        <line num="41" count="11" type="stmt"/>
        <line num="42" count="9" type="stmt"/>
        <line num="45" count="9" type="cond" truecount="2" falsecount="0"/>
        <line num="46" count="2" type="stmt"/>
        <line num="48" count="7" type="stmt"/>
        <line num="51" count="2" type="cond" truecount="1" falsecount="1"/>
        <line num="53" count="12" type="stmt"/>
        <line num="57" count="29" type="stmt"/>
        <line num="62" count="2" type="stmt"/>
        <line num="63" count="2" type="stmt"/>
        <line num="67" count="1" type="stmt"/>
        <line num="68" count="1" type="stmt"/>
        <line num="69" count="1" type="stmt"/>
        <line num="71" count="1" type="stmt"/>
        <line num="72" count="1" type="stmt"/>
        <line num="76" count="29" type="stmt"/>
        <line num="77" count="4" type="cond" truecount="2" falsecount="0"/>
        <line num="79" count="3" type="stmt"/>
        <line num="80" count="3" type="stmt"/>
        <line num="81" count="3" type="stmt"/>
        <line num="82" count="3" type="cond" truecount="2" falsecount="0"/>
        <line num="83" count="2" type="stmt"/>
        <line num="87" count="1" type="stmt"/>
        <line num="88" count="1" type="stmt"/>
        <line num="91" count="1" type="stmt"/>
        <line num="93" count="3" type="stmt"/>
        <line num="97" count="29" type="stmt"/>
      </file>
      <file name="useFavorites.ts" path="/Users/MKNOPKE/projects/testing/vibe_coding/TravelGuideApp/src/hooks/useFavorites.ts">
        <metrics statements="29" coveredstatements="29" conditionals="2" coveredconditionals="2" methods="10" coveredmethods="10"/>
        <line num="19" count="4" type="stmt"/>
        <line num="20" count="31" type="stmt"/>
        <line num="21" count="31" type="stmt"/>
        <line num="22" count="31" type="stmt"/>
        <line num="24" count="31" type="stmt"/>
        <line num="25" count="13" type="stmt"/>
        <line num="26" count="13" type="stmt"/>
        <line num="27" count="13" type="stmt"/>
        <line num="28" count="12" type="stmt"/>
        <line num="29" count="14" type="stmt"/>
        <line num="31" count="1" type="stmt"/>
        <line num="33" count="13" type="stmt"/>
        <line num="37" count="31" type="stmt"/>
        <line num="38" count="12" type="stmt"/>
        <line num="41" count="31" type="stmt"/>
        <line num="42" count="3" type="stmt"/>
        <line num="43" count="3" type="stmt"/>
        <line num="44" count="4" type="stmt"/>
        <line num="47" count="31" type="stmt"/>
        <line num="48" count="3" type="stmt"/>
        <line num="49" count="3" type="stmt"/>
        <line num="50" count="3" type="stmt"/>
        <line num="53" count="31" type="stmt"/>
        <line num="55" count="2" type="cond" truecount="2" falsecount="0"/>
        <line num="56" count="1" type="stmt"/>
        <line num="58" count="1" type="stmt"/>
        <line num="64" count="31" type="stmt"/>
        <line num="65" count="3" type="stmt"/>
        <line num="69" count="31" type="stmt"/>
      </file>
      <file name="useLocation.ts" path="/Users/MKNOPKE/projects/testing/vibe_coding/TravelGuideApp/src/hooks/useLocation.ts">
        <metrics statements="42" coveredstatements="42" conditionals="11" coveredconditionals="10" methods="6" coveredmethods="6"/>
        <line num="19" count="4" type="cond" truecount="1" falsecount="0"/>
        <line num="20" count="38" type="stmt"/>
        <line num="21" count="38" type="stmt"/>
        <line num="22" count="38" type="stmt"/>
        <line num="23" count="38" type="stmt"/>
        <line num="24" count="38" type="stmt"/>
        <line num="26" count="38" type="stmt"/>
        <line num="27" count="19" type="stmt"/>
        <line num="28" count="19" type="stmt"/>
        <line num="29" count="19" type="stmt"/>
        <line num="31" count="19" type="stmt"/>
        <line num="33" count="19" type="stmt"/>
        <line num="34" count="19" type="cond" truecount="2" falsecount="0"/>
        <line num="35" count="1" type="stmt"/>
        <line num="36" count="1" type="stmt"/>
        <line num="37" count="1" type="stmt"/>
        <line num="38" count="1" type="stmt"/>
        <line num="41" count="18" type="stmt"/>
        <line num="42" count="15" type="cond" truecount="2" falsecount="0"/>
        <line num="43" count="13" type="stmt"/>
        <line num="47" count="13" type="stmt"/>
        <line num="48" count="13" type="stmt"/>
        <line num="50" count="13" type="stmt"/>
        <line num="51" count="13" type="stmt"/>
        <line num="53" count="2" type="stmt"/>
        <line num="56" count="3" type="cond" truecount="1" falsecount="1"/>
        <line num="57" count="3" type="stmt"/>
        <line num="59" count="19" type="stmt"/>
        <line num="63" count="38" type="stmt"/>
        <line num="64" count="17" type="stmt"/>
        <line num="66" count="17" type="cond" truecount="2" falsecount="0"/>
        <line num="68" count="14" type="stmt"/>
        <line num="70" count="14" type="stmt"/>
        <line num="71" count="14" type="stmt"/>
        <line num="72" count="2" type="stmt"/>
        <line num="77" count="2" type="cond" truecount="2" falsecount="0"/>
        <line num="78" count="1" type="stmt"/>
        <line num="79" count="1" type="stmt"/>
        <line num="84" count="14" type="stmt"/>
        <line num="86" count="14" type="stmt"/>
        <line num="87" count="14" type="stmt"/>
        <line num="91" count="38" type="stmt"/>
      </file>
      <file name="useLocationSearch.ts" path="/Users/MKNOPKE/projects/testing/vibe_coding/TravelGuideApp/src/hooks/useLocationSearch.ts">
        <metrics statements="42" coveredstatements="41" conditionals="23" coveredconditionals="19" methods="14" coveredmethods="14"/>
        <line num="10" count="41" type="stmt"/>
        <line num="18" count="41" type="stmt"/>
        <line num="19" count="41" type="stmt"/>
        <line num="24" count="41" type="stmt"/>
        <line num="25" count="14" type="stmt"/>
        <line num="33" count="14" type="cond" truecount="2" falsecount="0"/>
        <line num="34" count="3" type="stmt"/>
        <line num="38" count="14" type="cond" truecount="2" falsecount="0"/>
        <line num="39" count="1" type="stmt"/>
        <line num="43" count="14" type="cond" truecount="2" falsecount="0"/>
        <line num="44" count="2" type="stmt"/>
        <line num="50" count="2" type="stmt"/>
        <line num="54" count="12" type="stmt"/>
        <line num="55" count="9" type="stmt"/>
        <line num="62" count="41" type="stmt"/>
        <line num="63" count="9" type="cond" truecount="1" falsecount="1"/>
        <line num="64" count="0" type="stmt"/>
        <line num="67" count="9" type="stmt"/>
        <line num="68" count="9" type="stmt"/>
        <line num="70" count="9" type="stmt"/>
        <line num="72" count="8" type="stmt"/>
        <line num="80" count="1" type="cond" truecount="3" falsecount="1"/>
        <line num="81" count="1" type="stmt"/>
        <line num="97" count="41" type="stmt"/>
        <line num="98" count="3" type="stmt"/>
        <line num="109" count="41" type="stmt"/>
        <line num="110" count="1" type="cond" truecount="1" falsecount="1"/>
        <line num="111" count="1" type="stmt"/>
        <line num="113" count="1" type="cond" truecount="1" falsecount="1"/>
        <line num="114" count="1" type="stmt"/>
        <line num="117" count="1" type="stmt"/>
        <line num="129" count="41" type="stmt"/>
        <line num="130" count="2" type="cond" truecount="2" falsecount="0"/>
        <line num="131" count="1" type="stmt"/>
        <line num="134" count="1" type="stmt"/>
        <line num="138" count="41" type="stmt"/>
        <line num="139" count="15" type="stmt"/>
        <line num="140" count="15" type="cond" truecount="2" falsecount="0"/>
        <line num="141" count="10" type="stmt"/>
        <line num="143" count="15" type="cond" truecount="2" falsecount="0"/>
        <line num="144" count="8" type="stmt"/>
        <line num="149" count="41" type="stmt"/>
      </file>
    </package>
    <package name="src.screens">
      <metrics statements="264" coveredstatements="224" conditionals="159" coveredconditionals="137" methods="56" coveredmethods="47"/>
      <file name="DetailsScreen.tsx" path="/Users/MKNOPKE/projects/testing/vibe_coding/TravelGuideApp/src/screens/DetailsScreen.tsx">
        <metrics statements="33" coveredstatements="33" conditionals="41" coveredconditionals="38" methods="5" coveredmethods="5"/>
        <line num="25" count="44" type="stmt"/>
        <line num="26" count="44" type="stmt"/>
        <line num="27" count="44" type="stmt"/>
        <line num="28" count="44" type="stmt"/>
        <line num="29" count="44" type="stmt"/>
        <line num="30" count="44" type="stmt"/>
        <line num="32" count="44" type="stmt"/>
        <line num="33" count="20" type="cond" truecount="1" falsecount="1"/>
        <line num="34" count="20" type="stmt"/>
        <line num="38" count="44" type="stmt"/>
        <line num="39" count="20" type="stmt"/>
        <line num="40" count="20" type="stmt"/>
        <line num="41" count="20" type="cond" truecount="1" falsecount="1"/>
        <line num="44" count="20" type="stmt"/>
        <line num="46" count="20" type="cond" truecount="2" falsecount="0"/>
        <line num="51" count="20" type="stmt"/>
        <line num="54" count="20" type="stmt"/>
        <line num="55" count="20" type="cond" truecount="2" falsecount="0"/>
        <line num="59" count="20" type="stmt"/>
        <line num="64" count="18" type="stmt"/>
        <line num="65" count="18" type="stmt"/>
        <line num="68" count="18" type="cond" truecount="4" falsecount="0"/>
        <line num="69" count="16" type="stmt"/>
        <line num="73" count="18" type="cond" truecount="5" falsecount="0"/>
        <line num="74" count="2" type="stmt"/>
        <line num="77" count="2" type="stmt"/>
        <line num="79" count="20" type="stmt"/>
        <line num="83" count="44" type="cond" truecount="2" falsecount="0"/>
        <line num="84" count="20" type="stmt"/>
        <line num="92" count="24" type="stmt"/>
        <line num="106" count="1" type="stmt"/>
        <line num="114" count="2" type="stmt"/>
        <line num="167" count="1" type="stmt"/>
      </file>
      <file name="FavoritesScreen.tsx" path="/Users/MKNOPKE/projects/testing/vibe_coding/TravelGuideApp/src/screens/FavoritesScreen.tsx">
        <metrics statements="12" coveredstatements="12" conditionals="2" coveredconditionals="2" methods="5" coveredmethods="5"/>
        <line num="12" count="1" type="stmt"/>
        <line num="13" count="8" type="stmt"/>
        <line num="14" count="8" type="stmt"/>
        <line num="15" count="8" type="stmt"/>
        <line num="17" count="8" type="stmt"/>
        <line num="18" count="10" type="stmt"/>
        <line num="20" count="1" type="stmt"/>
        <line num="30" count="2" type="stmt"/>
        <line num="31" count="2" type="stmt"/>
        <line num="39" count="8" type="stmt"/>
        <line num="48" count="17" type="stmt"/>
        <line num="57" count="1" type="stmt"/>
      </file>
      <file name="HomeScreen.tsx" path="/Users/MKNOPKE/projects/testing/vibe_coding/TravelGuideApp/src/screens/HomeScreen.tsx">
        <metrics statements="84" coveredstatements="59" conditionals="72" coveredconditionals="61" methods="19" coveredmethods="14"/>
        <line num="28" count="1" type="stmt"/>
        <line num="29" count="27" type="stmt"/>
        <line num="30" count="27" type="stmt"/>
        <line num="32" count="27" type="stmt"/>
        <line num="33" count="27" type="stmt"/>
        <line num="34" count="27" type="stmt"/>
        <line num="35" count="27" type="stmt"/>
        <line num="37" count="27" type="stmt"/>
        <line num="38" count="27" type="stmt"/>
        <line num="39" count="27" type="stmt"/>
        <line num="41" count="27" type="stmt"/>
        <line num="42" count="23" type="cond" truecount="2" falsecount="0"/>
        <line num="43" count="23" type="cond" truecount="2" falsecount="0"/>
        <line num="44" count="14" type="stmt"/>
        <line num="45" count="14" type="stmt"/>
        <line num="49" count="27" type="stmt"/>
        <line num="50" count="23" type="cond" truecount="4" falsecount="0"/>
        <line num="51" count="14" type="stmt"/>
        <line num="55" count="27" type="stmt"/>
        <line num="56" count="28" type="stmt"/>
        <line num="61" count="28" type="stmt"/>
        <line num="64" count="27" type="stmt"/>
        <line num="65" count="0" type="stmt"/>
        <line num="66" count="0" type="stmt"/>
        <line num="67" count="0" type="stmt"/>
        <line num="72" count="0" type="stmt"/>
        <line num="73" count="0" type="stmt"/>
        <line num="74" count="0" type="stmt"/>
        <line num="75" count="0" type="stmt"/>
        <line num="77" count="0" type="stmt"/>
        <line num="81" count="27" type="stmt"/>
        <line num="82" count="1" type="stmt"/>
        <line num="83" count="1" type="stmt"/>
        <line num="84" count="1" type="stmt"/>
        <line num="85" count="1" type="stmt"/>
        <line num="86" count="1" type="stmt"/>
        <line num="89" count="27" type="stmt"/>
        <line num="90" count="2" type="stmt"/>
        <line num="91" count="2" type="stmt"/>
        <line num="92" count="2" type="stmt"/>
        <line num="93" count="2" type="stmt"/>
        <line num="94" count="2" type="stmt"/>
        <line num="96" count="0" type="cond" truecount="0" falsecount="2"/>
        <line num="98" count="1" type="stmt"/>
        <line num="102" count="27" type="stmt"/>
        <line num="103" count="1" type="cond" truecount="1" falsecount="1"/>
        <line num="104" count="1" type="stmt"/>
        <line num="106" count="0" type="stmt"/>
        <line num="110" count="27" type="stmt"/>
        <line num="111" count="81" type="cond" truecount="6" falsecount="0"/>
        <line num="113" count="51" type="stmt"/>
        <line num="115" count="12" type="stmt"/>
        <line num="117" count="3" type="stmt"/>
        <line num="119" count="6" type="stmt"/>
        <line num="121" count="3" type="stmt"/>
        <line num="123" count="6" type="stmt"/>
        <line num="127" count="27" type="stmt"/>
        <line num="128" count="0" type="stmt"/>
        <line num="129" count="0" type="stmt"/>
        <line num="132" count="0" type="cond" truecount="0" falsecount="2"/>
        <line num="133" count="0" type="stmt"/>
        <line num="134" count="0" type="cond" truecount="0" falsecount="2"/>
        <line num="135" count="0" type="stmt"/>
        <line num="137" count="0" type="stmt"/>
        <line num="140" count="0" type="stmt"/>
        <line num="142" count="0" type="cond" truecount="0" falsecount="2"/>
        <line num="143" count="0" type="stmt"/>
        <line num="145" count="0" type="stmt"/>
        <line num="146" count="0" type="stmt"/>
        <line num="150" count="0" type="stmt"/>
        <line num="154" count="27" type="stmt"/>
        <line num="155" count="72" type="stmt"/>
        <line num="160" count="1" type="stmt"/>
        <line num="181" count="0" type="stmt"/>
        <line num="182" count="0" type="stmt"/>
        <line num="199" count="1" type="stmt"/>
        <line num="200" count="1" type="stmt"/>
        <line num="211" count="27" type="cond" truecount="2" falsecount="0"/>
        <line num="213" count="27" type="stmt"/>
        <line num="262" count="9" type="cond" truecount="2" falsecount="0"/>
        <line num="263" count="9" type="stmt"/>
        <line num="266" count="1" type="stmt"/>
        <line num="305" count="93" type="stmt"/>
        <line num="318" count="1" type="stmt"/>
      </file>
      <file name="MapScreen.tsx" path="/Users/MKNOPKE/projects/testing/vibe_coding/TravelGuideApp/src/screens/MapScreen.tsx">
        <metrics statements="85" coveredstatements="72" conditionals="24" coveredconditionals="17" methods="12" coveredmethods="10"/>
        <line num="23" count="1" type="cond" truecount="1" falsecount="1"/>
        <line num="24" count="1" type="stmt"/>
        <line num="25" count="1" type="stmt"/>
        <line num="26" count="1" type="stmt"/>
        <line num="27" count="1" type="stmt"/>
        <line num="30" count="1" type="stmt"/>
        <line num="37" count="38" type="stmt"/>
        <line num="38" count="38" type="stmt"/>
        <line num="39" count="38" type="stmt"/>
        <line num="40" count="38" type="stmt"/>
        <line num="41" count="38" type="stmt"/>
        <line num="42" count="38" type="stmt"/>
        <line num="45" count="38" type="stmt"/>
        <line num="47" count="18" type="stmt"/>
        <line num="48" count="9" type="stmt"/>
        <line num="49" count="9" type="stmt"/>
        <line num="50" count="6" type="cond" truecount="2" falsecount="0"/>
        <line num="51" count="3" type="stmt"/>
        <line num="52" count="3" type="stmt"/>
        <line num="53" count="3" type="stmt"/>
        <line num="56" count="3" type="stmt"/>
        <line num="57" count="3" type="stmt"/>
        <line num="59" count="3" type="stmt"/>
        <line num="63" count="3" type="stmt"/>
        <line num="64" count="3" type="stmt"/>
        <line num="66" count="3" type="stmt"/>
        <line num="67" count="3" type="stmt"/>
        <line num="71" count="18" type="stmt"/>
        <line num="72" count="18" type="stmt"/>
        <line num="73" count="18" type="stmt"/>
        <line num="76" count="18" type="stmt"/>
        <line num="78" count="17" type="cond" truecount="2" falsecount="0"/>
        <line num="79" count="9" type="stmt"/>
        <line num="81" count="9" type="stmt"/>
        <line num="82" count="9" type="cond" truecount="1" falsecount="1"/>
        <line num="83" count="9" type="stmt"/>
        <line num="84" count="9" type="stmt"/>
        <line num="87" count="8" type="stmt"/>
        <line num="90" count="1" type="stmt"/>
        <line num="91" count="1" type="stmt"/>
        <line num="95" count="18" type="stmt"/>
        <line num="99" count="38" type="stmt"/>
        <line num="100" count="1" type="stmt"/>
        <line num="101" count="1" type="stmt"/>
        <line num="102" count="1" type="cond" truecount="1" falsecount="1"/>
        <line num="103" count="0" type="stmt"/>
        <line num="104" count="0" type="stmt"/>
        <line num="105" count="0" type="stmt"/>
        <line num="108" count="1" type="stmt"/>
        <line num="109" count="1" type="stmt"/>
        <line num="111" count="1" type="stmt"/>
        <line num="115" count="1" type="stmt"/>
        <line num="116" count="1" type="stmt"/>
        <line num="118" count="0" type="stmt"/>
        <line num="119" count="0" type="stmt"/>
        <line num="123" count="38" type="stmt"/>
        <line num="124" count="1" type="stmt"/>
        <line num="125" count="1" type="stmt"/>
        <line num="127" count="0" type="stmt"/>
        <line num="131" count="38" type="stmt"/>
        <line num="132" count="1" type="stmt"/>
        <line num="133" count="1" type="cond" truecount="1" falsecount="1"/>
        <line num="134" count="1" type="stmt"/>
        <line num="143" count="0" type="stmt"/>
        <line num="144" count="0" type="stmt"/>
        <line num="148" count="38" type="cond" truecount="2" falsecount="0"/>
        <line num="149" count="18" type="stmt"/>
        <line num="157" count="20" type="cond" truecount="2" falsecount="0"/>
        <line num="158" count="6" type="stmt"/>
        <line num="172" count="14" type="stmt"/>
        <line num="173" count="14" type="cond" truecount="2" falsecount="0"/>
        <line num="174" count="4" type="stmt"/>
        <line num="176" count="10" type="stmt"/>
        <line num="179" count="14" type="stmt"/>
        <line num="182" count="14" type="cond" truecount="1" falsecount="1"/>
        <line num="183" count="0" type="stmt"/>
        <line num="196" count="0" type="stmt"/>
        <line num="200" count="0" type="stmt"/>
        <line num="234" count="14" type="stmt"/>
        <line num="235" count="14" type="stmt"/>
        <line num="250" count="42" type="stmt"/>
        <line num="258" count="1" type="stmt"/>
        <line num="284" count="0" type="stmt"/>
        <line num="285" count="0" type="stmt"/>
        <line num="302" count="1" type="stmt"/>
      </file>
      <file name="SettingsScreen.tsx" path="/Users/MKNOPKE/projects/testing/vibe_coding/TravelGuideApp/src/screens/SettingsScreen.tsx">
        <metrics statements="23" coveredstatements="22" conditionals="14" coveredconditionals="14" methods="10" coveredmethods="9"/>
        <line num="14" count="19" type="stmt"/>
        <line num="15" count="19" type="stmt"/>
        <line num="16" count="19" type="stmt"/>
        <line num="18" count="19" type="stmt"/>
        <line num="19" count="8" type="stmt"/>
        <line num="22" count="19" type="stmt"/>
        <line num="23" count="8" type="stmt"/>
        <line num="24" count="8" type="stmt"/>
        <line num="27" count="19" type="stmt"/>
        <line num="28" count="1" type="stmt"/>
        <line num="29" count="1" type="stmt"/>
        <line num="32" count="19" type="stmt"/>
        <line num="34" count="2" type="cond" truecount="2" falsecount="0"/>
        <line num="35" count="1" type="stmt"/>
        <line num="37" count="1" type="stmt"/>
        <line num="39" count="2" type="stmt"/>
        <line num="40" count="2" type="stmt"/>
        <line num="43" count="19" type="stmt"/>
        <line num="53" count="0" type="stmt"/>
        <line num="67" count="1" type="stmt"/>
        <line num="83" count="57" type="stmt"/>
        <line num="89" count="2" type="stmt"/>
        <line num="124" count="1" type="stmt"/>
      </file>
      <file name="WebViewScreen.tsx" path="/Users/MKNOPKE/projects/testing/vibe_coding/TravelGuideApp/src/screens/WebViewScreen.tsx">
        <metrics statements="27" coveredstatements="26" conditionals="6" coveredconditionals="5" methods="5" coveredmethods="4"/>
        <line num="14" count="27" type="stmt"/>
        <line num="15" count="27" type="stmt"/>
        <line num="16" count="27" type="stmt"/>
        <line num="17" count="27" type="stmt"/>
        <line num="19" count="27" type="stmt"/>
        <line num="20" count="13" type="stmt"/>
        <line num="23" count="27" type="stmt"/>
        <line num="24" count="13" type="stmt"/>
        <line num="27" count="13" type="stmt"/>
        <line num="29" count="13" type="stmt"/>
        <line num="30" count="13" type="stmt"/>
        <line num="31" count="13" type="stmt"/>
        <line num="32" count="13" type="stmt"/>
        <line num="33" count="2" type="stmt"/>
        <line num="34" count="2" type="cond" truecount="1" falsecount="1"/>
        <line num="35" count="2" type="stmt"/>
        <line num="36" count="2" type="stmt"/>
        <line num="37" count="2" type="stmt"/>
        <line num="38" count="2" type="stmt"/>
        <line num="41" count="11" type="stmt"/>
        <line num="45" count="11" type="stmt"/>
        <line num="46" count="11" type="stmt"/>
        <line num="47" count="11" type="stmt"/>
        <line num="48" count="11" type="stmt"/>
        <line num="51" count="27" type="stmt"/>
        <line num="68" count="0" type="stmt"/>
        <line num="78" count="1" type="stmt"/>
      </file>
    </package>
    <package name="src.services">
      <metrics statements="380" coveredstatements="336" conditionals="285" coveredconditionals="192" methods="83" coveredmethods="81"/>
      <file name="attractions.service.ts" path="/Users/MKNOPKE/projects/testing/vibe_coding/TravelGuideApp/src/services/attractions.service.ts">
        <metrics statements="41" coveredstatements="36" conditionals="36" coveredconditionals="27" methods="12" coveredmethods="12"/>
        <line num="35" count="12" type="stmt"/>
        <line num="36" count="12" type="stmt"/>
        <line num="45" count="12" type="stmt"/>
        <line num="56" count="11" type="cond" truecount="2" falsecount="0"/>
        <line num="57" count="10" type="stmt"/>
        <line num="60" count="1" type="stmt"/>
        <line num="62" count="1" type="cond" truecount="1" falsecount="1"/>
        <line num="63" count="0" type="cond" truecount="0" falsecount="4"/>
        <line num="64" count="0" type="stmt"/>
        <line num="71" count="0" type="cond" truecount="0" falsecount="2"/>
        <line num="72" count="0" type="stmt"/>
        <line num="80" count="0" type="stmt"/>
        <line num="89" count="1" type="stmt"/>
        <line num="97" count="1" type="stmt"/>
        <line num="108" count="10" type="stmt"/>
        <line num="109" count="44" type="stmt"/>
        <line num="111" count="43" type="cond" truecount="2" falsecount="0"/>
        <line num="112" count="43" type="cond" truecount="2" falsecount="0"/>
        <line num="114" count="43" type="cond" truecount="4" falsecount="0"/>
        <line num="116" count="42" type="stmt"/>
        <line num="121" count="42" type="stmt"/>
        <line num="122" count="42" type="cond" truecount="2" falsecount="0"/>
        <line num="123" count="4" type="cond" truecount="2" falsecount="0"/>
        <line num="124" count="2" type="cond" truecount="2" falsecount="0"/>
        <line num="126" count="42" type="stmt"/>
        <line num="137" count="43" type="stmt"/>
        <line num="138" count="104" type="stmt"/>
        <line num="141" count="10" type="stmt"/>
        <line num="151" count="2" type="stmt"/>
        <line num="152" count="2" type="stmt"/>
        <line num="163" count="2" type="stmt"/>
        <line num="164" count="2" type="stmt"/>
        <line num="175" count="4" type="stmt"/>
        <line num="176" count="4" type="stmt"/>
        <line num="177" count="4" type="stmt"/>
        <line num="178" count="4" type="stmt"/>
        <line num="185" count="3" type="stmt"/>
        <line num="186" count="6" type="cond" truecount="3" falsecount="1"/>
        <line num="191" count="7" type="stmt"/>
        <line num="196" count="7" type="stmt"/>
        <line num="197" count="1" type="stmt"/>
      </file>
      <file name="error-notification.service.ts" path="/Users/MKNOPKE/projects/testing/vibe_coding/TravelGuideApp/src/services/error-notification.service.ts">
        <metrics statements="42" coveredstatements="38" conditionals="22" coveredconditionals="20" methods="11" coveredmethods="9"/>
        <line num="13" count="1" type="stmt"/>
        <line num="14" count="1" type="stmt"/>
        <line num="17" count="13" type="stmt"/>
        <line num="19" count="13" type="cond" truecount="2" falsecount="0"/>
        <line num="20" count="2" type="stmt"/>
        <line num="21" count="2" type="stmt"/>
        <line num="24" count="11" type="stmt"/>
        <line num="25" count="11" type="stmt"/>
        <line num="29" count="13" type="stmt"/>
        <line num="37" count="13" type="stmt"/>
        <line num="38" count="13" type="stmt"/>
        <line num="39" count="13" type="stmt"/>
        <line num="41" count="13" type="cond" truecount="4" falsecount="0"/>
        <line num="42" count="11" type="stmt"/>
        <line num="43" count="11" type="stmt"/>
        <line num="46" count="2" type="stmt"/>
        <line num="50" count="11" type="stmt"/>
        <line num="60" count="11" type="stmt"/>
        <line num="62" count="11" type="cond" truecount="2" falsecount="0"/>
        <line num="63" count="2" type="stmt"/>
        <line num="68" count="11" type="stmt"/>
        <line num="70" count="11" type="cond" truecount="2" falsecount="0"/>
        <line num="71" count="3" type="stmt"/>
        <line num="73" count="8" type="stmt"/>
        <line num="78" count="3" type="stmt"/>
        <line num="80" count="3" type="cond" truecount="2" falsecount="0"/>
        <line num="81" count="1" type="stmt"/>
        <line num="83" count="0" type="stmt"/>
        <line num="87" count="3" type="cond" truecount="2" falsecount="0"/>
        <line num="88" count="1" type="stmt"/>
        <line num="94" count="3" type="stmt"/>
        <line num="99" count="3" type="stmt"/>
        <line num="103" count="8" type="cond" truecount="2" falsecount="0"/>
        <line num="104" count="8" type="cond" truecount="2" falsecount="0"/>
        <line num="106" count="8" type="stmt"/>
        <line num="113" count="0" type="cond" truecount="0" falsecount="2"/>
        <line num="114" count="0" type="stmt"/>
        <line num="115" count="0" type="stmt"/>
        <line num="122" count="14" type="stmt"/>
        <line num="123" count="14" type="stmt"/>
        <line num="127" count="1" type="stmt"/>
        <line num="134" count="1" type="stmt"/>
      </file>
      <file name="favorites.service.ts" path="/Users/MKNOPKE/projects/testing/vibe_coding/TravelGuideApp/src/services/favorites.service.ts">
        <metrics statements="18" coveredstatements="18" conditionals="4" coveredconditionals="4" methods="10" coveredmethods="10"/>
        <line num="13" count="14" type="stmt"/>
        <line num="14" count="14" type="cond" truecount="2" falsecount="0"/>
        <line num="21" count="4" type="stmt"/>
        <line num="22" count="4" type="stmt"/>
        <line num="24" count="4" type="cond" truecount="2" falsecount="0"/>
        <line num="25" count="3" type="stmt"/>
        <line num="29" count="3" type="stmt"/>
        <line num="30" count="3" type="stmt"/>
        <line num="33" count="1" type="stmt"/>
        <line num="40" count="3" type="stmt"/>
        <line num="41" count="5" type="stmt"/>
        <line num="42" count="3" type="stmt"/>
        <line num="43" count="3" type="stmt"/>
        <line num="50" count="3" type="stmt"/>
        <line num="51" count="3" type="stmt"/>
        <line num="58" count="2" type="stmt"/>
        <line num="65" count="2" type="stmt"/>
        <line num="66" count="3" type="stmt"/>
      </file>
      <file name="index.ts" path="/Users/MKNOPKE/projects/testing/vibe_coding/TravelGuideApp/src/services/index.ts">
        <metrics statements="0" coveredstatements="0" conditionals="0" coveredconditionals="0" methods="0" coveredmethods="0"/>
      </file>
      <file name="interests.service.ts" path="/Users/MKNOPKE/projects/testing/vibe_coding/TravelGuideApp/src/services/interests.service.ts">
        <metrics statements="27" coveredstatements="27" conditionals="6" coveredconditionals="6" methods="13" coveredmethods="13"/>
        <line num="13" count="10" type="stmt"/>
        <line num="14" count="10" type="cond" truecount="2" falsecount="0"/>
        <line num="21" count="8" type="stmt"/>
        <line num="28" count="3" type="stmt"/>
        <line num="29" count="3" type="cond" truecount="2" falsecount="0"/>
        <line num="30" count="2" type="stmt"/>
        <line num="31" count="2" type="stmt"/>
        <line num="32" count="2" type="stmt"/>
        <line num="34" count="1" type="stmt"/>
        <line num="41" count="3" type="stmt"/>
        <line num="42" count="5" type="stmt"/>
        <line num="43" count="3" type="stmt"/>
        <line num="44" count="3" type="stmt"/>
        <line num="51" count="1" type="stmt"/>
        <line num="58" count="5" type="stmt"/>
        <line num="59" count="5" type="stmt"/>
        <line num="60" count="40" type="stmt"/>
        <line num="61" count="9" type="cond" truecount="2" falsecount="0"/>
        <line num="62" count="7" type="stmt"/>
        <line num="65" count="5" type="stmt"/>
        <line num="72" count="2" type="stmt"/>
        <line num="76" count="7" type="stmt"/>
        <line num="82" count="7" type="stmt"/>
        <line num="83" count="7" type="stmt"/>
        <line num="84" count="7" type="stmt"/>
        <line num="85" count="1" type="stmt"/>
        <line num="86" count="1" type="stmt"/>
      </file>
      <file name="location.service.ts" path="/Users/MKNOPKE/projects/testing/vibe_coding/TravelGuideApp/src/services/location.service.ts">
        <metrics statements="86" coveredstatements="72" conditionals="87" coveredconditionals="52" methods="10" coveredmethods="10"/>
        <line num="12" count="9" type="stmt"/>
        <line num="13" count="9" type="stmt"/>
        <line num="18" count="9" type="stmt"/>
        <line num="19" count="9" type="stmt"/>
        <line num="20" count="9" type="stmt"/>
        <line num="22" count="9" type="cond" truecount="2" falsecount="0"/>
        <line num="23" count="3" type="stmt"/>
        <line num="32" count="9" type="stmt"/>
        <line num="34" count="0" type="stmt"/>
        <line num="41" count="0" type="stmt"/>
        <line num="49" count="3" type="stmt"/>
        <line num="50" count="3" type="stmt"/>
        <line num="51" count="3" type="cond" truecount="2" falsecount="0"/>
        <line num="53" count="1" type="stmt"/>
        <line num="56" count="2" type="stmt"/>
        <line num="57" count="1" type="stmt"/>
        <line num="59" count="1" type="stmt"/>
        <line num="66" count="1" type="stmt"/>
        <line num="77" count="4" type="stmt"/>
        <line num="78" count="4" type="stmt"/>
        <line num="79" count="4" type="cond" truecount="2" falsecount="0"/>
        <line num="81" count="1" type="stmt"/>
        <line num="84" count="3" type="stmt"/>
        <line num="93" count="1" type="stmt"/>
        <line num="100" count="1" type="stmt"/>
        <line num="108" count="5" type="stmt"/>
        <line num="109" count="5" type="stmt"/>
        <line num="121" count="4" type="cond" truecount="2" falsecount="0"/>
        <line num="122" count="3" type="stmt"/>
        <line num="125" count="3" type="cond" truecount="6" falsecount="0"/>
        <line num="132" count="3" type="stmt"/>
        <line num="142" count="1" type="stmt"/>
        <line num="144" count="1" type="cond" truecount="1" falsecount="1"/>
        <line num="145" count="0" type="cond" truecount="0" falsecount="4"/>
        <line num="146" count="0" type="stmt"/>
        <line num="153" count="0" type="cond" truecount="0" falsecount="2"/>
        <line num="154" count="0" type="stmt"/>
        <line num="162" count="0" type="stmt"/>
        <line num="171" count="1" type="stmt"/>
        <line num="179" count="1" type="stmt"/>
        <line num="187" count="4" type="stmt"/>
        <line num="188" count="4" type="stmt"/>
        <line num="200" count="3" type="cond" truecount="4" falsecount="0"/>
        <line num="201" count="1" type="stmt"/>
        <line num="202" count="1" type="stmt"/>
        <line num="208" count="2" type="stmt"/>
        <line num="210" count="1" type="cond" truecount="1" falsecount="1"/>
        <line num="211" count="0" type="cond" truecount="0" falsecount="4"/>
        <line num="212" count="0" type="stmt"/>
        <line num="219" count="0" type="cond" truecount="0" falsecount="2"/>
        <line num="220" count="0" type="stmt"/>
        <line num="228" count="0" type="stmt"/>
        <line num="237" count="1" type="stmt"/>
        <line num="245" count="1" type="stmt"/>
        <line num="253" count="8" type="stmt"/>
        <line num="254" count="8" type="stmt"/>
        <line num="256" count="8" type="cond" truecount="2" falsecount="0"/>
        <line num="257" count="7" type="stmt"/>
        <line num="258" count="7" type="stmt"/>
        <line num="261" count="8" type="stmt"/>
        <line num="272" count="10" type="cond" truecount="4" falsecount="0"/>
        <line num="273" count="2" type="stmt"/>
        <line num="276" count="8" type="stmt"/>
        <line num="278" count="8" type="stmt"/>
        <line num="280" count="8" type="stmt"/>
        <line num="294" count="6" type="cond" truecount="4" falsecount="0"/>
        <line num="295" count="1" type="stmt"/>
        <line num="299" count="5" type="stmt"/>
        <line num="300" count="2" type="cond" truecount="1" falsecount="1"/>
        <line num="303" count="2" type="cond" truecount="1" falsecount="5"/>
        <line num="311" count="2" type="stmt"/>
        <line num="312" count="2" type="cond" truecount="1" falsecount="1"/>
        <line num="313" count="2" type="cond" truecount="1" falsecount="1"/>
        <line num="314" count="2" type="stmt"/>
        <line num="316" count="2" type="stmt"/>
        <line num="330" count="2" type="cond" truecount="1" falsecount="1"/>
        <line num="331" count="2" type="cond" truecount="4" falsecount="0"/>
        <line num="332" count="1" type="stmt"/>
        <line num="339" count="1" type="cond" truecount="1" falsecount="1"/>
        <line num="340" count="1" type="stmt"/>
        <line num="348" count="0" type="stmt"/>
        <line num="357" count="0" type="stmt"/>
        <line num="365" count="2" type="stmt"/>
        <line num="375" count="3" type="stmt"/>
        <line num="376" count="3" type="stmt"/>
        <line num="378" count="3" type="stmt"/>
      </file>
      <file name="openai.service.ts" path="/Users/MKNOPKE/projects/testing/vibe_coding/TravelGuideApp/src/services/openai.service.ts">
        <metrics statements="71" coveredstatements="54" conditionals="62" coveredconditionals="29" methods="13" coveredmethods="13"/>
        <line num="22" count="7" type="stmt"/>
        <line num="24" count="7" type="cond" truecount="4" falsecount="0"/>
        <line num="25" count="2" type="stmt"/>
        <line num="28" count="5" type="stmt"/>
        <line num="29" count="13" type="stmt"/>
        <line num="30" count="5" type="stmt"/>
        <line num="32" count="5" type="cond" truecount="1" falsecount="1"/>
        <line num="34" count="5" type="stmt"/>
        <line num="45" count="5" type="cond" truecount="1" falsecount="1"/>
        <line num="47" count="5" type="stmt"/>
        <line num="72" count="4" type="stmt"/>
        <line num="73" count="4" type="stmt"/>
        <line num="75" count="4" type="stmt"/>
        <line num="77" count="1" type="cond" truecount="1" falsecount="1"/>
        <line num="78" count="0" type="cond" truecount="0" falsecount="4"/>
        <line num="79" count="0" type="stmt"/>
        <line num="86" count="0" type="cond" truecount="0" falsecount="2"/>
        <line num="87" count="0" type="stmt"/>
        <line num="94" count="0" type="cond" truecount="0" falsecount="4"/>
        <line num="95" count="0" type="stmt"/>
        <line num="102" count="0" type="cond" truecount="0" falsecount="2"/>
        <line num="103" count="0" type="stmt"/>
        <line num="111" count="0" type="stmt"/>
        <line num="120" count="1" type="stmt"/>
        <line num="128" count="1" type="stmt"/>
        <line num="133" count="14" type="stmt"/>
        <line num="137" count="13" type="cond" truecount="2" falsecount="0"/>
        <line num="138" count="11" type="stmt"/>
        <line num="145" count="4" type="stmt"/>
        <line num="146" count="4" type="stmt"/>
        <line num="148" count="4" type="cond" truecount="2" falsecount="0"/>
        <line num="149" count="1" type="stmt"/>
        <line num="150" count="1" type="cond" truecount="1" falsecount="1"/>
        <line num="151" count="1" type="stmt"/>
        <line num="155" count="4" type="stmt"/>
        <line num="157" count="1" type="stmt"/>
        <line num="158" count="1" type="stmt"/>
        <line num="169" count="4" type="stmt"/>
        <line num="170" count="10" type="stmt"/>
        <line num="171" count="10" type="stmt"/>
        <line num="183" count="7" type="stmt"/>
        <line num="185" count="7" type="cond" truecount="2" falsecount="0"/>
        <line num="186" count="1" type="stmt"/>
        <line num="189" count="6" type="stmt"/>
        <line num="190" count="6" type="cond" truecount="1" falsecount="1"/>
        <line num="192" count="6" type="stmt"/>
        <line num="203" count="6" type="cond" truecount="1" falsecount="1"/>
        <line num="205" count="6" type="stmt"/>
        <line num="230" count="2" type="stmt"/>
        <line num="232" count="4" type="cond" truecount="1" falsecount="1"/>
        <line num="233" count="0" type="cond" truecount="0" falsecount="4"/>
        <line num="234" count="0" type="stmt"/>
        <line num="241" count="0" type="cond" truecount="0" falsecount="2"/>
        <line num="242" count="0" type="stmt"/>
        <line num="249" count="0" type="cond" truecount="0" falsecount="4"/>
        <line num="250" count="0" type="stmt"/>
        <line num="257" count="0" type="cond" truecount="0" falsecount="2"/>
        <line num="258" count="0" type="stmt"/>
        <line num="267" count="4" type="stmt"/>
        <line num="275" count="4" type="cond" truecount="2" falsecount="0"/>
        <line num="276" count="1" type="stmt"/>
        <line num="279" count="3" type="cond" truecount="2" falsecount="0"/>
        <line num="280" count="1" type="stmt"/>
        <line num="283" count="2" type="cond" truecount="2" falsecount="0"/>
        <line num="290" count="1" type="stmt"/>
        <line num="291" count="1" type="stmt"/>
        <line num="298" count="1" type="stmt"/>
        <line num="299" count="1" type="stmt"/>
        <line num="303" count="7" type="stmt"/>
        <line num="308" count="7" type="cond" truecount="0" falsecount="1"/>
        <line num="309" count="1" type="stmt"/>
      </file>
      <file name="storage.service.ts" path="/Users/MKNOPKE/projects/testing/vibe_coding/TravelGuideApp/src/services/storage.service.ts">
        <metrics statements="37" coveredstatements="35" conditionals="14" coveredconditionals="10" methods="8" coveredmethods="8"/>
        <line num="15" count="8" type="stmt"/>
        <line num="16" count="8" type="stmt"/>
        <line num="17" count="6" type="cond" truecount="2" falsecount="0"/>
        <line num="19" count="2" type="stmt"/>
        <line num="26" count="2" type="stmt"/>
        <line num="34" count="4" type="stmt"/>
        <line num="35" count="4" type="stmt"/>
        <line num="36" count="3" type="stmt"/>
        <line num="38" count="1" type="stmt"/>
        <line num="45" count="1" type="stmt"/>
        <line num="53" count="3" type="stmt"/>
        <line num="54" count="3" type="stmt"/>
        <line num="55" count="2" type="stmt"/>
        <line num="57" count="1" type="stmt"/>
        <line num="64" count="1" type="stmt"/>
        <line num="72" count="4" type="stmt"/>
        <line num="73" count="4" type="stmt"/>
        <line num="74" count="4" type="cond" truecount="2" falsecount="0"/>
        <line num="76" count="2" type="stmt"/>
        <line num="77" count="2" type="cond" truecount="2" falsecount="0"/>
        <line num="78" count="1" type="stmt"/>
        <line num="79" count="1" type="stmt"/>
        <line num="82" count="1" type="stmt"/>
        <line num="85" count="0" type="stmt"/>
        <line num="91" count="0" type="stmt"/>
        <line num="99" count="1" type="stmt"/>
        <line num="104" count="1" type="stmt"/>
        <line num="111" count="2" type="stmt"/>
        <line num="112" count="2" type="stmt"/>
        <line num="113" count="1" type="stmt"/>
        <line num="115" count="1" type="stmt"/>
        <line num="122" count="1" type="stmt"/>
        <line num="127" count="11" type="stmt"/>
        <line num="132" count="11" type="stmt"/>
        <line num="133" count="1" type="stmt"/>
        <line num="134" count="11" type="stmt"/>
        <line num="135" count="1" type="stmt"/>
      </file>
      <file name="wiki.service.ts" path="/Users/MKNOPKE/projects/testing/vibe_coding/TravelGuideApp/src/services/wiki.service.ts">
        <metrics statements="58" coveredstatements="56" conditionals="54" coveredconditionals="44" methods="6" coveredmethods="6"/>
        <line num="15" count="14" type="stmt"/>
        <line num="16" count="14" type="stmt"/>
        <line num="19" count="14" type="stmt"/>
        <line num="24" count="14" type="stmt"/>
        <line num="41" count="10" type="stmt"/>
        <line num="42" count="10" type="stmt"/>
        <line num="45" count="10" type="cond" truecount="2" falsecount="0"/>
        <line num="46" count="4" type="stmt"/>
        <line num="48" count="4" type="cond" truecount="2" falsecount="0"/>
        <line num="50" count="2" type="stmt"/>
        <line num="67" count="2" type="stmt"/>
        <line num="68" count="2" type="stmt"/>
        <line num="70" count="2" type="cond" truecount="2" falsecount="0"/>
        <line num="71" count="1" type="stmt"/>
        <line num="72" count="1" type="stmt"/>
        <line num="86" count="3" type="stmt"/>
        <line num="98" count="6" type="stmt"/>
        <line num="99" count="6" type="stmt"/>
        <line num="110" count="4" type="cond" truecount="2" falsecount="0"/>
        <line num="111" count="3" type="cond" truecount="4" falsecount="0"/>
        <line num="112" count="1" type="stmt"/>
        <line num="119" count="1" type="stmt"/>
        <line num="129" count="2" type="cond" truecount="2" falsecount="0"/>
        <line num="130" count="1" type="stmt"/>
        <line num="137" count="1" type="stmt"/>
        <line num="148" count="1" type="stmt"/>
        <line num="155" count="1" type="stmt"/>
        <line num="167" count="1" type="stmt"/>
        <line num="174" count="1" type="stmt"/>
        <line num="192" count="8" type="stmt"/>
        <line num="193" count="8" type="stmt"/>
        <line num="195" count="8" type="stmt"/>
        <line num="208" count="7" type="cond" truecount="3" falsecount="1"/>
        <line num="209" count="6" type="stmt"/>
        <line num="216" count="0" type="stmt"/>
        <line num="218" count="2" type="cond" truecount="2" falsecount="0"/>
        <line num="219" count="1" type="cond" truecount="3" falsecount="1"/>
        <line num="220" count="0" type="stmt"/>
        <line num="227" count="1" type="cond" truecount="1" falsecount="1"/>
        <line num="228" count="1" type="stmt"/>
        <line num="237" count="2" type="stmt"/>
        <line num="245" count="6" type="stmt"/>
        <line num="246" count="6" type="stmt"/>
        <line num="248" count="6" type="stmt"/>
        <line num="263" count="5" type="stmt"/>
        <line num="264" count="5" type="cond" truecount="1" falsecount="1"/>
        <line num="265" count="5" type="stmt"/>
        <line num="266" count="5" type="cond" truecount="4" falsecount="0"/>
        <line num="267" count="1" type="stmt"/>
        <line num="271" count="2" type="stmt"/>
        <line num="274" count="3" type="cond" truecount="3" falsecount="1"/>
        <line num="275" count="3" type="stmt"/>
        <line num="281" count="3" type="stmt"/>
        <line num="286" count="7" type="stmt"/>
        <line num="291" count="7" type="cond" truecount="1" falsecount="0"/>
        <line num="292" count="1" type="stmt"/>
        <line num="293" count="7" type="stmt"/>
        <line num="294" count="1" type="stmt"/>
      </file>
    </package>
    <package name="src.utils">
      <metrics statements="12" coveredstatements="12" conditionals="5" coveredconditionals="5" methods="2" coveredmethods="2"/>
      <file name="distance.ts" path="/Users/MKNOPKE/projects/testing/vibe_coding/TravelGuideApp/src/utils/distance.ts">
        <metrics statements="12" coveredstatements="12" conditionals="5" coveredconditionals="5" methods="2" coveredmethods="2"/>
        <line num="9" count="9" type="stmt"/>
        <line num="13" count="57" type="stmt"/>
        <line num="14" count="57" type="stmt"/>
        <line num="15" count="57" type="stmt"/>
        <line num="16" count="57" type="stmt"/>
        <line num="17" count="57" type="stmt"/>
        <line num="20" count="57" type="stmt"/>
        <line num="22" count="57" type="stmt"/>
        <line num="24" count="57" type="stmt"/>
        <line num="30" count="9" type="stmt"/>
        <line num="35" count="13" type="cond" truecount="2" falsecount="0"/>
        <line num="37" count="12" type="stmt"/>
      </file>
    </package>
  </project>
</coverage>
