{"/Users/MKNOPKE/projects/testing/vibe_coding/TravelGuideApp/src/App.tsx": {"path":"/Users/MKNOPKE/projects/testing/vibe_coding/TravelGuideApp/src/App.tsx","statementMap":{"0":{"start":{"line":20,"column":14},"end":{"line":20,"column":56}},"1":{"start":{"line":21,"column":12},"end":{"line":21,"column":52}},"2":{"start":{"line":23,"column":27},"end":{"line":68,"column":1}},"3":{"start":{"line":24,"column":16},"end":{"line":24,"column":32}},"4":{"start":{"line":26,"column":2},"end":{"line":67,"column":4}},"5":{"start":{"line":39,"column":28},"end":{"line":39,"column":68}},"6":{"start":{"line":47,"column":28},"end":{"line":47,"column":69}},"7":{"start":{"line":55,"column":28},"end":{"line":55,"column":68}},"8":{"start":{"line":63,"column":28},"end":{"line":63,"column":68}},"9":{"start":{"line":70,"column":22},"end":{"line":106,"column":1}},"10":{"start":{"line":71,"column":16},"end":{"line":71,"column":32}},"11":{"start":{"line":73,"column":2},"end":{"line":105,"column":4}}},"fnMap":{"0":{"name":"(anonymous_0)","decl":{"start":{"line":23,"column":27},"end":{"line":23,"column":28}},"loc":{"start":{"line":23,"column":33},"end":{"line":68,"column":1}},"line":23},"1":{"name":"(anonymous_1)","decl":{"start":{"line":39,"column":22},"end":{"line":39,"column":23}},"loc":{"start":{"line":39,"column":28},"end":{"line":39,"column":68}},"line":39},"2":{"name":"(anonymous_2)","decl":{"start":{"line":47,"column":22},"end":{"line":47,"column":23}},"loc":{"start":{"line":47,"column":28},"end":{"line":47,"column":69}},"line":47},"3":{"name":"(anonymous_3)","decl":{"start":{"line":55,"column":22},"end":{"line":55,"column":23}},"loc":{"start":{"line":55,"column":28},"end":{"line":55,"column":68}},"line":55},"4":{"name":"(anonymous_4)","decl":{"start":{"line":63,"column":22},"end":{"line":63,"column":23}},"loc":{"start":{"line":63,"column":28},"end":{"line":63,"column":68}},"line":63},"5":{"name":"(anonymous_5)","decl":{"start":{"line":70,"column":22},"end":{"line":70,"column":23}},"loc":{"start":{"line":70,"column":28},"end":{"line":106,"column":1}},"line":70}},"branchMap":{},"s":{"0":0,"1":0,"2":0,"3":0,"4":0,"5":0,"6":0,"7":0,"8":0,"9":0,"10":0,"11":0},"f":{"0":0,"1":0,"2":0,"3":0,"4":0,"5":0},"b":{}}
,"/Users/MKNOPKE/projects/testing/vibe_coding/TravelGuideApp/src/components/LocationSearchBar.tsx": {"path":"/Users/MKNOPKE/projects/testing/vibe_coding/TravelGuideApp/src/components/LocationSearchBar.tsx","statementMap":{"0":{"start":{"line":22,"column":67},"end":{"line":155,"column":1}},"1":{"start":{"line":27,"column":16},"end":{"line":27,"column":32}},"2":{"start":{"line":36,"column":6},"end":{"line":36,"column":25}},"3":{"start":{"line":38,"column":19},"end":{"line":38,"column":42}},"4":{"start":{"line":39,"column":23},"end":{"line":39,"column":110}},"5":{"start":{"line":41,"column":29},"end":{"line":45,"column":3}},"6":{"start":{"line":42,"column":4},"end":{"line":42,"column":25}},"7":{"start":{"line":43,"column":4},"end":{"line":43,"column":29}},"8":{"start":{"line":44,"column":4},"end":{"line":44,"column":23}},"9":{"start":{"line":47,"column":28},"end":{"line":50,"column":3}},"10":{"start":{"line":48,"column":4},"end":{"line":48,"column":18}},"11":{"start":{"line":49,"column":4},"end":{"line":49,"column":23}},"12":{"start":{"line":52,"column":23},"end":{"line":65,"column":3}},"13":{"start":{"line":53,"column":4},"end":{"line":64,"column":23}},"14":{"start":{"line":55,"column":21},"end":{"line":55,"column":45}},"15":{"start":{"line":67,"column":27},"end":{"line":94,"column":3}},"16":{"start":{"line":68,"column":4},"end":{"line":75,"column":5}},"17":{"start":{"line":69,"column":6},"end":{"line":74,"column":8}},"18":{"start":{"line":77,"column":4},"end":{"line":83,"column":5}},"19":{"start":{"line":78,"column":6},"end":{"line":82,"column":8}},"20":{"start":{"line":85,"column":4},"end":{"line":91,"column":5}},"21":{"start":{"line":86,"column":6},"end":{"line":90,"column":8}},"22":{"start":{"line":93,"column":4},"end":{"line":93,"column":16}},"23":{"start":{"line":96,"column":2},"end":{"line":154,"column":4}},"24":{"start":{"line":142,"column":40},"end":{"line":142,"column":47}},"25":{"start":{"line":157,"column":15},"end":{"line":258,"column":2}}},"fnMap":{"0":{"name":"(anonymous_0)","decl":{"start":{"line":22,"column":67},"end":{"line":22,"column":68}},"loc":{"start":{"line":26,"column":6},"end":{"line":155,"column":1}},"line":26},"1":{"name":"(anonymous_1)","decl":{"start":{"line":41,"column":29},"end":{"line":41,"column":30}},"loc":{"start":{"line":41,"column":55},"end":{"line":45,"column":3}},"line":41},"2":{"name":"(anonymous_2)","decl":{"start":{"line":47,"column":28},"end":{"line":47,"column":29}},"loc":{"start":{"line":47,"column":34},"end":{"line":50,"column":3}},"line":47},"3":{"name":"(anonymous_3)","decl":{"start":{"line":52,"column":23},"end":{"line":52,"column":24}},"loc":{"start":{"line":53,"column":4},"end":{"line":64,"column":23}},"line":53},"4":{"name":"(anonymous_4)","decl":{"start":{"line":55,"column":15},"end":{"line":55,"column":16}},"loc":{"start":{"line":55,"column":21},"end":{"line":55,"column":45}},"line":55},"5":{"name":"(anonymous_5)","decl":{"start":{"line":67,"column":27},"end":{"line":67,"column":28}},"loc":{"start":{"line":67,"column":33},"end":{"line":94,"column":3}},"line":67},"6":{"name":"(anonymous_6)","decl":{"start":{"line":142,"column":30},"end":{"line":142,"column":31}},"loc":{"start":{"line":142,"column":40},"end":{"line":142,"column":47}},"line":142}},"branchMap":{"0":{"loc":{"start":{"line":25,"column":2},"end":{"line":25,"column":19}},"type":"default-arg","locations":[{"start":{"line":25,"column":14},"end":{"line":25,"column":19}}],"line":25},"1":{"loc":{"start":{"line":39,"column":23},"end":{"line":39,"column":110}},"type":"binary-expr","locations":[{"start":{"line":39,"column":23},"end":{"line":39,"column":41}},{"start":{"line":39,"column":45},"end":{"line":39,"column":52}},{"start":{"line":39,"column":57},"end":{"line":39,"column":73}},{"start":{"line":39,"column":77},"end":{"line":39,"column":85}},{"start":{"line":39,"column":89},"end":{"line":39,"column":109}}],"line":39},"2":{"loc":{"start":{"line":60,"column":9},"end":{"line":62,"column":9}},"type":"binary-expr","locations":[{"start":{"line":60,"column":9},"end":{"line":60,"column":27}},{"start":{"line":61,"column":10},"end":{"line":61,"column":74}}],"line":60},"3":{"loc":{"start":{"line":68,"column":4},"end":{"line":75,"column":5}},"type":"if","locations":[{"start":{"line":68,"column":4},"end":{"line":75,"column":5}},{"start":{},"end":{}}],"line":68},"4":{"loc":{"start":{"line":77,"column":4},"end":{"line":83,"column":5}},"type":"if","locations":[{"start":{"line":77,"column":4},"end":{"line":83,"column":5}},{"start":{},"end":{}}],"line":77},"5":{"loc":{"start":{"line":77,"column":8},"end":{"line":77,"column":58}},"type":"binary-expr","locations":[{"start":{"line":77,"column":8},"end":{"line":77,"column":24}},{"start":{"line":77,"column":28},"end":{"line":77,"column":48}},{"start":{"line":77,"column":52},"end":{"line":77,"column":58}}],"line":77},"6":{"loc":{"start":{"line":85,"column":4},"end":{"line":91,"column":5}},"type":"if","locations":[{"start":{"line":85,"column":4},"end":{"line":91,"column":5}},{"start":{},"end":{}}],"line":85},"7":{"loc":{"start":{"line":103,"column":23},"end":{"line":103,"column":68}},"type":"binary-expr","locations":[{"start":{"line":103,"column":23},"end":{"line":103,"column":34}},{"start":{"line":103,"column":38},"end":{"line":103,"column":68}}],"line":103},"8":{"loc":{"start":{"line":112,"column":9},"end":{"line":120,"column":9}},"type":"binary-expr","locations":[{"start":{"line":112,"column":9},"end":{"line":112,"column":25}},{"start":{"line":113,"column":10},"end":{"line":119,"column":29}}],"line":112},"9":{"loc":{"start":{"line":121,"column":9},"end":{"line":127,"column":9}},"type":"binary-expr","locations":[{"start":{"line":121,"column":9},"end":{"line":121,"column":16}},{"start":{"line":122,"column":10},"end":{"line":126,"column":12}}],"line":121},"10":{"loc":{"start":{"line":130,"column":7},"end":{"line":152,"column":7}},"type":"binary-expr","locations":[{"start":{"line":130,"column":7},"end":{"line":130,"column":19}},{"start":{"line":131,"column":8},"end":{"line":151,"column":15}}],"line":130},"11":{"loc":{"start":{"line":132,"column":11},"end":{"line":150,"column":11}},"type":"cond-expr","locations":[{"start":{"line":133,"column":12},"end":{"line":147,"column":15}},{"start":{"line":149,"column":12},"end":{"line":149,"column":30}}],"line":132}},"s":{"0":1,"1":19,"2":19,"3":19,"4":19,"5":19,"6":1,"7":1,"8":1,"9":19,"10":2,"11":2,"12":19,"13":9,"14":1,"15":19,"16":6,"17":2,"18":4,"19":3,"20":1,"21":1,"22":0,"23":19,"24":14,"25":1},"f":{"0":19,"1":1,"2":2,"3":9,"4":1,"5":6,"6":14},"b":{"0":[18],"1":[19,14,12,4,4],"2":[9,8],"3":[2,4],"4":[3,1],"5":[4,4,4],"6":[1,0],"7":[19,18],"8":[19,11],"9":[19,2],"10":[19,11],"11":[5,6]},"_coverageSchema":"1a1c01bbd47fc00a2c39e90264f33305004495a9","hash":"2a6314866b8673044974dcd5aec117490b5b0c9c"}
,"/Users/MKNOPKE/projects/testing/vibe_coding/TravelGuideApp/src/config/i18n.ts": {"path":"/Users/MKNOPKE/projects/testing/vibe_coding/TravelGuideApp/src/config/i18n.ts","statementMap":{"0":{"start":{"line":4,"column":18},"end":{"line":221,"column":10}},"1":{"start":{"line":223,"column":0},"end":{"line":231,"column":3}}},"fnMap":{},"branchMap":{},"s":{"0":0,"1":0},"f":{},"b":{}}
,"/Users/MKNOPKE/projects/testing/vibe_coding/TravelGuideApp/src/config/index.ts": {"path":"/Users/MKNOPKE/projects/testing/vibe_coding/TravelGuideApp/src/config/index.ts","statementMap":{"0":{"start":{"line":13,"column":26},"end":{"line":13,"column":33}},"1":{"start":{"line":14,"column":4},"end":{"line":14,"column":67}},"2":{"start":{"line":18,"column":4},"end":{"line":18,"column":42}},"3":{"start":{"line":22,"column":18},"end":{"line":22,"column":33}}},"fnMap":{"0":{"name":"(anonymous_0)","decl":{"start":{"line":11,"column":2},"end":{"line":11,"column":3}},"loc":{"start":{"line":11,"column":16},"end":{"line":15,"column":3}},"line":11},"1":{"name":"(anonymous_1)","decl":{"start":{"line":17,"column":2},"end":{"line":17,"column":3}},"loc":{"start":{"line":17,"column":34},"end":{"line":19,"column":3}},"line":17}},"branchMap":{"0":{"loc":{"start":{"line":14,"column":18},"end":{"line":14,"column":66}},"type":"cond-expr","locations":[{"start":{"line":14,"column":34},"end":{"line":14,"column":47}},{"start":{"line":14,"column":50},"end":{"line":14,"column":66}}],"line":14}},"s":{"0":7,"1":7,"2":0,"3":7},"f":{"0":7,"1":0},"b":{"0":[7,0]},"_coverageSchema":"1a1c01bbd47fc00a2c39e90264f33305004495a9","hash":"e626fa7089e0170edf69bccc212275448f5a8709"}
,"/Users/MKNOPKE/projects/testing/vibe_coding/TravelGuideApp/src/hooks/index.ts": {"path":"/Users/MKNOPKE/projects/testing/vibe_coding/TravelGuideApp/src/hooks/index.ts","statementMap":{},"fnMap":{},"branchMap":{},"s":{},"f":{},"b":{},"_coverageSchema":"1a1c01bbd47fc00a2c39e90264f33305004495a9","hash":"6d3e5614d6f4fb4877724ed3b656707cd89aeae1"}
,"/Users/MKNOPKE/projects/testing/vibe_coding/TravelGuideApp/src/hooks/useAttractions.ts": {"path":"/Users/MKNOPKE/projects/testing/vibe_coding/TravelGuideApp/src/hooks/useAttractions.ts","statementMap":{"0":{"start":{"line":16,"column":30},"end":{"line":104,"column":1}},"1":{"start":{"line":17,"column":40},"end":{"line":17,"column":66}},"2":{"start":{"line":18,"column":32},"end":{"line":18,"column":47}},"3":{"start":{"line":19,"column":28},"end":{"line":19,"column":57}},"4":{"start":{"line":21,"column":26},"end":{"line":55,"column":8}},"5":{"start":{"line":22,"column":4},"end":{"line":22,"column":21}},"6":{"start":{"line":23,"column":4},"end":{"line":23,"column":19}},"7":{"start":{"line":25,"column":4},"end":{"line":54,"column":5}},"8":{"start":{"line":26,"column":28},"end":{"line":26,"column":65}},"9":{"start":{"line":29,"column":21},"end":{"line":32,"column":7}},"10":{"start":{"line":34,"column":6},"end":{"line":38,"column":7}},"11":{"start":{"line":35,"column":8},"end":{"line":35,"column":31}},"12":{"start":{"line":36,"column":8},"end":{"line":36,"column":26}},"13":{"start":{"line":37,"column":8},"end":{"line":37,"column":15}},"14":{"start":{"line":41,"column":21},"end":{"line":41,"column":79}},"15":{"start":{"line":42,"column":6},"end":{"line":42,"column":29}},"16":{"start":{"line":45,"column":6},"end":{"line":49,"column":7}},"17":{"start":{"line":46,"column":8},"end":{"line":46,"column":65}},"18":{"start":{"line":48,"column":8},"end":{"line":48,"column":86}},"19":{"start":{"line":51,"column":6},"end":{"line":51,"column":60}},"20":{"start":{"line":53,"column":6},"end":{"line":53,"column":24}},"21":{"start":{"line":57,"column":31},"end":{"line":74,"column":3}},"22":{"start":{"line":62,"column":4},"end":{"line":73,"column":5}},"23":{"start":{"line":63,"column":25},"end":{"line":66,"column":7}},"24":{"start":{"line":67,"column":21},"end":{"line":67,"column":71}},"25":{"start":{"line":68,"column":6},"end":{"line":68,"column":29}},"26":{"start":{"line":69,"column":6},"end":{"line":69,"column":84}},"27":{"start":{"line":71,"column":6},"end":{"line":71,"column":52}},"28":{"start":{"line":72,"column":6},"end":{"line":72,"column":93}},"29":{"start":{"line":76,"column":30},"end":{"line":95,"column":19}},"30":{"start":{"line":77,"column":4},"end":{"line":77,"column":41}},"31":{"start":{"line":77,"column":34},"end":{"line":77,"column":41}},"32":{"start":{"line":79,"column":4},"end":{"line":79,"column":21}},"33":{"start":{"line":80,"column":4},"end":{"line":94,"column":5}},"34":{"start":{"line":81,"column":28},"end":{"line":81,"column":65}},"35":{"start":{"line":82,"column":6},"end":{"line":89,"column":7}},"36":{"start":{"line":83,"column":27},"end":{"line":86,"column":9}},"37":{"start":{"line":87,"column":23},"end":{"line":87,"column":73}},"38":{"start":{"line":88,"column":8},"end":{"line":88,"column":31}},"39":{"start":{"line":91,"column":6},"end":{"line":91,"column":50}},"40":{"start":{"line":93,"column":6},"end":{"line":93,"column":24}},"41":{"start":{"line":97,"column":2},"end":{"line":103,"column":4}}},"fnMap":{"0":{"name":"(anonymous_0)","decl":{"start":{"line":16,"column":30},"end":{"line":16,"column":31}},"loc":{"start":{"line":16,"column":58},"end":{"line":104,"column":1}},"line":16},"1":{"name":"(anonymous_1)","decl":{"start":{"line":21,"column":38},"end":{"line":21,"column":39}},"loc":{"start":{"line":21,"column":74},"end":{"line":55,"column":3}},"line":21},"2":{"name":"(anonymous_2)","decl":{"start":{"line":57,"column":31},"end":{"line":57,"column":32}},"loc":{"start":{"line":61,"column":7},"end":{"line":74,"column":3}},"line":61},"3":{"name":"(anonymous_3)","decl":{"start":{"line":76,"column":42},"end":{"line":76,"column":43}},"loc":{"start":{"line":76,"column":54},"end":{"line":95,"column":3}},"line":76}},"branchMap":{"0":{"loc":{"start":{"line":34,"column":6},"end":{"line":38,"column":7}},"type":"if","locations":[{"start":{"line":34,"column":6},"end":{"line":38,"column":7}},{"start":{},"end":{}}],"line":34},"1":{"loc":{"start":{"line":45,"column":6},"end":{"line":49,"column":7}},"type":"if","locations":[{"start":{"line":45,"column":6},"end":{"line":49,"column":7}},{"start":{"line":47,"column":13},"end":{"line":49,"column":7}}],"line":45},"2":{"loc":{"start":{"line":51,"column":15},"end":{"line":51,"column":58}},"type":"binary-expr","locations":[{"start":{"line":51,"column":15},"end":{"line":51,"column":26}},{"start":{"line":51,"column":30},"end":{"line":51,"column":58}}],"line":51},"3":{"loc":{"start":{"line":77,"column":4},"end":{"line":77,"column":41}},"type":"if","locations":[{"start":{"line":77,"column":4},"end":{"line":77,"column":41}},{"start":{},"end":{}}],"line":77},"4":{"loc":{"start":{"line":82,"column":6},"end":{"line":89,"column":7}},"type":"if","locations":[{"start":{"line":82,"column":6},"end":{"line":89,"column":7}},{"start":{},"end":{}}],"line":82}},"s":{"0":4,"1":29,"2":29,"3":29,"4":29,"5":12,"6":12,"7":12,"8":12,"9":12,"10":12,"11":1,"12":1,"13":1,"14":11,"15":9,"16":9,"17":2,"18":7,"19":2,"20":12,"21":29,"22":2,"23":2,"24":1,"25":1,"26":1,"27":1,"28":1,"29":29,"30":4,"31":1,"32":3,"33":3,"34":3,"35":3,"36":2,"37":1,"38":1,"39":1,"40":3,"41":29},"f":{"0":29,"1":12,"2":2,"3":4},"b":{"0":[1,11],"1":[2,7],"2":[2,0],"3":[1,3],"4":[2,1]},"_coverageSchema":"1a1c01bbd47fc00a2c39e90264f33305004495a9","hash":"75e997084e654f9b97409ef977a44b210d56be4d"}
,"/Users/MKNOPKE/projects/testing/vibe_coding/TravelGuideApp/src/hooks/useFavorites.ts": {"path":"/Users/MKNOPKE/projects/testing/vibe_coding/TravelGuideApp/src/hooks/useFavorites.ts","statementMap":{"0":{"start":{"line":19,"column":28},"end":{"line":79,"column":1}},"1":{"start":{"line":20,"column":36},"end":{"line":20,"column":62}},"2":{"start":{"line":21,"column":40},"end":{"line":21,"column":81}},"3":{"start":{"line":22,"column":32},"end":{"line":22,"column":46}},"4":{"start":{"line":24,"column":24},"end":{"line":35,"column":8}},"5":{"start":{"line":25,"column":4},"end":{"line":25,"column":21}},"6":{"start":{"line":26,"column":4},"end":{"line":34,"column":5}},"7":{"start":{"line":27,"column":19},"end":{"line":27,"column":56}},"8":{"start":{"line":28,"column":6},"end":{"line":28,"column":25}},"9":{"start":{"line":29,"column":6},"end":{"line":29,"column":51}},"10":{"start":{"line":29,"column":43},"end":{"line":29,"column":47}},"11":{"start":{"line":31,"column":6},"end":{"line":31,"column":55}},"12":{"start":{"line":33,"column":6},"end":{"line":33,"column":24}},"13":{"start":{"line":37,"column":2},"end":{"line":39,"column":22}},"14":{"start":{"line":38,"column":4},"end":{"line":38,"column":20}},"15":{"start":{"line":41,"column":22},"end":{"line":45,"column":8}},"16":{"start":{"line":42,"column":25},"end":{"line":42,"column":71}},"17":{"start":{"line":43,"column":4},"end":{"line":43,"column":31}},"18":{"start":{"line":44,"column":4},"end":{"line":44,"column":57}},"19":{"start":{"line":44,"column":49},"end":{"line":44,"column":53}},"20":{"start":{"line":47,"column":25},"end":{"line":51,"column":8}},"21":{"start":{"line":48,"column":25},"end":{"line":48,"column":76}},"22":{"start":{"line":49,"column":4},"end":{"line":49,"column":31}},"23":{"start":{"line":50,"column":4},"end":{"line":50,"column":57}},"24":{"start":{"line":50,"column":49},"end":{"line":50,"column":53}},"25":{"start":{"line":53,"column":25},"end":{"line":62,"column":3}},"26":{"start":{"line":55,"column":6},"end":{"line":59,"column":7}},"27":{"start":{"line":56,"column":8},"end":{"line":56,"column":44}},"28":{"start":{"line":58,"column":8},"end":{"line":58,"column":38}},"29":{"start":{"line":64,"column":21},"end":{"line":67,"column":3}},"30":{"start":{"line":65,"column":39},"end":{"line":65,"column":68}},"31":{"start":{"line":69,"column":2},"end":{"line":78,"column":4}}},"fnMap":{"0":{"name":"(anonymous_0)","decl":{"start":{"line":19,"column":28},"end":{"line":19,"column":29}},"loc":{"start":{"line":19,"column":54},"end":{"line":79,"column":1}},"line":19},"1":{"name":"(anonymous_1)","decl":{"start":{"line":24,"column":36},"end":{"line":24,"column":37}},"loc":{"start":{"line":24,"column":48},"end":{"line":35,"column":3}},"line":24},"2":{"name":"(anonymous_2)","decl":{"start":{"line":29,"column":38},"end":{"line":29,"column":39}},"loc":{"start":{"line":29,"column":43},"end":{"line":29,"column":47}},"line":29},"3":{"name":"(anonymous_3)","decl":{"start":{"line":37,"column":12},"end":{"line":37,"column":13}},"loc":{"start":{"line":37,"column":18},"end":{"line":39,"column":3}},"line":37},"4":{"name":"(anonymous_4)","decl":{"start":{"line":41,"column":34},"end":{"line":41,"column":35}},"loc":{"start":{"line":41,"column":68},"end":{"line":45,"column":3}},"line":41},"5":{"name":"(anonymous_5)","decl":{"start":{"line":44,"column":44},"end":{"line":44,"column":45}},"loc":{"start":{"line":44,"column":49},"end":{"line":44,"column":53}},"line":44},"6":{"name":"(anonymous_6)","decl":{"start":{"line":47,"column":37},"end":{"line":47,"column":38}},"loc":{"start":{"line":47,"column":78},"end":{"line":51,"column":3}},"line":47},"7":{"name":"(anonymous_7)","decl":{"start":{"line":50,"column":44},"end":{"line":50,"column":45}},"loc":{"start":{"line":50,"column":49},"end":{"line":50,"column":53}},"line":50},"8":{"name":"(anonymous_8)","decl":{"start":{"line":54,"column":4},"end":{"line":54,"column":5}},"loc":{"start":{"line":54,"column":38},"end":{"line":60,"column":5}},"line":54},"9":{"name":"(anonymous_9)","decl":{"start":{"line":65,"column":4},"end":{"line":65,"column":5}},"loc":{"start":{"line":65,"column":39},"end":{"line":65,"column":68}},"line":65}},"branchMap":{"0":{"loc":{"start":{"line":55,"column":6},"end":{"line":59,"column":7}},"type":"if","locations":[{"start":{"line":55,"column":6},"end":{"line":59,"column":7}},{"start":{"line":57,"column":13},"end":{"line":59,"column":7}}],"line":55}},"s":{"0":4,"1":31,"2":31,"3":31,"4":31,"5":13,"6":13,"7":13,"8":12,"9":12,"10":14,"11":1,"12":13,"13":31,"14":12,"15":31,"16":3,"17":3,"18":3,"19":4,"20":31,"21":3,"22":3,"23":3,"24":1,"25":31,"26":2,"27":1,"28":1,"29":31,"30":3,"31":31},"f":{"0":31,"1":13,"2":14,"3":12,"4":3,"5":4,"6":3,"7":1,"8":2,"9":3},"b":{"0":[1,1]},"_coverageSchema":"1a1c01bbd47fc00a2c39e90264f33305004495a9","hash":"328baa07e849afe735e55affdcbc305ad7507b8e"}
,"/Users/MKNOPKE/projects/testing/vibe_coding/TravelGuideApp/src/hooks/useLocation.ts": {"path":"/Users/MKNOPKE/projects/testing/vibe_coding/TravelGuideApp/src/hooks/useLocation.ts","statementMap":{"0":{"start":{"line":19,"column":27},"end":{"line":99,"column":1}},"1":{"start":{"line":20,"column":34},"end":{"line":20,"column":68}},"2":{"start":{"line":21,"column":34},"end":{"line":21,"column":65}},"3":{"start":{"line":22,"column":32},"end":{"line":22,"column":46}},"4":{"start":{"line":23,"column":28},"end":{"line":23,"column":57}},"5":{"start":{"line":24,"column":36},"end":{"line":24,"column":68}},"6":{"start":{"line":26,"column":23},"end":{"line":61,"column":8}},"7":{"start":{"line":27,"column":4},"end":{"line":27,"column":21}},"8":{"start":{"line":28,"column":4},"end":{"line":28,"column":19}},"9":{"start":{"line":29,"column":4},"end":{"line":29,"column":30}},"10":{"start":{"line":31,"column":4},"end":{"line":60,"column":5}},"11":{"start":{"line":33,"column":25},"end":{"line":33,"column":75}},"12":{"start":{"line":34,"column":6},"end":{"line":39,"column":7}},"13":{"start":{"line":35,"column":8},"end":{"line":35,"column":42}},"14":{"start":{"line":36,"column":8},"end":{"line":36,"column":47}},"15":{"start":{"line":37,"column":8},"end":{"line":37,"column":26}},"16":{"start":{"line":38,"column":8},"end":{"line":38,"column":15}},"17":{"start":{"line":41,"column":30},"end":{"line":41,"column":72}},"18":{"start":{"line":42,"column":6},"end":{"line":54,"column":7}},"19":{"start":{"line":43,"column":23},"end":{"line":46,"column":9}},"20":{"start":{"line":47,"column":8},"end":{"line":47,"column":28}},"21":{"start":{"line":48,"column":8},"end":{"line":48,"column":31}},"22":{"start":{"line":50,"column":21},"end":{"line":50,"column":65}},"23":{"start":{"line":51,"column":8},"end":{"line":51,"column":26}},"24":{"start":{"line":53,"column":8},"end":{"line":53,"column":36}},"25":{"start":{"line":56,"column":6},"end":{"line":56,"column":56}},"26":{"start":{"line":57,"column":6},"end":{"line":57,"column":34}},"27":{"start":{"line":59,"column":6},"end":{"line":59,"column":24}},"28":{"start":{"line":63,"column":2},"end":{"line":89,"column":37}},"29":{"start":{"line":64,"column":4},"end":{"line":64,"column":19}},"30":{"start":{"line":66,"column":4},"end":{"line":66,"column":32}},"31":{"start":{"line":66,"column":25},"end":{"line":66,"column":32}},"32":{"start":{"line":68,"column":61},"end":{"line":68,"column":65}},"33":{"start":{"line":70,"column":26},"end":{"line":82,"column":5}},"34":{"start":{"line":71,"column":6},"end":{"line":81,"column":9}},"35":{"start":{"line":72,"column":26},"end":{"line":75,"column":9}},"36":{"start":{"line":77,"column":8},"end":{"line":80,"column":9}},"37":{"start":{"line":78,"column":10},"end":{"line":78,"column":33}},"38":{"start":{"line":79,"column":10},"end":{"line":79,"column":70}},"39":{"start":{"line":84,"column":4},"end":{"line":84,"column":20}},"40":{"start":{"line":86,"column":4},"end":{"line":88,"column":6}},"41":{"start":{"line":87,"column":6},"end":{"line":87,"column":29}},"42":{"start":{"line":91,"column":2},"end":{"line":98,"column":4}}},"fnMap":{"0":{"name":"(anonymous_0)","decl":{"start":{"line":19,"column":27},"end":{"line":19,"column":28}},"loc":{"start":{"line":19,"column":82},"end":{"line":99,"column":1}},"line":19},"1":{"name":"(anonymous_1)","decl":{"start":{"line":26,"column":35},"end":{"line":26,"column":36}},"loc":{"start":{"line":26,"column":47},"end":{"line":61,"column":3}},"line":26},"2":{"name":"(anonymous_2)","decl":{"start":{"line":63,"column":12},"end":{"line":63,"column":13}},"loc":{"start":{"line":63,"column":18},"end":{"line":89,"column":3}},"line":63},"3":{"name":"(anonymous_3)","decl":{"start":{"line":70,"column":26},"end":{"line":70,"column":27}},"loc":{"start":{"line":70,"column":38},"end":{"line":82,"column":5}},"line":70},"4":{"name":"(anonymous_4)","decl":{"start":{"line":71,"column":57},"end":{"line":71,"column":58}},"loc":{"start":{"line":71,"column":74},"end":{"line":81,"column":7}},"line":71},"5":{"name":"(anonymous_5)","decl":{"start":{"line":86,"column":11},"end":{"line":86,"column":12}},"loc":{"start":{"line":86,"column":17},"end":{"line":88,"column":5}},"line":86}},"branchMap":{"0":{"loc":{"start":{"line":19,"column":28},"end":{"line":19,"column":58}},"type":"default-arg","locations":[{"start":{"line":19,"column":54},"end":{"line":19,"column":58}}],"line":19},"1":{"loc":{"start":{"line":34,"column":6},"end":{"line":39,"column":7}},"type":"if","locations":[{"start":{"line":34,"column":6},"end":{"line":39,"column":7}},{"start":{},"end":{}}],"line":34},"2":{"loc":{"start":{"line":42,"column":6},"end":{"line":54,"column":7}},"type":"if","locations":[{"start":{"line":42,"column":6},"end":{"line":54,"column":7}},{"start":{"line":52,"column":13},"end":{"line":54,"column":7}}],"line":42},"3":{"loc":{"start":{"line":56,"column":15},"end":{"line":56,"column":54}},"type":"binary-expr","locations":[{"start":{"line":56,"column":15},"end":{"line":56,"column":26}},{"start":{"line":56,"column":30},"end":{"line":56,"column":54}}],"line":56},"4":{"loc":{"start":{"line":66,"column":4},"end":{"line":66,"column":32}},"type":"if","locations":[{"start":{"line":66,"column":4},"end":{"line":66,"column":32}},{"start":{},"end":{}}],"line":66},"5":{"loc":{"start":{"line":77,"column":8},"end":{"line":80,"column":9}},"type":"if","locations":[{"start":{"line":77,"column":8},"end":{"line":80,"column":9}},{"start":{},"end":{}}],"line":77}},"s":{"0":4,"1":38,"2":38,"3":38,"4":38,"5":38,"6":38,"7":19,"8":19,"9":19,"10":19,"11":19,"12":19,"13":1,"14":1,"15":1,"16":1,"17":18,"18":15,"19":13,"20":13,"21":13,"22":13,"23":13,"24":2,"25":3,"26":3,"27":19,"28":38,"29":17,"30":17,"31":3,"32":14,"33":14,"34":14,"35":2,"36":2,"37":1,"38":1,"39":14,"40":14,"41":14,"42":38},"f":{"0":38,"1":19,"2":17,"3":14,"4":2,"5":14},"b":{"0":[18],"1":[1,18],"2":[13,2],"3":[3,0],"4":[3,14],"5":[1,1]},"_coverageSchema":"1a1c01bbd47fc00a2c39e90264f33305004495a9","hash":"9308bdae8eab5587e9f3177b1839d984aa7387ee"}
,"/Users/MKNOPKE/projects/testing/vibe_coding/TravelGuideApp/src/hooks/useLocationSearch.ts": {"path":"/Users/MKNOPKE/projects/testing/vibe_coding/TravelGuideApp/src/hooks/useLocationSearch.ts","statementMap":{"0":{"start":{"line":10,"column":28},"end":{"line":16,"column":4}},"1":{"start":{"line":18,"column":27},"end":{"line":18,"column":54}},"2":{"start":{"line":19,"column":29},"end":{"line":19,"column":65}},"3":{"start":{"line":24,"column":19},"end":{"line":57,"column":18}},"4":{"start":{"line":25,"column":4},"end":{"line":30,"column":8}},"5":{"start":{"line":25,"column":22},"end":{"line":30,"column":5}},"6":{"start":{"line":33,"column":4},"end":{"line":35,"column":5}},"7":{"start":{"line":34,"column":6},"end":{"line":34,"column":45}},"8":{"start":{"line":38,"column":4},"end":{"line":40,"column":5}},"9":{"start":{"line":39,"column":6},"end":{"line":39,"column":41}},"10":{"start":{"line":43,"column":4},"end":{"line":51,"column":5}},"11":{"start":{"line":44,"column":6},"end":{"line":49,"column":10}},"12":{"start":{"line":44,"column":24},"end":{"line":49,"column":7}},"13":{"start":{"line":50,"column":6},"end":{"line":50,"column":13}},"14":{"start":{"line":54,"column":4},"end":{"line":56,"column":19}},"15":{"start":{"line":55,"column":6},"end":{"line":55,"column":27}},"16":{"start":{"line":62,"column":24},"end":{"line":92,"column":3}},"17":{"start":{"line":63,"column":4},"end":{"line":65,"column":5}},"18":{"start":{"line":64,"column":6},"end":{"line":64,"column":13}},"19":{"start":{"line":67,"column":4},"end":{"line":91,"column":5}},"20":{"start":{"line":68,"column":6},"end":{"line":68,"column":57}},"21":{"start":{"line":70,"column":22},"end":{"line":70,"column":76}},"22":{"start":{"line":72,"column":6},"end":{"line":77,"column":10}},"23":{"start":{"line":72,"column":24},"end":{"line":77,"column":7}},"24":{"start":{"line":80,"column":6},"end":{"line":90,"column":7}},"25":{"start":{"line":81,"column":8},"end":{"line":89,"column":12}},"26":{"start":{"line":81,"column":26},"end":{"line":89,"column":9}},"27":{"start":{"line":97,"column":23},"end":{"line":104,"column":8}},"28":{"start":{"line":98,"column":4},"end":{"line":103,"column":8}},"29":{"start":{"line":98,"column":22},"end":{"line":103,"column":5}},"30":{"start":{"line":109,"column":22},"end":{"line":124,"column":8}},"31":{"start":{"line":110,"column":4},"end":{"line":112,"column":5}},"32":{"start":{"line":111,"column":6},"end":{"line":111,"column":45}},"33":{"start":{"line":113,"column":4},"end":{"line":115,"column":5}},"34":{"start":{"line":114,"column":6},"end":{"line":114,"column":41}},"35":{"start":{"line":117,"column":4},"end":{"line":123,"column":7}},"36":{"start":{"line":129,"column":30},"end":{"line":135,"column":28}},"37":{"start":{"line":130,"column":4},"end":{"line":132,"column":5}},"38":{"start":{"line":131,"column":6},"end":{"line":131,"column":18}},"39":{"start":{"line":134,"column":4},"end":{"line":134,"column":74}},"40":{"start":{"line":138,"column":2},"end":{"line":147,"column":9}},"41":{"start":{"line":139,"column":4},"end":{"line":146,"column":6}},"42":{"start":{"line":140,"column":6},"end":{"line":142,"column":7}},"43":{"start":{"line":141,"column":8},"end":{"line":141,"column":47}},"44":{"start":{"line":143,"column":6},"end":{"line":145,"column":7}},"45":{"start":{"line":144,"column":8},"end":{"line":144,"column":43}},"46":{"start":{"line":149,"column":2},"end":{"line":159,"column":4}}},"fnMap":{"0":{"name":"useLocationSearch","decl":{"start":{"line":9,"column":16},"end":{"line":9,"column":33}},"loc":{"start":{"line":9,"column":60},"end":{"line":160,"column":1}},"line":9},"1":{"name":"(anonymous_1)","decl":{"start":{"line":24,"column":31},"end":{"line":24,"column":32}},"loc":{"start":{"line":24,"column":50},"end":{"line":57,"column":3}},"line":24},"2":{"name":"(anonymous_2)","decl":{"start":{"line":25,"column":13},"end":{"line":25,"column":14}},"loc":{"start":{"line":25,"column":22},"end":{"line":30,"column":5}},"line":25},"3":{"name":"(anonymous_3)","decl":{"start":{"line":44,"column":15},"end":{"line":44,"column":16}},"loc":{"start":{"line":44,"column":24},"end":{"line":49,"column":7}},"line":44},"4":{"name":"(anonymous_4)","decl":{"start":{"line":54,"column":42},"end":{"line":54,"column":43}},"loc":{"start":{"line":54,"column":48},"end":{"line":56,"column":5}},"line":54},"5":{"name":"(anonymous_5)","decl":{"start":{"line":62,"column":24},"end":{"line":62,"column":25}},"loc":{"start":{"line":62,"column":49},"end":{"line":92,"column":3}},"line":62},"6":{"name":"(anonymous_6)","decl":{"start":{"line":72,"column":15},"end":{"line":72,"column":16}},"loc":{"start":{"line":72,"column":24},"end":{"line":77,"column":7}},"line":72},"7":{"name":"(anonymous_7)","decl":{"start":{"line":81,"column":17},"end":{"line":81,"column":18}},"loc":{"start":{"line":81,"column":26},"end":{"line":89,"column":9}},"line":81},"8":{"name":"(anonymous_8)","decl":{"start":{"line":97,"column":35},"end":{"line":97,"column":36}},"loc":{"start":{"line":97,"column":61},"end":{"line":104,"column":3}},"line":97},"9":{"name":"(anonymous_9)","decl":{"start":{"line":98,"column":13},"end":{"line":98,"column":14}},"loc":{"start":{"line":98,"column":22},"end":{"line":103,"column":5}},"line":98},"10":{"name":"(anonymous_10)","decl":{"start":{"line":109,"column":34},"end":{"line":109,"column":35}},"loc":{"start":{"line":109,"column":40},"end":{"line":124,"column":3}},"line":109},"11":{"name":"(anonymous_11)","decl":{"start":{"line":129,"column":42},"end":{"line":129,"column":43}},"loc":{"start":{"line":129,"column":80},"end":{"line":135,"column":3}},"line":129},"12":{"name":"(anonymous_12)","decl":{"start":{"line":138,"column":12},"end":{"line":138,"column":13}},"loc":{"start":{"line":138,"column":18},"end":{"line":147,"column":3}},"line":138},"13":{"name":"(anonymous_13)","decl":{"start":{"line":139,"column":11},"end":{"line":139,"column":12}},"loc":{"start":{"line":139,"column":17},"end":{"line":146,"column":5}},"line":139}},"branchMap":{"0":{"loc":{"start":{"line":9,"column":34},"end":{"line":9,"column":58}},"type":"default-arg","locations":[{"start":{"line":9,"column":55},"end":{"line":9,"column":58}}],"line":9},"1":{"loc":{"start":{"line":33,"column":4},"end":{"line":35,"column":5}},"type":"if","locations":[{"start":{"line":33,"column":4},"end":{"line":35,"column":5}},{"start":{},"end":{}}],"line":33},"2":{"loc":{"start":{"line":38,"column":4},"end":{"line":40,"column":5}},"type":"if","locations":[{"start":{"line":38,"column":4},"end":{"line":40,"column":5}},{"start":{},"end":{}}],"line":38},"3":{"loc":{"start":{"line":43,"column":4},"end":{"line":51,"column":5}},"type":"if","locations":[{"start":{"line":43,"column":4},"end":{"line":51,"column":5}},{"start":{},"end":{}}],"line":43},"4":{"loc":{"start":{"line":63,"column":4},"end":{"line":65,"column":5}},"type":"if","locations":[{"start":{"line":63,"column":4},"end":{"line":65,"column":5}},{"start":{},"end":{}}],"line":63},"5":{"loc":{"start":{"line":80,"column":6},"end":{"line":90,"column":7}},"type":"if","locations":[{"start":{"line":80,"column":6},"end":{"line":90,"column":7}},{"start":{},"end":{}}],"line":80},"6":{"loc":{"start":{"line":80,"column":10},"end":{"line":80,"column":63}},"type":"binary-expr","locations":[{"start":{"line":80,"column":10},"end":{"line":80,"column":32}},{"start":{"line":80,"column":36},"end":{"line":80,"column":63}}],"line":80},"7":{"loc":{"start":{"line":110,"column":4},"end":{"line":112,"column":5}},"type":"if","locations":[{"start":{"line":110,"column":4},"end":{"line":112,"column":5}},{"start":{},"end":{}}],"line":110},"8":{"loc":{"start":{"line":113,"column":4},"end":{"line":115,"column":5}},"type":"if","locations":[{"start":{"line":113,"column":4},"end":{"line":115,"column":5}},{"start":{},"end":{}}],"line":113},"9":{"loc":{"start":{"line":130,"column":4},"end":{"line":132,"column":5}},"type":"if","locations":[{"start":{"line":130,"column":4},"end":{"line":132,"column":5}},{"start":{},"end":{}}],"line":130},"10":{"loc":{"start":{"line":140,"column":6},"end":{"line":142,"column":7}},"type":"if","locations":[{"start":{"line":140,"column":6},"end":{"line":142,"column":7}},{"start":{},"end":{}}],"line":140},"11":{"loc":{"start":{"line":143,"column":6},"end":{"line":145,"column":7}},"type":"if","locations":[{"start":{"line":143,"column":6},"end":{"line":145,"column":7}},{"start":{},"end":{}}],"line":143}},"s":{"0":41,"1":41,"2":41,"3":41,"4":14,"5":14,"6":14,"7":3,"8":14,"9":1,"10":14,"11":2,"12":2,"13":2,"14":12,"15":9,"16":41,"17":9,"18":0,"19":9,"20":9,"21":9,"22":8,"23":8,"24":1,"25":1,"26":1,"27":41,"28":3,"29":3,"30":41,"31":1,"32":1,"33":1,"34":1,"35":1,"36":41,"37":2,"38":1,"39":1,"40":41,"41":15,"42":15,"43":10,"44":15,"45":8,"46":41},"f":{"0":41,"1":14,"2":14,"3":2,"4":9,"5":9,"6":8,"7":1,"8":3,"9":3,"10":1,"11":2,"12":15,"13":15},"b":{"0":[16],"1":[3,11],"2":[1,13],"3":[2,12],"4":[0,9],"5":[1,0],"6":[1,1],"7":[1,0],"8":[1,0],"9":[1,1],"10":[10,5],"11":[8,7]},"_coverageSchema":"1a1c01bbd47fc00a2c39e90264f33305004495a9","hash":"ae7c95fab9c1cf26f07aacc25a8d5bf3f57190b6"}
,"/Users/MKNOPKE/projects/testing/vibe_coding/TravelGuideApp/src/screens/DetailsScreen.tsx": {"path":"/Users/MKNOPKE/projects/testing/vibe_coding/TravelGuideApp/src/screens/DetailsScreen.tsx","statementMap":{"0":{"start":{"line":25,"column":36},"end":{"line":25,"column":48}},"1":{"start":{"line":26,"column":22},"end":{"line":26,"column":38}},"2":{"start":{"line":27,"column":46},"end":{"line":27,"column":65}},"3":{"start":{"line":28,"column":46},"end":{"line":28,"column":75}},"4":{"start":{"line":29,"column":32},"end":{"line":29,"column":46}},"5":{"start":{"line":30,"column":36},"end":{"line":30,"column":58}},"6":{"start":{"line":32,"column":2},"end":{"line":36,"column":32}},"7":{"start":{"line":33,"column":4},"end":{"line":35,"column":5}},"8":{"start":{"line":34,"column":6},"end":{"line":34,"column":17}},"9":{"start":{"line":38,"column":19},"end":{"line":81,"column":3}},"10":{"start":{"line":39,"column":4},"end":{"line":39,"column":21}},"11":{"start":{"line":40,"column":4},"end":{"line":80,"column":5}},"12":{"start":{"line":41,"column":23},"end":{"line":41,"column":59}},"13":{"start":{"line":44,"column":29},"end":{"line":44,"column":54}},"14":{"start":{"line":46,"column":30},"end":{"line":48,"column":12}},"15":{"start":{"line":51,"column":23},"end":{"line":51,"column":77}},"16":{"start":{"line":54,"column":30},"end":{"line":54,"column":69}},"17":{"start":{"line":55,"column":35},"end":{"line":57,"column":56}},"18":{"start":{"line":59,"column":40},"end":{"line":62,"column":8}},"19":{"start":{"line":64,"column":6},"end":{"line":64,"column":34}},"20":{"start":{"line":65,"column":6},"end":{"line":65,"column":39}},"21":{"start":{"line":68,"column":6},"end":{"line":70,"column":7}},"22":{"start":{"line":69,"column":8},"end":{"line":69,"column":74}},"23":{"start":{"line":73,"column":6},"end":{"line":75,"column":7}},"24":{"start":{"line":74,"column":8},"end":{"line":74,"column":27}},"25":{"start":{"line":77,"column":6},"end":{"line":77,"column":50}},"26":{"start":{"line":79,"column":6},"end":{"line":79,"column":24}},"27":{"start":{"line":83,"column":2},"end":{"line":90,"column":3}},"28":{"start":{"line":84,"column":4},"end":{"line":89,"column":6}},"29":{"start":{"line":92,"column":2},"end":{"line":164,"column":4}},"30":{"start":{"line":106,"column":25},"end":{"line":106,"column":51}},"31":{"start":{"line":114,"column":25},"end":{"line":114,"column":43}},"32":{"start":{"line":167,"column":15},"end":{"line":320,"column":2}}},"fnMap":{"0":{"name":"DetailsScreen","decl":{"start":{"line":24,"column":24},"end":{"line":24,"column":37}},"loc":{"start":{"line":24,"column":56},"end":{"line":165,"column":1}},"line":24},"1":{"name":"(anonymous_1)","decl":{"start":{"line":32,"column":12},"end":{"line":32,"column":13}},"loc":{"start":{"line":32,"column":18},"end":{"line":36,"column":3}},"line":32},"2":{"name":"(anonymous_2)","decl":{"start":{"line":38,"column":19},"end":{"line":38,"column":20}},"loc":{"start":{"line":38,"column":31},"end":{"line":81,"column":3}},"line":38},"3":{"name":"(anonymous_3)","decl":{"start":{"line":106,"column":19},"end":{"line":106,"column":20}},"loc":{"start":{"line":106,"column":25},"end":{"line":106,"column":51}},"line":106},"4":{"name":"(anonymous_4)","decl":{"start":{"line":114,"column":19},"end":{"line":114,"column":20}},"loc":{"start":{"line":114,"column":25},"end":{"line":114,"column":43}},"line":114}},"branchMap":{"0":{"loc":{"start":{"line":33,"column":4},"end":{"line":35,"column":5}},"type":"if","locations":[{"start":{"line":33,"column":4},"end":{"line":35,"column":5}},{"start":{},"end":{}}],"line":33},"1":{"loc":{"start":{"line":41,"column":23},"end":{"line":41,"column":59}},"type":"cond-expr","locations":[{"start":{"line":41,"column":48},"end":{"line":41,"column":52}},{"start":{"line":41,"column":55},"end":{"line":41,"column":59}}],"line":41},"2":{"loc":{"start":{"line":46,"column":30},"end":{"line":48,"column":12}},"type":"cond-expr","locations":[{"start":{"line":47,"column":10},"end":{"line":47,"column":134}},{"start":{"line":48,"column":10},"end":{"line":48,"column":12}}],"line":46},"3":{"loc":{"start":{"line":55,"column":35},"end":{"line":57,"column":56}},"type":"cond-expr","locations":[{"start":{"line":56,"column":10},"end":{"line":56,"column":35}},{"start":{"line":57,"column":10},"end":{"line":57,"column":56}}],"line":55},"4":{"loc":{"start":{"line":68,"column":6},"end":{"line":70,"column":7}},"type":"if","locations":[{"start":{"line":68,"column":6},"end":{"line":70,"column":7}},{"start":{},"end":{}}],"line":68},"5":{"loc":{"start":{"line":68,"column":10},"end":{"line":68,"column":36}},"type":"binary-expr","locations":[{"start":{"line":68,"column":10},"end":{"line":68,"column":19}},{"start":{"line":68,"column":23},"end":{"line":68,"column":36}}],"line":68},"6":{"loc":{"start":{"line":73,"column":6},"end":{"line":75,"column":7}},"type":"if","locations":[{"start":{"line":73,"column":6},"end":{"line":75,"column":7}},{"start":{},"end":{}}],"line":73},"7":{"loc":{"start":{"line":73,"column":10},"end":{"line":73,"column":135}},"type":"binary-expr","locations":[{"start":{"line":73,"column":10},"end":{"line":73,"column":27}},{"start":{"line":73,"column":31},"end":{"line":73,"column":83}},{"start":{"line":73,"column":87},"end":{"line":73,"column":135}}],"line":73},"8":{"loc":{"start":{"line":83,"column":2},"end":{"line":90,"column":3}},"type":"if","locations":[{"start":{"line":83,"column":2},"end":{"line":90,"column":3}},{"start":{},"end":{}}],"line":83},"9":{"loc":{"start":{"line":96,"column":9},"end":{"line":100,"column":9}},"type":"binary-expr","locations":[{"start":{"line":96,"column":9},"end":{"line":96,"column":20}},{"start":{"line":97,"column":10},"end":{"line":99,"column":17}}],"line":96},"10":{"loc":{"start":{"line":105,"column":30},"end":{"line":105,"column":76}},"type":"binary-expr","locations":[{"start":{"line":105,"column":30},"end":{"line":105,"column":56}},{"start":{"line":105,"column":60},"end":{"line":105,"column":76}}],"line":105},"11":{"loc":{"start":{"line":108,"column":40},"end":{"line":108,"column":90}},"type":"binary-expr","locations":[{"start":{"line":108,"column":40},"end":{"line":108,"column":66}},{"start":{"line":108,"column":70},"end":{"line":108,"column":90}}],"line":108},"12":{"loc":{"start":{"line":113,"column":30},"end":{"line":113,"column":68}},"type":"binary-expr","locations":[{"start":{"line":113,"column":30},"end":{"line":113,"column":48}},{"start":{"line":113,"column":52},"end":{"line":113,"column":68}}],"line":113},"13":{"loc":{"start":{"line":116,"column":40},"end":{"line":116,"column":82}},"type":"binary-expr","locations":[{"start":{"line":116,"column":40},"end":{"line":116,"column":58}},{"start":{"line":116,"column":62},"end":{"line":116,"column":82}}],"line":116},"14":{"loc":{"start":{"line":122,"column":7},"end":{"line":148,"column":7}},"type":"binary-expr","locations":[{"start":{"line":122,"column":7},"end":{"line":122,"column":33}},{"start":{"line":123,"column":8},"end":{"line":147,"column":15}}],"line":122},"15":{"loc":{"start":{"line":125,"column":11},"end":{"line":146,"column":11}},"type":"cond-expr","locations":[{"start":{"line":126,"column":12},"end":{"line":141,"column":15}},{"start":{"line":143,"column":12},"end":{"line":145,"column":19}}],"line":125},"16":{"loc":{"start":{"line":128,"column":17},"end":{"line":128,"column":70}},"type":"binary-expr","locations":[{"start":{"line":128,"column":17},"end":{"line":128,"column":39}},{"start":{"line":128,"column":43},"end":{"line":128,"column":70}}],"line":128},"17":{"loc":{"start":{"line":130,"column":15},"end":{"line":137,"column":15}},"type":"binary-expr","locations":[{"start":{"line":130,"column":15},"end":{"line":130,"column":41}},{"start":{"line":131,"column":16},"end":{"line":136,"column":23}}],"line":130},"18":{"loc":{"start":{"line":150,"column":7},"end":{"line":162,"column":7}},"type":"binary-expr","locations":[{"start":{"line":150,"column":7},"end":{"line":150,"column":25}},{"start":{"line":151,"column":8},"end":{"line":161,"column":15}}],"line":150},"19":{"loc":{"start":{"line":153,"column":11},"end":{"line":160,"column":11}},"type":"cond-expr","locations":[{"start":{"line":154,"column":12},"end":{"line":157,"column":19}},{"start":{"line":159,"column":12},"end":{"line":159,"column":72}}],"line":153}},"s":{"0":44,"1":44,"2":44,"3":44,"4":44,"5":44,"6":44,"7":20,"8":20,"9":44,"10":20,"11":20,"12":20,"13":20,"14":20,"15":20,"16":20,"17":20,"18":20,"19":18,"20":18,"21":18,"22":16,"23":18,"24":2,"25":2,"26":20,"27":44,"28":20,"29":24,"30":1,"31":2,"32":1},"f":{"0":44,"1":20,"2":20,"3":1,"4":2},"b":{"0":[20,0],"1":[20,0],"2":[1,19],"3":[2,18],"4":[16,2],"5":[18,16],"6":[2,16],"7":[18,17,16],"8":[20,24],"9":[24,3],"10":[24,20],"11":[24,20],"12":[24,4],"13":[24,4],"14":[24,20],"15":[18,2],"16":[18,1],"17":[18,17],"18":[24,4],"19":[4,0]},"_coverageSchema":"1a1c01bbd47fc00a2c39e90264f33305004495a9","hash":"c4d0708776018e53139a1a2535f50b8111f1c2b6"}
,"/Users/MKNOPKE/projects/testing/vibe_coding/TravelGuideApp/src/screens/FavoritesScreen.tsx": {"path":"/Users/MKNOPKE/projects/testing/vibe_coding/TravelGuideApp/src/screens/FavoritesScreen.tsx","statementMap":{"0":{"start":{"line":12,"column":34},"end":{"line":55,"column":1}},"1":{"start":{"line":13,"column":21},"end":{"line":13,"column":67}},"2":{"start":{"line":14,"column":16},"end":{"line":14,"column":32}},"3":{"start":{"line":15,"column":40},"end":{"line":15,"column":54}},"4":{"start":{"line":17,"column":25},"end":{"line":37,"column":3}},"5":{"start":{"line":18,"column":4},"end":{"line":36,"column":23}},"6":{"start":{"line":20,"column":21},"end":{"line":20,"column":72}},"7":{"start":{"line":30,"column":10},"end":{"line":30,"column":33}},"8":{"start":{"line":31,"column":10},"end":{"line":31,"column":31}},"9":{"start":{"line":39,"column":2},"end":{"line":54,"column":4}},"10":{"start":{"line":48,"column":32},"end":{"line":48,"column":50}},"11":{"start":{"line":57,"column":15},"end":{"line":123,"column":2}}},"fnMap":{"0":{"name":"(anonymous_0)","decl":{"start":{"line":12,"column":34},"end":{"line":12,"column":35}},"loc":{"start":{"line":12,"column":40},"end":{"line":55,"column":1}},"line":12},"1":{"name":"(anonymous_1)","decl":{"start":{"line":17,"column":25},"end":{"line":17,"column":26}},"loc":{"start":{"line":18,"column":4},"end":{"line":36,"column":23}},"line":18},"2":{"name":"(anonymous_2)","decl":{"start":{"line":20,"column":15},"end":{"line":20,"column":16}},"loc":{"start":{"line":20,"column":21},"end":{"line":20,"column":72}},"line":20},"3":{"name":"(anonymous_3)","decl":{"start":{"line":29,"column":17},"end":{"line":29,"column":18}},"loc":{"start":{"line":29,"column":24},"end":{"line":32,"column":9}},"line":29},"4":{"name":"(anonymous_4)","decl":{"start":{"line":48,"column":22},"end":{"line":48,"column":23}},"loc":{"start":{"line":48,"column":32},"end":{"line":48,"column":50}},"line":48}},"branchMap":{"0":{"loc":{"start":{"line":43,"column":55},"end":{"line":43,"column":103}},"type":"cond-expr","locations":[{"start":{"line":43,"column":80},"end":{"line":43,"column":89}},{"start":{"line":43,"column":92},"end":{"line":43,"column":103}}],"line":43}},"s":{"0":1,"1":8,"2":8,"3":8,"4":8,"5":10,"6":1,"7":2,"8":2,"9":8,"10":17,"11":1},"f":{"0":8,"1":10,"2":1,"3":2,"4":17},"b":{"0":[5,3]},"_coverageSchema":"1a1c01bbd47fc00a2c39e90264f33305004495a9","hash":"7262bee2c1540bf014e8286ced4d9782e6815bf9"}
,"/Users/MKNOPKE/projects/testing/vibe_coding/TravelGuideApp/src/screens/HomeScreen.tsx": {"path":"/Users/MKNOPKE/projects/testing/vibe_coding/TravelGuideApp/src/screens/HomeScreen.tsx","statementMap":{"0":{"start":{"line":28,"column":29},"end":{"line":316,"column":1}},"1":{"start":{"line":29,"column":21},"end":{"line":29,"column":62}},"2":{"start":{"line":30,"column":16},"end":{"line":30,"column":32}},"3":{"start":{"line":32,"column":38},"end":{"line":32,"column":53}},"4":{"start":{"line":33,"column":62},"end":{"line":33,"column":96}},"5":{"start":{"line":34,"column":50},"end":{"line":34,"column":69}},"6":{"start":{"line":35,"column":48},"end":{"line":35,"column":63}},"7":{"start":{"line":37,"column":109},"end":{"line":37,"column":126}},"8":{"start":{"line":38,"column":42},"end":{"line":38,"column":56}},"9":{"start":{"line":39,"column":72},"end":{"line":39,"column":88}},"10":{"start":{"line":41,"column":2},"end":{"line":47,"column":41}},"11":{"start":{"line":42,"column":30},"end":{"line":42,"column":64}},"12":{"start":{"line":43,"column":4},"end":{"line":46,"column":5}},"13":{"start":{"line":44,"column":6},"end":{"line":44,"column":41}},"14":{"start":{"line":45,"column":6},"end":{"line":45,"column":50}},"15":{"start":{"line":49,"column":2},"end":{"line":53,"column":20}},"16":{"start":{"line":50,"column":4},"end":{"line":52,"column":5}},"17":{"start":{"line":51,"column":6},"end":{"line":51,"column":41}},"18":{"start":{"line":55,"column":22},"end":{"line":62,"column":3}},"19":{"start":{"line":56,"column":29},"end":{"line":60,"column":5}},"20":{"start":{"line":61,"column":4},"end":{"line":61,"column":61}},"21":{"start":{"line":64,"column":31},"end":{"line":79,"column":3}},"22":{"start":{"line":65,"column":4},"end":{"line":78,"column":5}},"23":{"start":{"line":66,"column":27},"end":{"line":66,"column":75}},"24":{"start":{"line":67,"column":34},"end":{"line":70,"column":7}},"25":{"start":{"line":72,"column":6},"end":{"line":72,"column":40}},"26":{"start":{"line":73,"column":6},"end":{"line":73,"column":40}},"27":{"start":{"line":74,"column":6},"end":{"line":74,"column":36}},"28":{"start":{"line":75,"column":6},"end":{"line":75,"column":39}},"29":{"start":{"line":77,"column":6},"end":{"line":77,"column":61}},"30":{"start":{"line":81,"column":20},"end":{"line":87,"column":3}},"31":{"start":{"line":82,"column":4},"end":{"line":82,"column":24}},"32":{"start":{"line":83,"column":4},"end":{"line":83,"column":36}},"33":{"start":{"line":84,"column":4},"end":{"line":84,"column":30}},"34":{"start":{"line":85,"column":4},"end":{"line":85,"column":28}},"35":{"start":{"line":86,"column":4},"end":{"line":86,"column":25}},"36":{"start":{"line":89,"column":27},"end":{"line":100,"column":3}},"37":{"start":{"line":90,"column":4},"end":{"line":99,"column":5}},"38":{"start":{"line":91,"column":6},"end":{"line":91,"column":31}},"39":{"start":{"line":92,"column":6},"end":{"line":92,"column":38}},"40":{"start":{"line":93,"column":6},"end":{"line":93,"column":32}},"41":{"start":{"line":94,"column":6},"end":{"line":94,"column":30}},"42":{"start":{"line":96,"column":6},"end":{"line":96,"column":86}},"43":{"start":{"line":98,"column":6},"end":{"line":98,"column":32}},"44":{"start":{"line":102,"column":29},"end":{"line":108,"column":3}},"45":{"start":{"line":103,"column":4},"end":{"line":107,"column":5}},"46":{"start":{"line":104,"column":6},"end":{"line":104,"column":39}},"47":{"start":{"line":106,"column":6},"end":{"line":106,"column":29}},"48":{"start":{"line":110,"column":27},"end":{"line":125,"column":3}},"49":{"start":{"line":111,"column":4},"end":{"line":124,"column":5}},"50":{"start":{"line":113,"column":8},"end":{"line":113,"column":70}},"51":{"start":{"line":115,"column":8},"end":{"line":115,"column":73}},"52":{"start":{"line":117,"column":8},"end":{"line":117,"column":75}},"53":{"start":{"line":119,"column":8},"end":{"line":119,"column":80}},"54":{"start":{"line":121,"column":8},"end":{"line":121,"column":71}},"55":{"start":{"line":123,"column":8},"end":{"line":123,"column":73}},"56":{"start":{"line":127,"column":21},"end":{"line":152,"column":3}},"57":{"start":{"line":128,"column":42},"end":{"line":128,"column":46}},"58":{"start":{"line":129,"column":18},"end":{"line":129,"column":42}},"59":{"start":{"line":132,"column":4},"end":{"line":138,"column":5}},"60":{"start":{"line":133,"column":6},"end":{"line":133,"column":67}},"61":{"start":{"line":134,"column":11},"end":{"line":138,"column":5}},"62":{"start":{"line":135,"column":6},"end":{"line":135,"column":59}},"63":{"start":{"line":137,"column":6},"end":{"line":137,"column":90}},"64":{"start":{"line":140,"column":4},"end":{"line":151,"column":9}},"65":{"start":{"line":142,"column":8},"end":{"line":147,"column":9}},"66":{"start":{"line":143,"column":10},"end":{"line":143,"column":31}},"67":{"start":{"line":145,"column":25},"end":{"line":145,"column":102}},"68":{"start":{"line":146,"column":10},"end":{"line":146,"column":34}},"69":{"start":{"line":150,"column":8},"end":{"line":150,"column":61}},"70":{"start":{"line":154,"column":27},"end":{"line":209,"column":3}},"71":{"start":{"line":155,"column":4},"end":{"line":208,"column":23}},"72":{"start":{"line":160,"column":21},"end":{"line":160,"column":72}},"73":{"start":{"line":181,"column":12},"end":{"line":181,"column":35}},"74":{"start":{"line":182,"column":12},"end":{"line":182,"column":29}},"75":{"start":{"line":199,"column":12},"end":{"line":199,"column":35}},"76":{"start":{"line":200,"column":12},"end":{"line":200,"column":33}},"77":{"start":{"line":211,"column":18},"end":{"line":211,"column":55}},"78":{"start":{"line":213,"column":2},"end":{"line":315,"column":4}},"79":{"start":{"line":262,"column":34},"end":{"line":262,"column":62}},"80":{"start":{"line":263,"column":10},"end":{"line":283,"column":12}},"81":{"start":{"line":266,"column":29},"end":{"line":266,"column":91}},"82":{"start":{"line":305,"column":34},"end":{"line":305,"column":52}},"83":{"start":{"line":318,"column":15},"end":{"line":566,"column":2}}},"fnMap":{"0":{"name":"(anonymous_0)","decl":{"start":{"line":28,"column":29},"end":{"line":28,"column":30}},"loc":{"start":{"line":28,"column":35},"end":{"line":316,"column":1}},"line":28},"1":{"name":"(anonymous_1)","decl":{"start":{"line":41,"column":12},"end":{"line":41,"column":13}},"loc":{"start":{"line":41,"column":18},"end":{"line":47,"column":3}},"line":41},"2":{"name":"(anonymous_2)","decl":{"start":{"line":49,"column":12},"end":{"line":49,"column":13}},"loc":{"start":{"line":49,"column":18},"end":{"line":53,"column":3}},"line":49},"3":{"name":"(anonymous_3)","decl":{"start":{"line":55,"column":22},"end":{"line":55,"column":23}},"loc":{"start":{"line":55,"column":84},"end":{"line":62,"column":3}},"line":55},"4":{"name":"(anonymous_4)","decl":{"start":{"line":64,"column":31},"end":{"line":64,"column":32}},"loc":{"start":{"line":64,"column":63},"end":{"line":79,"column":3}},"line":64},"5":{"name":"(anonymous_5)","decl":{"start":{"line":81,"column":20},"end":{"line":81,"column":21}},"loc":{"start":{"line":81,"column":32},"end":{"line":87,"column":3}},"line":81},"6":{"name":"(anonymous_6)","decl":{"start":{"line":89,"column":27},"end":{"line":89,"column":28}},"loc":{"start":{"line":89,"column":39},"end":{"line":100,"column":3}},"line":89},"7":{"name":"(anonymous_7)","decl":{"start":{"line":102,"column":29},"end":{"line":102,"column":30}},"loc":{"start":{"line":102,"column":35},"end":{"line":108,"column":3}},"line":102},"8":{"name":"(anonymous_8)","decl":{"start":{"line":110,"column":27},"end":{"line":110,"column":28}},"loc":{"start":{"line":110,"column":33},"end":{"line":125,"column":3}},"line":110},"9":{"name":"(anonymous_9)","decl":{"start":{"line":127,"column":21},"end":{"line":127,"column":22}},"loc":{"start":{"line":127,"column":43},"end":{"line":152,"column":3}},"line":127},"10":{"name":"(anonymous_10)","decl":{"start":{"line":141,"column":12},"end":{"line":141,"column":13}},"loc":{"start":{"line":141,"column":27},"end":{"line":148,"column":7}},"line":141},"11":{"name":"(anonymous_11)","decl":{"start":{"line":149,"column":13},"end":{"line":149,"column":14}},"loc":{"start":{"line":149,"column":19},"end":{"line":151,"column":7}},"line":149},"12":{"name":"(anonymous_12)","decl":{"start":{"line":154,"column":27},"end":{"line":154,"column":28}},"loc":{"start":{"line":155,"column":4},"end":{"line":208,"column":23}},"line":155},"13":{"name":"(anonymous_13)","decl":{"start":{"line":160,"column":15},"end":{"line":160,"column":16}},"loc":{"start":{"line":160,"column":21},"end":{"line":160,"column":72}},"line":160},"14":{"name":"(anonymous_14)","decl":{"start":{"line":180,"column":19},"end":{"line":180,"column":20}},"loc":{"start":{"line":180,"column":26},"end":{"line":183,"column":11}},"line":180},"15":{"name":"(anonymous_15)","decl":{"start":{"line":198,"column":19},"end":{"line":198,"column":20}},"loc":{"start":{"line":198,"column":26},"end":{"line":201,"column":11}},"line":198},"16":{"name":"(anonymous_16)","decl":{"start":{"line":261,"column":44},"end":{"line":261,"column":45}},"loc":{"start":{"line":261,"column":50},"end":{"line":284,"column":9}},"line":261},"17":{"name":"(anonymous_17)","decl":{"start":{"line":266,"column":23},"end":{"line":266,"column":24}},"loc":{"start":{"line":266,"column":29},"end":{"line":266,"column":91}},"line":266},"18":{"name":"(anonymous_18)","decl":{"start":{"line":305,"column":24},"end":{"line":305,"column":25}},"loc":{"start":{"line":305,"column":34},"end":{"line":305,"column":52}},"line":305}},"branchMap":{"0":{"loc":{"start":{"line":42,"column":30},"end":{"line":42,"column":64}},"type":"binary-expr","locations":[{"start":{"line":42,"column":30},"end":{"line":42,"column":52}},{"start":{"line":42,"column":56},"end":{"line":42,"column":64}}],"line":42},"1":{"loc":{"start":{"line":43,"column":4},"end":{"line":46,"column":5}},"type":"if","locations":[{"start":{"line":43,"column":4},"end":{"line":46,"column":5}},{"start":{},"end":{}}],"line":43},"2":{"loc":{"start":{"line":50,"column":4},"end":{"line":52,"column":5}},"type":"if","locations":[{"start":{"line":50,"column":4},"end":{"line":52,"column":5}},{"start":{},"end":{}}],"line":50},"3":{"loc":{"start":{"line":50,"column":8},"end":{"line":50,"column":42}},"type":"binary-expr","locations":[{"start":{"line":50,"column":8},"end":{"line":50,"column":30}},{"start":{"line":50,"column":34},"end":{"line":50,"column":42}}],"line":50},"4":{"loc":{"start":{"line":96,"column":35},"end":{"line":96,"column":84}},"type":"binary-expr","locations":[{"start":{"line":96,"column":35},"end":{"line":96,"column":48}},{"start":{"line":96,"column":52},"end":{"line":96,"column":84}}],"line":96},"5":{"loc":{"start":{"line":103,"column":4},"end":{"line":107,"column":5}},"type":"if","locations":[{"start":{"line":103,"column":4},"end":{"line":107,"column":5}},{"start":{"line":105,"column":11},"end":{"line":107,"column":5}}],"line":103},"6":{"loc":{"start":{"line":111,"column":4},"end":{"line":124,"column":5}},"type":"switch","locations":[{"start":{"line":112,"column":6},"end":{"line":113,"column":70}},{"start":{"line":114,"column":6},"end":{"line":115,"column":73}},{"start":{"line":116,"column":6},"end":{"line":117,"column":75}},{"start":{"line":118,"column":6},"end":{"line":119,"column":80}},{"start":{"line":120,"column":6},"end":{"line":121,"column":71}},{"start":{"line":122,"column":6},"end":{"line":123,"column":73}}],"line":111},"7":{"loc":{"start":{"line":132,"column":4},"end":{"line":138,"column":5}},"type":"if","locations":[{"start":{"line":132,"column":4},"end":{"line":138,"column":5}},{"start":{"line":134,"column":11},"end":{"line":138,"column":5}}],"line":132},"8":{"loc":{"start":{"line":134,"column":11},"end":{"line":138,"column":5}},"type":"if","locations":[{"start":{"line":134,"column":11},"end":{"line":138,"column":5}},{"start":{"line":136,"column":11},"end":{"line":138,"column":5}}],"line":134},"9":{"loc":{"start":{"line":142,"column":8},"end":{"line":147,"column":9}},"type":"if","locations":[{"start":{"line":142,"column":8},"end":{"line":147,"column":9}},{"start":{"line":144,"column":15},"end":{"line":147,"column":9}}],"line":142},"10":{"loc":{"start":{"line":158,"column":8},"end":{"line":158,"column":93}},"type":"binary-expr","locations":[{"start":{"line":158,"column":8},"end":{"line":158,"column":67}},{"start":{"line":158,"column":71},"end":{"line":158,"column":93}}],"line":158},"11":{"loc":{"start":{"line":158,"column":9},"end":{"line":158,"column":32}},"type":"binary-expr","locations":[{"start":{"line":158,"column":9},"end":{"line":158,"column":27}},{"start":{"line":158,"column":31},"end":{"line":158,"column":32}}],"line":158},"12":{"loc":{"start":{"line":165,"column":11},"end":{"line":169,"column":11}},"type":"binary-expr","locations":[{"start":{"line":165,"column":11},"end":{"line":165,"column":70}},{"start":{"line":166,"column":12},"end":{"line":168,"column":19}}],"line":165},"13":{"loc":{"start":{"line":165,"column":12},"end":{"line":165,"column":35}},"type":"binary-expr","locations":[{"start":{"line":165,"column":12},"end":{"line":165,"column":30}},{"start":{"line":165,"column":34},"end":{"line":165,"column":35}}],"line":165},"14":{"loc":{"start":{"line":171,"column":9},"end":{"line":173,"column":9}},"type":"binary-expr","locations":[{"start":{"line":171,"column":9},"end":{"line":171,"column":28}},{"start":{"line":171,"column":32},"end":{"line":171,"column":50}},{"start":{"line":171,"column":54},"end":{"line":171,"column":105}},{"start":{"line":172,"column":10},"end":{"line":172,"column":77}}],"line":171},"15":{"loc":{"start":{"line":189,"column":9},"end":{"line":194,"column":9}},"type":"binary-expr","locations":[{"start":{"line":189,"column":9},"end":{"line":189,"column":27}},{"start":{"line":190,"column":10},"end":{"line":193,"column":17}}],"line":189},"16":{"loc":{"start":{"line":204,"column":13},"end":{"line":204,"column":51}},"type":"cond-expr","locations":[{"start":{"line":204,"column":40},"end":{"line":204,"column":44}},{"start":{"line":204,"column":47},"end":{"line":204,"column":51}}],"line":204},"17":{"loc":{"start":{"line":211,"column":18},"end":{"line":211,"column":55}},"type":"binary-expr","locations":[{"start":{"line":211,"column":18},"end":{"line":211,"column":33}},{"start":{"line":211,"column":37},"end":{"line":211,"column":55}}],"line":211},"18":{"loc":{"start":{"line":227,"column":14},"end":{"line":227,"column":88}},"type":"binary-expr","locations":[{"start":{"line":227,"column":15},"end":{"line":227,"column":30}},{"start":{"line":227,"column":34},"end":{"line":227,"column":59}},{"start":{"line":227,"column":64},"end":{"line":227,"column":88}}],"line":227},"19":{"loc":{"start":{"line":230,"column":22},"end":{"line":230,"column":66}},"type":"binary-expr","locations":[{"start":{"line":230,"column":22},"end":{"line":230,"column":37}},{"start":{"line":230,"column":41},"end":{"line":230,"column":66}}],"line":230},"20":{"loc":{"start":{"line":232,"column":13},"end":{"line":236,"column":13}},"type":"cond-expr","locations":[{"start":{"line":233,"column":14},"end":{"line":233,"column":64}},{"start":{"line":235,"column":14},"end":{"line":235,"column":58}}],"line":232},"21":{"loc":{"start":{"line":232,"column":13},"end":{"line":232,"column":57}},"type":"binary-expr","locations":[{"start":{"line":232,"column":13},"end":{"line":232,"column":28}},{"start":{"line":232,"column":32},"end":{"line":232,"column":57}}],"line":232},"22":{"loc":{"start":{"line":248,"column":9},"end":{"line":256,"column":9}},"type":"binary-expr","locations":[{"start":{"line":248,"column":9},"end":{"line":248,"column":42}},{"start":{"line":249,"column":10},"end":{"line":255,"column":29}}],"line":248},"23":{"loc":{"start":{"line":261,"column":9},"end":{"line":284,"column":12}},"type":"binary-expr","locations":[{"start":{"line":261,"column":10},"end":{"line":261,"column":26}},{"start":{"line":261,"column":30},"end":{"line":261,"column":38}},{"start":{"line":261,"column":43},"end":{"line":284,"column":12}}],"line":261},"24":{"loc":{"start":{"line":262,"column":34},"end":{"line":262,"column":62}},"type":"binary-expr","locations":[{"start":{"line":262,"column":34},"end":{"line":262,"column":50}},{"start":{"line":262,"column":54},"end":{"line":262,"column":62}}],"line":262},"25":{"loc":{"start":{"line":272,"column":17},"end":{"line":272,"column":47}},"type":"cond-expr","locations":[{"start":{"line":272,"column":36},"end":{"line":272,"column":40}},{"start":{"line":272,"column":43},"end":{"line":272,"column":47}}],"line":272},"26":{"loc":{"start":{"line":274,"column":15},"end":{"line":278,"column":15}},"type":"binary-expr","locations":[{"start":{"line":274,"column":15},"end":{"line":274,"column":36}},{"start":{"line":275,"column":16},"end":{"line":277,"column":23}}],"line":274},"27":{"loc":{"start":{"line":285,"column":9},"end":{"line":289,"column":9}},"type":"binary-expr","locations":[{"start":{"line":285,"column":9},"end":{"line":285,"column":17}},{"start":{"line":285,"column":21},"end":{"line":285,"column":30}},{"start":{"line":285,"column":34},"end":{"line":285,"column":51}},{"start":{"line":286,"column":10},"end":{"line":288,"column":17}}],"line":285},"28":{"loc":{"start":{"line":292,"column":7},"end":{"line":296,"column":7}},"type":"binary-expr","locations":[{"start":{"line":292,"column":7},"end":{"line":292,"column":20}},{"start":{"line":293,"column":8},"end":{"line":295,"column":15}}],"line":292},"29":{"loc":{"start":{"line":298,"column":7},"end":{"line":313,"column":7}},"type":"cond-expr","locations":[{"start":{"line":299,"column":8},"end":{"line":299,"column":108}},{"start":{"line":301,"column":8},"end":{"line":312,"column":10}}],"line":298},"30":{"loc":{"start":{"line":298,"column":7},"end":{"line":298,"column":29}},"type":"binary-expr","locations":[{"start":{"line":298,"column":7},"end":{"line":298,"column":14}},{"start":{"line":298,"column":18},"end":{"line":298,"column":29}}],"line":298}},"s":{"0":1,"1":27,"2":27,"3":27,"4":27,"5":27,"6":27,"7":27,"8":27,"9":27,"10":27,"11":23,"12":23,"13":14,"14":14,"15":27,"16":23,"17":14,"18":27,"19":28,"20":28,"21":27,"22":0,"23":0,"24":0,"25":0,"26":0,"27":0,"28":0,"29":0,"30":27,"31":1,"32":1,"33":1,"34":1,"35":1,"36":27,"37":2,"38":2,"39":2,"40":2,"41":2,"42":0,"43":1,"44":27,"45":1,"46":1,"47":0,"48":27,"49":81,"50":51,"51":12,"52":3,"53":6,"54":3,"55":6,"56":27,"57":0,"58":0,"59":0,"60":0,"61":0,"62":0,"63":0,"64":0,"65":0,"66":0,"67":0,"68":0,"69":0,"70":27,"71":72,"72":1,"73":0,"74":0,"75":1,"76":1,"77":27,"78":27,"79":9,"80":9,"81":1,"82":93,"83":1},"f":{"0":27,"1":23,"2":23,"3":28,"4":0,"5":1,"6":2,"7":1,"8":81,"9":0,"10":0,"11":0,"12":72,"13":1,"14":0,"15":1,"16":9,"17":1,"18":93},"b":{"0":[23,23],"1":[14,9],"2":[14,9],"3":[23,22],"4":[0,0],"5":[1,0],"6":[51,12,3,6,3,6],"7":[0,0],"8":[0,0],"9":[0,0],"10":[72,3],"11":[72,69],"12":[72,3],"13":[72,69],"14":[72,3,3,3],"15":[72,3],"16":[0,72],"17":[27,25],"18":[27,25,6],"19":[27,25],"20":[6,21],"21":[27,25],"22":[27,2],"23":[27,27,9],"24":[9,9],"25":[0,9],"26":[9,9],"27":[27,18,9,9],"28":[27,4],"29":[2,25],"30":[27,2]},"_coverageSchema":"1a1c01bbd47fc00a2c39e90264f33305004495a9","hash":"fa584df5da6c02d4044e2c3b2adfe82c4786a411"}
,"/Users/MKNOPKE/projects/testing/vibe_coding/TravelGuideApp/src/screens/MapScreen.tsx": {"path":"/Users/MKNOPKE/projects/testing/vibe_coding/TravelGuideApp/src/screens/MapScreen.tsx","statementMap":{"0":{"start":{"line":23,"column":0},"end":{"line":28,"column":1}},"1":{"start":{"line":24,"column":15},"end":{"line":24,"column":43}},"2":{"start":{"line":25,"column":2},"end":{"line":25,"column":25}},"3":{"start":{"line":26,"column":2},"end":{"line":26,"column":23}},"4":{"start":{"line":27,"column":2},"end":{"line":27,"column":41}},"5":{"start":{"line":30,"column":26},"end":{"line":30,"column":50}},"6":{"start":{"line":37,"column":16},"end":{"line":37,"column":32}},"7":{"start":{"line":38,"column":34},"end":{"line":38,"column":94}},"8":{"start":{"line":39,"column":40},"end":{"line":39,"column":66}},"9":{"start":{"line":40,"column":32},"end":{"line":40,"column":46}},"10":{"start":{"line":41,"column":54},"end":{"line":41,"column":87}},"11":{"start":{"line":42,"column":30},"end":{"line":42,"column":44}},"12":{"start":{"line":45,"column":2},"end":{"line":97,"column":4}},"13":{"start":{"line":47,"column":33},"end":{"line":69,"column":7}},"14":{"start":{"line":48,"column":8},"end":{"line":68,"column":9}},"15":{"start":{"line":49,"column":28},"end":{"line":49,"column":78}},"16":{"start":{"line":50,"column":10},"end":{"line":54,"column":11}},"17":{"start":{"line":51,"column":12},"end":{"line":51,"column":67}},"18":{"start":{"line":52,"column":12},"end":{"line":52,"column":30}},"19":{"start":{"line":53,"column":12},"end":{"line":53,"column":19}},"20":{"start":{"line":56,"column":34},"end":{"line":56,"column":76}},"21":{"start":{"line":57,"column":10},"end":{"line":57,"column":39}},"22":{"start":{"line":59,"column":25},"end":{"line":62,"column":12}},"23":{"start":{"line":63,"column":10},"end":{"line":63,"column":33}},"24":{"start":{"line":64,"column":10},"end":{"line":64,"column":28}},"25":{"start":{"line":66,"column":10},"end":{"line":66,"column":58}},"26":{"start":{"line":67,"column":10},"end":{"line":67,"column":28}},"27":{"start":{"line":71,"column":26},"end":{"line":93,"column":7}},"28":{"start":{"line":72,"column":8},"end":{"line":92,"column":9}},"29":{"start":{"line":73,"column":10},"end":{"line":73,"column":27}},"30":{"start":{"line":76,"column":28},"end":{"line":76,"column":80}},"31":{"start":{"line":78,"column":10},"end":{"line":88,"column":11}},"32":{"start":{"line":79,"column":100},"end":{"line":79,"column":121}},"33":{"start":{"line":81,"column":12},"end":{"line":81,"column":39}},"34":{"start":{"line":82,"column":12},"end":{"line":82,"column":51}},"35":{"start":{"line":83,"column":12},"end":{"line":83,"column":35}},"36":{"start":{"line":84,"column":12},"end":{"line":84,"column":30}},"37":{"start":{"line":87,"column":12},"end":{"line":87,"column":39}},"38":{"start":{"line":90,"column":10},"end":{"line":90,"column":58}},"39":{"start":{"line":91,"column":10},"end":{"line":91,"column":37}},"40":{"start":{"line":95,"column":6},"end":{"line":95,"column":20}},"41":{"start":{"line":99,"column":29},"end":{"line":121,"column":3}},"42":{"start":{"line":100,"column":4},"end":{"line":120,"column":5}},"43":{"start":{"line":101,"column":25},"end":{"line":101,"column":75}},"44":{"start":{"line":102,"column":6},"end":{"line":106,"column":7}},"45":{"start":{"line":103,"column":8},"end":{"line":103,"column":63}},"46":{"start":{"line":104,"column":8},"end":{"line":104,"column":26}},"47":{"start":{"line":105,"column":8},"end":{"line":105,"column":15}},"48":{"start":{"line":108,"column":30},"end":{"line":108,"column":72}},"49":{"start":{"line":109,"column":6},"end":{"line":109,"column":35}},"50":{"start":{"line":111,"column":21},"end":{"line":114,"column":8}},"51":{"start":{"line":115,"column":6},"end":{"line":115,"column":29}},"52":{"start":{"line":116,"column":6},"end":{"line":116,"column":24}},"53":{"start":{"line":118,"column":6},"end":{"line":118,"column":54}},"54":{"start":{"line":119,"column":6},"end":{"line":119,"column":24}},"55":{"start":{"line":123,"column":28},"end":{"line":129,"column":3}},"56":{"start":{"line":124,"column":4},"end":{"line":128,"column":5}},"57":{"start":{"line":125,"column":6},"end":{"line":125,"column":40}},"58":{"start":{"line":127,"column":6},"end":{"line":127,"column":58}},"59":{"start":{"line":131,"column":28},"end":{"line":146,"column":3}},"60":{"start":{"line":132,"column":4},"end":{"line":145,"column":5}},"61":{"start":{"line":133,"column":6},"end":{"line":141,"column":7}},"62":{"start":{"line":134,"column":8},"end":{"line":140,"column":11}},"63":{"start":{"line":143,"column":6},"end":{"line":143,"column":48}},"64":{"start":{"line":144,"column":6},"end":{"line":144,"column":57}},"65":{"start":{"line":148,"column":2},"end":{"line":155,"column":3}},"66":{"start":{"line":149,"column":4},"end":{"line":154,"column":6}},"67":{"start":{"line":157,"column":2},"end":{"line":169,"column":3}},"68":{"start":{"line":158,"column":4},"end":{"line":168,"column":6}},"69":{"start":{"line":172,"column":20},"end":{"line":177,"column":3}},"70":{"start":{"line":173,"column":4},"end":{"line":175,"column":5}},"71":{"start":{"line":174,"column":6},"end":{"line":174,"column":24}},"72":{"start":{"line":176,"column":4},"end":{"line":176,"column":15}},"73":{"start":{"line":179,"column":17},"end":{"line":179,"column":36}},"74":{"start":{"line":182,"column":2},"end":{"line":231,"column":3}},"75":{"start":{"line":183,"column":4},"end":{"line":230,"column":6}},"76":{"start":{"line":196,"column":12},"end":{"line":208,"column":31}},"77":{"start":{"line":200,"column":16},"end":{"line":200,"column":50}},"78":{"start":{"line":234,"column":2},"end":{"line":299,"column":3}},"79":{"start":{"line":235,"column":4},"end":{"line":282,"column":6}},"80":{"start":{"line":250,"column":12},"end":{"line":259,"column":14}},"81":{"start":{"line":258,"column":29},"end":{"line":258,"column":58}},"82":{"start":{"line":284,"column":4},"end":{"line":284,"column":43}},"83":{"start":{"line":285,"column":4},"end":{"line":298,"column":6}},"84":{"start":{"line":302,"column":15},"end":{"line":454,"column":2}}},"fnMap":{"0":{"name":"MapScreen","decl":{"start":{"line":36,"column":24},"end":{"line":36,"column":33}},"loc":{"start":{"line":36,"column":57},"end":{"line":300,"column":1}},"line":36},"1":{"name":"(anonymous_1)","decl":{"start":{"line":46,"column":22},"end":{"line":46,"column":23}},"loc":{"start":{"line":46,"column":28},"end":{"line":96,"column":5}},"line":46},"2":{"name":"(anonymous_2)","decl":{"start":{"line":47,"column":33},"end":{"line":47,"column":34}},"loc":{"start":{"line":47,"column":45},"end":{"line":69,"column":7}},"line":47},"3":{"name":"(anonymous_3)","decl":{"start":{"line":71,"column":26},"end":{"line":71,"column":27}},"loc":{"start":{"line":71,"column":38},"end":{"line":93,"column":7}},"line":71},"4":{"name":"(anonymous_4)","decl":{"start":{"line":99,"column":29},"end":{"line":99,"column":30}},"loc":{"start":{"line":99,"column":41},"end":{"line":121,"column":3}},"line":99},"5":{"name":"(anonymous_5)","decl":{"start":{"line":123,"column":28},"end":{"line":123,"column":29}},"loc":{"start":{"line":123,"column":56},"end":{"line":129,"column":3}},"line":123},"6":{"name":"(anonymous_6)","decl":{"start":{"line":131,"column":28},"end":{"line":131,"column":29}},"loc":{"start":{"line":131,"column":34},"end":{"line":146,"column":3}},"line":131},"7":{"name":"(anonymous_7)","decl":{"start":{"line":172,"column":20},"end":{"line":172,"column":21}},"loc":{"start":{"line":172,"column":68},"end":{"line":177,"column":3}},"line":172},"8":{"name":"(anonymous_8)","decl":{"start":{"line":195,"column":27},"end":{"line":195,"column":28}},"loc":{"start":{"line":196,"column":12},"end":{"line":208,"column":31}},"line":196},"9":{"name":"(anonymous_9)","decl":{"start":{"line":199,"column":23},"end":{"line":199,"column":24}},"loc":{"start":{"line":199,"column":29},"end":{"line":201,"column":15}},"line":199},"10":{"name":"(anonymous_10)","decl":{"start":{"line":249,"column":27},"end":{"line":249,"column":28}},"loc":{"start":{"line":250,"column":12},"end":{"line":259,"column":14}},"line":250},"11":{"name":"(anonymous_11)","decl":{"start":{"line":258,"column":23},"end":{"line":258,"column":24}},"loc":{"start":{"line":258,"column":29},"end":{"line":258,"column":58}},"line":258}},"branchMap":{"0":{"loc":{"start":{"line":23,"column":0},"end":{"line":28,"column":1}},"type":"if","locations":[{"start":{"line":23,"column":0},"end":{"line":28,"column":1}},{"start":{},"end":{}}],"line":23},"1":{"loc":{"start":{"line":50,"column":10},"end":{"line":54,"column":11}},"type":"if","locations":[{"start":{"line":50,"column":10},"end":{"line":54,"column":11}},{"start":{},"end":{}}],"line":50},"2":{"loc":{"start":{"line":78,"column":10},"end":{"line":88,"column":11}},"type":"if","locations":[{"start":{"line":78,"column":10},"end":{"line":88,"column":11}},{"start":{"line":85,"column":17},"end":{"line":88,"column":11}}],"line":78},"3":{"loc":{"start":{"line":82,"column":27},"end":{"line":82,"column":49}},"type":"binary-expr","locations":[{"start":{"line":82,"column":27},"end":{"line":82,"column":43}},{"start":{"line":82,"column":47},"end":{"line":82,"column":49}}],"line":82},"4":{"loc":{"start":{"line":102,"column":6},"end":{"line":106,"column":7}},"type":"if","locations":[{"start":{"line":102,"column":6},"end":{"line":106,"column":7}},{"start":{},"end":{}}],"line":102},"5":{"loc":{"start":{"line":133,"column":6},"end":{"line":141,"column":7}},"type":"if","locations":[{"start":{"line":133,"column":6},"end":{"line":141,"column":7}},{"start":{},"end":{}}],"line":133},"6":{"loc":{"start":{"line":148,"column":2},"end":{"line":155,"column":3}},"type":"if","locations":[{"start":{"line":148,"column":2},"end":{"line":155,"column":3}},{"start":{},"end":{}}],"line":148},"7":{"loc":{"start":{"line":157,"column":2},"end":{"line":169,"column":3}},"type":"if","locations":[{"start":{"line":157,"column":2},"end":{"line":169,"column":3}},{"start":{},"end":{}}],"line":157},"8":{"loc":{"start":{"line":173,"column":4},"end":{"line":175,"column":5}},"type":"if","locations":[{"start":{"line":173,"column":4},"end":{"line":175,"column":5}},{"start":{},"end":{}}],"line":173},"9":{"loc":{"start":{"line":182,"column":2},"end":{"line":231,"column":3}},"type":"if","locations":[{"start":{"line":182,"column":2},"end":{"line":231,"column":3}},{"start":{},"end":{}}],"line":182},"10":{"loc":{"start":{"line":211,"column":9},"end":{"line":228,"column":9}},"type":"binary-expr","locations":[{"start":{"line":211,"column":9},"end":{"line":211,"column":27}},{"start":{"line":212,"column":10},"end":{"line":227,"column":17}}],"line":211},"11":{"loc":{"start":{"line":263,"column":9},"end":{"line":280,"column":9}},"type":"binary-expr","locations":[{"start":{"line":263,"column":9},"end":{"line":263,"column":27}},{"start":{"line":264,"column":10},"end":{"line":279,"column":17}}],"line":263}},"s":{"0":1,"1":1,"2":1,"3":1,"4":1,"5":1,"6":38,"7":38,"8":38,"9":38,"10":38,"11":38,"12":38,"13":18,"14":9,"15":9,"16":6,"17":3,"18":3,"19":3,"20":3,"21":3,"22":3,"23":3,"24":3,"25":3,"26":3,"27":18,"28":18,"29":18,"30":18,"31":17,"32":9,"33":9,"34":9,"35":9,"36":9,"37":8,"38":1,"39":1,"40":18,"41":38,"42":1,"43":1,"44":1,"45":0,"46":0,"47":0,"48":1,"49":1,"50":1,"51":1,"52":1,"53":0,"54":0,"55":38,"56":1,"57":1,"58":0,"59":38,"60":1,"61":1,"62":1,"63":0,"64":0,"65":38,"66":18,"67":20,"68":6,"69":14,"70":14,"71":4,"72":10,"73":14,"74":14,"75":0,"76":0,"77":0,"78":14,"79":14,"80":42,"81":1,"82":0,"83":0,"84":1},"f":{"0":38,"1":18,"2":9,"3":18,"4":1,"5":1,"6":1,"7":14,"8":0,"9":0,"10":42,"11":1},"b":{"0":[1,0],"1":[3,3],"2":[9,8],"3":[9,0],"4":[0,1],"5":[1,0],"6":[18,20],"7":[6,14],"8":[4,10],"9":[0,14],"10":[0,0],"11":[14,1]},"_coverageSchema":"1a1c01bbd47fc00a2c39e90264f33305004495a9","hash":"44d2847f1aaeeeeb3c9d35d6a94dba349d0bb16e"}
[...]
rt":{"line":78,"column":8},"end":{"line":78,"column":31}},"22":{"start":{"line":79,"column":8},"end":{"line":79,"column":20}},"23":{"start":{"line":82,"column":6},"end":{"line":82,"column":25}},"24":{"start":{"line":85,"column":6},"end":{"line":90,"column":9}},"25":{"start":{"line":91,"column":6},"end":{"line":91,"column":18}},"26":{"start":{"line":99,"column":38},"end":{"line":103,"column":5}},"27":{"start":{"line":104,"column":4},"end":{"line":104,"column":37}},"28":{"start":{"line":111,"column":4},"end":{"line":123,"column":5}},"29":{"start":{"line":112,"column":6},"end":{"line":112,"column":33}},"30":{"start":{"line":113,"column":6},"end":{"line":113,"column":18}},"31":{"start":{"line":115,"column":6},"end":{"line":121,"column":9}},"32":{"start":{"line":122,"column":6},"end":{"line":122,"column":19}},"33":{"start":{"line":127,"column":31},"end":{"line":127,"column":51}},"34":{"start":{"line":132,"column":38},"end":{"line":133,"column":113}},"35":{"start":{"line":133,"column":2},"end":{"line":133,"column":113}},"36":{"start":{"line":134,"column":34},"end":{"line":135,"column":118}},"37":{"start":{"line":135,"column":2},"end":{"line":135,"column":118}}},"fnMap":{"0":{"name":"(anonymous_0)","decl":{"start":{"line":14,"column":2},"end":{"line":14,"column":3}},"loc":{"start":{"line":14,"column":47},"end":{"line":28,"column":3}},"line":14},"1":{"name":"(anonymous_1)","decl":{"start":{"line":33,"column":2},"end":{"line":33,"column":3}},"loc":{"start":{"line":33,"column":56},"end":{"line":47,"column":3}},"line":33},"2":{"name":"(anonymous_2)","decl":{"start":{"line":52,"column":2},"end":{"line":52,"column":3}},"loc":{"start":{"line":52,"column":46},"end":{"line":66,"column":3}},"line":52},"3":{"name":"(anonymous_3)","decl":{"start":{"line":71,"column":2},"end":{"line":71,"column":3}},"loc":{"start":{"line":71,"column":53},"end":{"line":93,"column":3}},"line":71},"4":{"name":"(anonymous_4)","decl":{"start":{"line":98,"column":2},"end":{"line":98,"column":3}},"loc":{"start":{"line":98,"column":80},"end":{"line":105,"column":3}},"line":98},"5":{"name":"(anonymous_5)","decl":{"start":{"line":110,"column":2},"end":{"line":110,"column":3}},"loc":{"start":{"line":110,"column":34},"end":{"line":124,"column":3}},"line":110},"6":{"name":"(anonymous_6)","decl":{"start":{"line":132,"column":38},"end":{"line":132,"column":39}},"loc":{"start":{"line":133,"column":2},"end":{"line":133,"column":113}},"line":133},"7":{"name":"(anonymous_7)","decl":{"start":{"line":134,"column":34},"end":{"line":134,"column":35}},"loc":{"start":{"line":135,"column":2},"end":{"line":135,"column":118}},"line":135}},"branchMap":{"0":{"loc":{"start":{"line":17,"column":13},"end":{"line":17,"column":61}},"type":"cond-expr","locations":[{"start":{"line":17,"column":33},"end":{"line":17,"column":54}},{"start":{"line":17,"column":57},"end":{"line":17,"column":61}}],"line":17},"1":{"loc":{"start":{"line":24,"column":15},"end":{"line":24,"column":72}},"type":"cond-expr","locations":[{"start":{"line":24,"column":40},"end":{"line":24,"column":45}},{"start":{"line":24,"column":48},"end":{"line":24,"column":72}}],"line":24},"2":{"loc":{"start":{"line":43,"column":15},"end":{"line":43,"column":72}},"type":"cond-expr","locations":[{"start":{"line":43,"column":40},"end":{"line":43,"column":45}},{"start":{"line":43,"column":48},"end":{"line":43,"column":72}}],"line":43},"3":{"loc":{"start":{"line":62,"column":15},"end":{"line":62,"column":72}},"type":"cond-expr","locations":[{"start":{"line":62,"column":40},"end":{"line":62,"column":45}},{"start":{"line":62,"column":48},"end":{"line":62,"column":72}}],"line":62},"4":{"loc":{"start":{"line":74,"column":6},"end":{"line":74,"column":31}},"type":"if","locations":[{"start":{"line":74,"column":6},"end":{"line":74,"column":31}},{"start":{},"end":{}}],"line":74},"5":{"loc":{"start":{"line":77,"column":6},"end":{"line":80,"column":7}},"type":"if","locations":[{"start":{"line":77,"column":6},"end":{"line":80,"column":7}},{"start":{},"end":{}}],"line":77},"6":{"loc":{"start":{"line":120,"column":15},"end":{"line":120,"column":72}},"type":"cond-expr","locations":[{"start":{"line":120,"column":40},"end":{"line":120,"column":45}},{"start":{"line":120,"column":48},"end":{"line":120,"column":72}}],"line":120}},"s":{"0":8,"1":8,"2":6,"3":2,"4":2,"5":4,"6":4,"7":3,"8":1,"9":1,"10":3,"11":3,"12":2,"13":1,"14":1,"15":4,"16":4,"17":4,"18":2,"19":2,"20":2,"21":1,"22":1,"23":1,"24":0,"25":0,"26":1,"27":1,"28":2,"29":2,"30":1,"31":1,"32":1,"33":11,"34":11,"35":1,"36":11,"37":1},"f":{"0":8,"1":4,"2":3,"3":4,"4":1,"5":2,"6":1,"7":1},"b":{"0":[4,2],"1":[2,0],"2":[1,0],"3":[1,0],"4":[2,2],"5":[1,1],"6":[1,0]},"_coverageSchema":"1a1c01bbd47fc00a2c39e90264f33305004495a9","hash":"c7d0caaa0e6fdb3334992d4891e383db0422b7e0"}
,"/Users/MKNOPKE/projects/testing/vibe_coding/TravelGuideApp/src/services/wiki.service.ts": {"path":"/Users/MKNOPKE/projects/testing/vibe_coding/TravelGuideApp/src/services/wiki.service.ts","statementMap":{"0":{"start":{"line":15,"column":4},"end":{"line":185,"column":5}},"1":{"start":{"line":16,"column":22},"end":{"line":16,"column":67}},"2":{"start":{"line":19,"column":33},"end":{"line":22,"column":15}},"3":{"start":{"line":24,"column":23},"end":{"line":39,"column":8}},"4":{"start":{"line":41,"column":20},"end":{"line":41,"column":45}},"5":{"start":{"line":42,"column":21},"end":{"line":42,"column":42}},"6":{"start":{"line":45,"column":6},"end":{"line":96,"column":7}},"7":{"start":{"line":46,"column":30},"end":{"line":46,"column":86}},"8":{"start":{"line":48,"column":8},"end":{"line":83,"column":9}},"9":{"start":{"line":50,"column":32},"end":{"line":65,"column":12}},"10":{"start":{"line":67,"column":29},"end":{"line":67,"column":59}},"11":{"start":{"line":68,"column":30},"end":{"line":68,"column":56}},"12":{"start":{"line":70,"column":10},"end":{"line":82,"column":11}},"13":{"start":{"line":71,"column":30},"end":{"line":71,"column":53}},"14":{"start":{"line":72,"column":12},"end":{"line":81,"column":14}},"15":{"start":{"line":86,"column":8},"end":{"line":95,"column":10}},"16":{"start":{"line":98,"column":19},"end":{"line":98,"column":32}},"17":{"start":{"line":99,"column":6},"end":{"line":108,"column":8}},"18":{"start":{"line":110,"column":6},"end":{"line":184,"column":7}},"19":{"start":{"line":111,"column":8},"end":{"line":165,"column":9}},"20":{"start":{"line":112,"column":10},"end":{"line":118,"column":13}},"21":{"start":{"line":119,"column":10},"end":{"line":128,"column":12}},"22":{"start":{"line":129,"column":15},"end":{"line":165,"column":9}},"23":{"start":{"line":130,"column":10},"end":{"line":136,"column":13}},"24":{"start":{"line":137,"column":10},"end":{"line":146,"column":12}},"25":{"start":{"line":148,"column":10},"end":{"line":154,"column":13}},"26":{"start":{"line":155,"column":10},"end":{"line":164,"column":12}},"27":{"start":{"line":167,"column":8},"end":{"line":173,"column":11}},"28":{"start":{"line":174,"column":8},"end":{"line":183,"column":10}},"29":{"start":{"line":192,"column":4},"end":{"line":238,"column":5}},"30":{"start":{"line":193,"column":22},"end":{"line":193,"column":67}},"31":{"start":{"line":195,"column":23},"end":{"line":206,"column":8}},"32":{"start":{"line":208,"column":6},"end":{"line":214,"column":7}},"33":{"start":{"line":209,"column":8},"end":{"line":213,"column":12}},"34":{"start":{"line":209,"column":71},"end":{"line":213,"column":9}},"35":{"start":{"line":216,"column":6},"end":{"line":216,"column":16}},"36":{"start":{"line":218,"column":6},"end":{"line":236,"column":7}},"37":{"start":{"line":219,"column":8},"end":{"line":235,"column":9}},"38":{"start":{"line":220,"column":10},"end":{"line":226,"column":13}},"39":{"start":{"line":227,"column":15},"end":{"line":235,"column":9}},"40":{"start":{"line":228,"column":10},"end":{"line":234,"column":13}},"41":{"start":{"line":237,"column":6},"end":{"line":237,"column":16}},"42":{"start":{"line":245,"column":4},"end":{"line":282,"column":5}},"43":{"start":{"line":246,"column":22},"end":{"line":246,"column":67}},"44":{"start":{"line":248,"column":23},"end":{"line":261,"column":8}},"45":{"start":{"line":263,"column":20},"end":{"line":263,"column":47}},"46":{"start":{"line":264,"column":6},"end":{"line":269,"column":7}},"47":{"start":{"line":265,"column":23},"end":{"line":265,"column":44}},"48":{"start":{"line":266,"column":8},"end":{"line":268,"column":9}},"49":{"start":{"line":267,"column":10},"end":{"line":267,"column":47}},"50":{"start":{"line":271,"column":6},"end":{"line":271,"column":18}},"51":{"start":{"line":274,"column":6},"end":{"line":280,"column":7}},"52":{"start":{"line":275,"column":8},"end":{"line":279,"column":11}},"53":{"start":{"line":281,"column":6},"end":{"line":281,"column":18}},"54":{"start":{"line":286,"column":28},"end":{"line":286,"column":45}},"55":{"start":{"line":291,"column":35},"end":{"line":292,"column":72}},"56":{"start":{"line":292,"column":2},"end":{"line":292,"column":72}},"57":{"start":{"line":293,"column":28},"end":{"line":294,"column":44}},"58":{"start":{"line":294,"column":2},"end":{"line":294,"column":44}}},"fnMap":{"0":{"name":"(anonymous_0)","decl":{"start":{"line":14,"column":2},"end":{"line":14,"column":3}},"loc":{"start":{"line":14,"column":97},"end":{"line":186,"column":3}},"line":14},"1":{"name":"(anonymous_1)","decl":{"start":{"line":191,"column":2},"end":{"line":191,"column":3}},"loc":{"start":{"line":191,"column":96},"end":{"line":239,"column":3}},"line":191},"2":{"name":"(anonymous_2)","decl":{"start":{"line":209,"column":36},"end":{"line":209,"column":37}},"loc":{"start":{"line":209,"column":71},"end":{"line":213,"column":9}},"line":209},"3":{"name":"(anonymous_3)","decl":{"start":{"line":244,"column":2},"end":{"line":244,"column":3}},"loc":{"start":{"line":244,"column":90},"end":{"line":283,"column":3}},"line":244},"4":{"name":"(anonymous_4)","decl":{"start":{"line":291,"column":35},"end":{"line":291,"column":36}},"loc":{"start":{"line":292,"column":2},"end":{"line":292,"column":72}},"line":292},"5":{"name":"(anonymous_5)","decl":{"start":{"line":293,"column":28},"end":{"line":293,"column":29}},"loc":{"start":{"line":294,"column":2},"end":{"line":294,"column":44}},"line":294}},"branchMap":{"0":{"loc":{"start":{"line":14,"column":45},"end":{"line":14,"column":70}},"type":"default-arg","locations":[{"start":{"line":14,"column":66},"end":{"line":14,"column":70}}],"line":14},"1":{"loc":{"start":{"line":45,"column":6},"end":{"line":96,"column":7}},"type":"if","locations":[{"start":{"line":45,"column":6},"end":{"line":96,"column":7}},{"start":{},"end":{}}],"line":45},"2":{"loc":{"start":{"line":48,"column":8},"end":{"line":83,"column":9}},"type":"if","locations":[{"start":{"line":48,"column":8},"end":{"line":83,"column":9}},{"start":{},"end":{}}],"line":48},"3":{"loc":{"start":{"line":70,"column":10},"end":{"line":82,"column":11}},"type":"if","locations":[{"start":{"line":70,"column":10},"end":{"line":82,"column":11}},{"start":{},"end":{}}],"line":70},"4":{"loc":{"start":{"line":74,"column":23},"end":{"line":74,"column":75}},"type":"binary-expr","locations":[{"start":{"line":74,"column":23},"end":{"line":74,"column":40}},{"start":{"line":74,"column":44},"end":{"line":74,"column":75}}],"line":74},"5":{"loc":{"start":{"line":75,"column":27},"end":{"line":80,"column":22}},"type":"cond-expr","locations":[{"start":{"line":76,"column":18},"end":{"line":79,"column":19}},{"start":{"line":80,"column":18},"end":{"line":80,"column":22}}],"line":75},"6":{"loc":{"start":{"line":101,"column":17},"end":{"line":101,"column":64}},"type":"binary-expr","locations":[{"start":{"line":101,"column":17},"end":{"line":101,"column":29}},{"start":{"line":101,"column":33},"end":{"line":101,"column":64}}],"line":101},"7":{"loc":{"start":{"line":102,"column":21},"end":{"line":107,"column":16}},"type":"cond-expr","locations":[{"start":{"line":103,"column":12},"end":{"line":106,"column":13}},{"start":{"line":107,"column":12},"end":{"line":107,"column":16}}],"line":102},"8":{"loc":{"start":{"line":110,"column":6},"end":{"line":184,"column":7}},"type":"if","locations":[{"start":{"line":110,"column":6},"end":{"line":184,"column":7}},{"start":{"line":166,"column":13},"end":{"line":184,"column":7}}],"line":110},"9":{"loc":{"start":{"line":111,"column":8},"end":{"line":165,"column":9}},"type":"if","locations":[{"start":{"line":111,"column":8},"end":{"line":165,"column":9}},{"start":{"line":129,"column":15},"end":{"line":165,"column":9}}],"line":111},"10":{"loc":{"start":{"line":111,"column":12},"end":{"line":111,"column":78}},"type":"binary-expr","locations":[{"start":{"line":111,"column":12},"end":{"line":111,"column":41}},{"start":{"line":111,"column":45},"end":{"line":111,"column":78}}],"line":111},"11":{"loc":{"start":{"line":129,"column":15},"end":{"line":165,"column":9}},"type":"if","locations":[{"start":{"line":129,"column":15},"end":{"line":165,"column":9}},{"start":{"line":147,"column":15},"end":{"line":165,"column":9}}],"line":129},"12":{"loc":{"start":{"line":172,"column":17},"end":{"line":172,"column":74}},"type":"cond-expr","locations":[{"start":{"line":172,"column":42},"end":{"line":172,"column":47}},{"start":{"line":172,"column":50},"end":{"line":172,"column":74}}],"line":172},"13":{"loc":{"start":{"line":180,"column":21},"end":{"line":180,"column":75}},"type":"cond-expr","locations":[{"start":{"line":180,"column":46},"end":{"line":180,"column":59}},{"start":{"line":180,"column":62},"end":{"line":180,"column":75}}],"line":180},"14":{"loc":{"start":{"line":191,"column":44},"end":{"line":191,"column":69}},"type":"default-arg","locations":[{"start":{"line":191,"column":65},"end":{"line":191,"column":69}}],"line":191},"15":{"loc":{"start":{"line":208,"column":6},"end":{"line":214,"column":7}},"type":"if","locations":[{"start":{"line":208,"column":6},"end":{"line":214,"column":7}},{"start":{},"end":{}}],"line":208},"16":{"loc":{"start":{"line":208,"column":10},"end":{"line":208,"column":43}},"type":"binary-expr","locations":[{"start":{"line":208,"column":10},"end":{"line":208,"column":23}},{"start":{"line":208,"column":27},"end":{"line":208,"column":43}}],"line":208},"17":{"loc":{"start":{"line":211,"column":23},"end":{"line":211,"column":70}},"type":"binary-expr","locations":[{"start":{"line":211,"column":23},"end":{"line":211,"column":46}},{"start":{"line":211,"column":50},"end":{"line":211,"column":70}}],"line":211},"18":{"loc":{"start":{"line":218,"column":6},"end":{"line":236,"column":7}},"type":"if","locations":[{"start":{"line":218,"column":6},"end":{"line":236,"column":7}},{"start":{},"end":{}}],"line":218},"19":{"loc":{"start":{"line":219,"column":8},"end":{"line":235,"column":9}},"type":"if","locations":[{"start":{"line":219,"column":8},"end":{"line":235,"column":9}},{"start":{"line":227,"column":15},"end":{"line":235,"column":9}}],"line":219},"20":{"loc":{"start":{"line":219,"column":12},"end":{"line":219,"column":78}},"type":"binary-expr","locations":[{"start":{"line":219,"column":12},"end":{"line":219,"column":41}},{"start":{"line":219,"column":45},"end":{"line":219,"column":78}}],"line":219},"21":{"loc":{"start":{"line":227,"column":15},"end":{"line":235,"column":9}},"type":"if","locations":[{"start":{"line":227,"column":15},"end":{"line":235,"column":9}},{"start":{},"end":{}}],"line":227},"22":{"loc":{"start":{"line":244,"column":39},"end":{"line":244,"column":64}},"type":"default-arg","locations":[{"start":{"line":244,"column":60},"end":{"line":244,"column":64}}],"line":244},"23":{"loc":{"start":{"line":264,"column":6},"end":{"line":269,"column":7}},"type":"if","locations":[{"start":{"line":264,"column":6},"end":{"line":269,"column":7}},{"start":{},"end":{}}],"line":264},"24":{"loc":{"start":{"line":266,"column":8},"end":{"line":268,"column":9}},"type":"if","locations":[{"start":{"line":266,"column":8},"end":{"line":268,"column":9}},{"start":{},"end":{}}],"line":266},"25":{"loc":{"start":{"line":266,"column":12},"end":{"line":266,"column":53}},"type":"binary-expr","locations":[{"start":{"line":266,"column":12},"end":{"line":266,"column":27}},{"start":{"line":266,"column":31},"end":{"line":266,"column":53}}],"line":266},"26":{"loc":{"start":{"line":274,"column":6},"end":{"line":280,"column":7}},"type":"if","locations":[{"start":{"line":274,"column":6},"end":{"line":280,"column":7}},{"start":{},"end":{}}],"line":274},"27":{"loc":{"start":{"line":274,"column":10},"end":{"line":274,"column":54}},"type":"binary-expr","locations":[{"start":{"line":274,"column":10},"end":{"line":274,"column":35}},{"start":{"line":274,"column":39},"end":{"line":274,"column":54}}],"line":274},"28":{"loc":{"start":{"line":291,"column":54},"end":{"line":291,"column":77}},"type":"default-arg","locations":[{"start":{"line":291,"column":73},"end":{"line":291,"column":77}}],"line":291}},"s":{"0":14,"1":14,"2":14,"3":14,"4":10,"5":10,"6":10,"7":4,"8":4,"9":2,"10":2,"11":2,"12":2,"13":1,"14":1,"15":3,"16":6,"17":6,"18":4,"19":3,"20":1,"21":1,"22":2,"23":1,"24":1,"25":1,"26":1,"27":1,"28":1,"29":8,"30":8,"31":8,"32":7,"33":6,"34":6,"35":0,"36":2,"37":1,"38":0,"39":1,"40":1,"41":2,"42":6,"43":6,"44":6,"45":5,"46":5,"47":5,"48":5,"49":1,"50":2,"51":3,"52":3,"53":3,"54":7,"55":7,"56":1,"57":7,"58":1},"f":{"0":14,"1":8,"2":6,"3":6,"4":1,"5":1},"b":{"0":[12],"1":[4,6],"2":[2,2],"3":[1,1],"4":[1,0],"5":[0,1],"6":[6,1],"7":[1,5],"8":[3,1],"9":[1,2],"10":[3,2],"11":[1,1],"12":[1,0],"13":[1,0],"14":[3],"15":[6,0],"16":[7,6],"17":[6,0],"18":[1,1],"19":[0,1],"20":[1,1],"21":[1,0],"22":[5],"23":[5,0],"24":[1,2],"25":[5,4],"26":[3,0],"27":[3,3],"28":[1]},"_coverageSchema":"1a1c01bbd47fc00a2c39e90264f33305004495a9","hash":"376bbd71022767edb2b670810f149886d14c0626"}
,"/Users/MKNOPKE/projects/testing/vibe_coding/TravelGuideApp/src/utils/distance.ts": {"path":"/Users/MKNOPKE/projects/testing/vibe_coding/TravelGuideApp/src/utils/distance.ts","statementMap":{"0":{"start":{"line":9,"column":33},"end":{"line":25,"column":1}},"1":{"start":{"line":13,"column":12},"end":{"line":13,"column":18}},"2":{"start":{"line":14,"column":13},"end":{"line":14,"column":46}},"3":{"start":{"line":15,"column":13},"end":{"line":15,"column":46}},"4":{"start":{"line":16,"column":13},"end":{"line":16,"column":66}},"5":{"start":{"line":17,"column":13},"end":{"line":17,"column":68}},"6":{"start":{"line":20,"column":4},"end":{"line":21,"column":69}},"7":{"start":{"line":22,"column":12},"end":{"line":22,"column":58}},"8":{"start":{"line":24,"column":2},"end":{"line":24,"column":15}},"9":{"start":{"line":30,"column":38},"end":{"line":41,"column":1}},"10":{"start":{"line":35,"column":2},"end":{"line":35,"column":29}},"11":{"start":{"line":35,"column":17},"end":{"line":35,"column":29}},"12":{"start":{"line":37,"column":2},"end":{"line":40,"column":4}}},"fnMap":{"0":{"name":"(anonymous_0)","decl":{"start":{"line":9,"column":33},"end":{"line":9,"column":34}},"loc":{"start":{"line":12,"column":13},"end":{"line":25,"column":1}},"line":12},"1":{"name":"(anonymous_1)","decl":{"start":{"line":30,"column":38},"end":{"line":30,"column":39}},"loc":{"start":{"line":34,"column":14},"end":{"line":41,"column":1}},"line":34}},"branchMap":{"0":{"loc":{"start":{"line":33,"column":2},"end":{"line":33,"column":27}},"type":"default-arg","locations":[{"start":{"line":33,"column":22},"end":{"line":33,"column":27}}],"line":33},"1":{"loc":{"start":{"line":35,"column":2},"end":{"line":35,"column":29}},"type":"if","locations":[{"start":{"line":35,"column":2},"end":{"line":35,"column":29}},{"start":{},"end":{}}],"line":35},"2":{"loc":{"start":{"line":38,"column":4},"end":{"line":39,"column":65}},"type":"binary-expr","locations":[{"start":{"line":38,"column":4},"end":{"line":38,"column":63}},{"start":{"line":39,"column":4},"end":{"line":39,"column":65}}],"line":38}},"s":{"0":9,"1":57,"2":57,"3":57,"4":57,"5":57,"6":57,"7":57,"8":57,"9":9,"10":13,"11":1,"12":12},"f":{"0":57,"1":13},"b":{"0":[9],"1":[1,12],"2":[12,7]},"_coverageSchema":"1a1c01bbd47fc00a2c39e90264f33305004495a9","hash":"091fbe72b85a4a4a9e4d5fa01d3ac4b072bc0e1d"}
}
