TN:
SF:src/App.tsx
FN:23,(anonymous_0)
FN:39,(anonymous_1)
FN:47,(anonymous_2)
FN:55,(anonymous_3)
FN:63,(anonymous_4)
FN:70,(anonymous_5)
FNF:6
FNH:0
FNDA:0,(anonymous_0)
FNDA:0,(anonymous_1)
FNDA:0,(anonymous_2)
FNDA:0,(anonymous_3)
FNDA:0,(anonymous_4)
FNDA:0,(anonymous_5)
DA:20,0
DA:21,0
DA:23,0
DA:24,0
DA:26,0
DA:39,0
DA:47,0
DA:55,0
DA:63,0
DA:70,0
DA:71,0
DA:73,0
LF:12
LH:0
BRF:0
BRH:0
end_of_record
TN:
SF:src/components/LocationSearchBar.tsx
FN:22,(anonymous_0)
FN:41,(anonymous_1)
FN:47,(anonymous_2)
FN:52,(anonymous_3)
FN:55,(anonymous_4)
FN:67,(anonymous_5)
FN:142,(anonymous_6)
FNF:7
FNH:7
FNDA:19,(anonymous_0)
FNDA:1,(anonymous_1)
FNDA:2,(anonymous_2)
FNDA:9,(anonymous_3)
FNDA:1,(anonymous_4)
FNDA:6,(anonymous_5)
FNDA:14,(anonymous_6)
DA:22,1
DA:27,19
DA:36,19
DA:38,19
DA:39,19
DA:41,19
DA:42,1
DA:43,1
DA:44,1
DA:47,19
DA:48,2
DA:49,2
DA:52,19
DA:53,9
DA:55,1
DA:67,19
DA:68,6
DA:69,2
DA:77,4
DA:78,3
DA:85,1
DA:86,1
DA:93,0
DA:96,19
DA:142,14
DA:157,1
LF:26
LH:25
BRDA:25,0,0,18
BRDA:39,1,0,19
BRDA:39,1,1,14
BRDA:39,1,2,12
BRDA:39,1,3,4
BRDA:39,1,4,4
BRDA:60,2,0,9
BRDA:60,2,1,8
BRDA:68,3,0,2
BRDA:68,3,1,4
BRDA:77,4,0,3
BRDA:77,4,1,1
BRDA:77,5,0,4
BRDA:77,5,1,4
BRDA:77,5,2,4
BRDA:85,6,0,1
BRDA:85,6,1,0
BRDA:103,7,0,19
BRDA:103,7,1,18
BRDA:112,8,0,19
BRDA:112,8,1,11
BRDA:121,9,0,19
BRDA:121,9,1,2
BRDA:130,10,0,19
BRDA:130,10,1,11
BRDA:132,11,0,5
BRDA:132,11,1,6
BRF:27
BRH:26
end_of_record
TN:
SF:src/config/i18n.ts
FNF:0
FNH:0
DA:4,0
DA:223,0
LF:2
LH:0
BRF:0
BRH:0
end_of_record
TN:
SF:src/config/index.ts
FN:11,(anonymous_0)
FN:17,(anonymous_1)
FNF:2
FNH:1
FNDA:7,(anonymous_0)
FNDA:0,(anonymous_1)
DA:13,7
DA:14,7
DA:18,0
DA:22,7
LF:4
LH:3
BRDA:14,0,0,7
BRDA:14,0,1,0
BRF:2
BRH:1
end_of_record
TN:
SF:src/hooks/index.ts
FNF:0
FNH:0
LF:0
LH:0
BRF:0
BRH:0
end_of_record
TN:
SF:src/hooks/useAttractions.ts
FN:16,(anonymous_0)
FN:21,(anonymous_1)
FN:57,(anonymous_2)
FN:76,(anonymous_3)
FNF:4
FNH:4
FNDA:29,(anonymous_0)
FNDA:12,(anonymous_1)
FNDA:2,(anonymous_2)
FNDA:4,(anonymous_3)
DA:16,4
DA:17,29
DA:18,29
DA:19,29
DA:21,29
DA:22,12
DA:23,12
DA:25,12
DA:26,12
DA:29,12
DA:34,12
DA:35,1
DA:36,1
DA:37,1
DA:41,11
DA:42,9
DA:45,9
DA:46,2
DA:48,7
DA:51,2
DA:53,12
DA:57,29
DA:62,2
DA:63,2
DA:67,1
DA:68,1
DA:69,1
DA:71,1
DA:72,1
DA:76,29
DA:77,4
DA:79,3
DA:80,3
DA:81,3
DA:82,3
DA:83,2
DA:87,1
DA:88,1
DA:91,1
DA:93,3
DA:97,29
LF:41
LH:41
BRDA:34,0,0,1
BRDA:34,0,1,11
BRDA:45,1,0,2
BRDA:45,1,1,7
BRDA:51,2,0,2
BRDA:51,2,1,0
BRDA:77,3,0,1
BRDA:77,3,1,3
BRDA:82,4,0,2
BRDA:82,4,1,1
BRF:10
BRH:9
end_of_record
TN:
SF:src/hooks/useFavorites.ts
FN:19,(anonymous_0)
FN:24,(anonymous_1)
FN:29,(anonymous_2)
FN:37,(anonymous_3)
FN:41,(anonymous_4)
FN:44,(anonymous_5)
FN:47,(anonymous_6)
FN:50,(anonymous_7)
FN:54,(anonymous_8)
FN:65,(anonymous_9)
FNF:10
FNH:10
FNDA:31,(anonymous_0)
FNDA:13,(anonymous_1)
FNDA:14,(anonymous_2)
FNDA:12,(anonymous_3)
FNDA:3,(anonymous_4)
FNDA:4,(anonymous_5)
FNDA:3,(anonymous_6)
FNDA:1,(anonymous_7)
FNDA:2,(anonymous_8)
FNDA:3,(anonymous_9)
DA:19,4
DA:20,31
DA:21,31
DA:22,31
DA:24,31
DA:25,13
DA:26,13
DA:27,13
DA:28,12
DA:29,14
DA:31,1
DA:33,13
DA:37,31
DA:38,12
DA:41,31
DA:42,3
DA:43,3
DA:44,4
DA:47,31
DA:48,3
DA:49,3
DA:50,3
DA:53,31
DA:55,2
DA:56,1
DA:58,1
DA:64,31
DA:65,3
DA:69,31
LF:29
LH:29
BRDA:55,0,0,1
BRDA:55,0,1,1
BRF:2
BRH:2
end_of_record
TN:
SF:src/hooks/useLocation.ts
FN:19,(anonymous_0)
FN:26,(anonymous_1)
FN:63,(anonymous_2)
FN:70,(anonymous_3)
FN:71,(anonymous_4)
FN:86,(anonymous_5)
FNF:6
FNH:6
FNDA:38,(anonymous_0)
FNDA:19,(anonymous_1)
FNDA:17,(anonymous_2)
FNDA:14,(anonymous_3)
FNDA:2,(anonymous_4)
FNDA:14,(anonymous_5)
DA:19,4
DA:20,38
DA:21,38
DA:22,38
DA:23,38
DA:24,38
DA:26,38
DA:27,19
DA:28,19
DA:29,19
DA:31,19
DA:33,19
DA:34,19
DA:35,1
DA:36,1
DA:37,1
DA:38,1
DA:41,18
DA:42,15
DA:43,13
DA:47,13
DA:48,13
DA:50,13
DA:51,13
DA:53,2
DA:56,3
DA:57,3
DA:59,19
DA:63,38
DA:64,17
DA:66,17
DA:68,14
DA:70,14
DA:71,14
DA:72,2
DA:77,2
DA:78,1
DA:79,1
DA:84,14
DA:86,14
DA:87,14
DA:91,38
LF:42
LH:42
BRDA:19,0,0,18
BRDA:34,1,0,1
BRDA:34,1,1,18
BRDA:42,2,0,13
BRDA:42,2,1,2
BRDA:56,3,0,3
BRDA:56,3,1,0
BRDA:66,4,0,3
BRDA:66,4,1,14
BRDA:77,5,0,1
BRDA:77,5,1,1
BRF:11
BRH:10
end_of_record
TN:
SF:src/hooks/useLocationSearch.ts
FN:9,useLocationSearch
FN:24,(anonymous_1)
FN:25,(anonymous_2)
FN:44,(anonymous_3)
FN:54,(anonymous_4)
FN:62,(anonymous_5)
FN:72,(anonymous_6)
FN:81,(anonymous_7)
FN:97,(anonymous_8)
FN:98,(anonymous_9)
FN:109,(anonymous_10)
FN:129,(anonymous_11)
FN:138,(anonymous_12)
FN:139,(anonymous_13)
FNF:14
FNH:14
FNDA:41,useLocationSearch
FNDA:14,(anonymous_1)
FNDA:14,(anonymous_2)
FNDA:2,(anonymous_3)
FNDA:9,(anonymous_4)
FNDA:9,(anonymous_5)
FNDA:8,(anonymous_6)
FNDA:1,(anonymous_7)
FNDA:3,(anonymous_8)
FNDA:3,(anonymous_9)
FNDA:1,(anonymous_10)
FNDA:2,(anonymous_11)
FNDA:15,(anonymous_12)
FNDA:15,(anonymous_13)
DA:10,41
DA:18,41
DA:19,41
DA:24,41
DA:25,14
DA:33,14
DA:34,3
DA:38,14
DA:39,1
DA:43,14
DA:44,2
DA:50,2
DA:54,12
DA:55,9
DA:62,41
DA:63,9
DA:64,0
DA:67,9
DA:68,9
DA:70,9
DA:72,8
DA:80,1
DA:81,1
DA:97,41
DA:98,3
DA:109,41
DA:110,1
DA:111,1
DA:113,1
DA:114,1
DA:117,1
DA:129,41
DA:130,2
DA:131,1
DA:134,1
DA:138,41
DA:139,15
DA:140,15
DA:141,10
DA:143,15
DA:144,8
DA:149,41
LF:42
LH:41
BRDA:9,0,0,16
BRDA:33,1,0,3
BRDA:33,1,1,11
BRDA:38,2,0,1
BRDA:38,2,1,13
BRDA:43,3,0,2
BRDA:43,3,1,12
BRDA:63,4,0,0
BRDA:63,4,1,9
BRDA:80,5,0,1
BRDA:80,5,1,0
BRDA:80,6,0,1
BRDA:80,6,1,1
BRDA:110,7,0,1
BRDA:110,7,1,0
BRDA:113,8,0,1
BRDA:113,8,1,0
BRDA:130,9,0,1
BRDA:130,9,1,1
BRDA:140,10,0,10
BRDA:140,10,1,5
BRDA:143,11,0,8
BRDA:143,11,1,7
BRF:23
BRH:19
end_of_record
TN:
SF:src/screens/DetailsScreen.tsx
FN:24,DetailsScreen
FN:32,(anonymous_1)
FN:38,(anonymous_2)
FN:106,(anonymous_3)
FN:114,(anonymous_4)
FNF:5
FNH:5
FNDA:44,DetailsScreen
FNDA:20,(anonymous_1)
FNDA:20,(anonymous_2)
FNDA:1,(anonymous_3)
FNDA:2,(anonymous_4)
DA:25,44
DA:26,44
DA:27,44
DA:28,44
DA:29,44
DA:30,44
DA:32,44
DA:33,20
DA:34,20
DA:38,44
DA:39,20
DA:40,20
DA:41,20
DA:44,20
DA:46,20
DA:51,20
DA:54,20
DA:55,20
DA:59,20
DA:64,18
DA:65,18
DA:68,18
DA:69,16
DA:73,18
DA:74,2
DA:77,2
DA:79,20
DA:83,44
DA:84,20
DA:92,24
DA:106,1
DA:114,2
DA:167,1
LF:33
LH:33
BRDA:33,0,0,20
BRDA:33,0,1,0
BRDA:41,1,0,20
BRDA:41,1,1,0
BRDA:46,2,0,1
BRDA:46,2,1,19
BRDA:55,3,0,2
BRDA:55,3,1,18
BRDA:68,4,0,16
BRDA:68,4,1,2
BRDA:68,5,0,18
BRDA:68,5,1,16
BRDA:73,6,0,2
BRDA:73,6,1,16
BRDA:73,7,0,18
BRDA:73,7,1,17
BRDA:73,7,2,16
BRDA:83,8,0,20
BRDA:83,8,1,24
BRDA:96,9,0,24
BRDA:96,9,1,3
BRDA:105,10,0,24
BRDA:105,10,1,20
BRDA:108,11,0,24
BRDA:108,11,1,20
BRDA:113,12,0,24
BRDA:113,12,1,4
BRDA:116,13,0,24
BRDA:116,13,1,4
BRDA:122,14,0,24
BRDA:122,14,1,20
BRDA:125,15,0,18
BRDA:125,15,1,2
BRDA:128,16,0,18
BRDA:128,16,1,1
BRDA:130,17,0,18
BRDA:130,17,1,17
BRDA:150,18,0,24
BRDA:150,18,1,4
BRDA:153,19,0,4
BRDA:153,19,1,0
BRF:41
BRH:38
end_of_record
TN:
SF:src/screens/FavoritesScreen.tsx
FN:12,(anonymous_0)
FN:17,(anonymous_1)
FN:20,(anonymous_2)
FN:29,(anonymous_3)
FN:48,(anonymous_4)
FNF:5
FNH:5
FNDA:8,(anonymous_0)
FNDA:10,(anonymous_1)
FNDA:1,(anonymous_2)
FNDA:2,(anonymous_3)
FNDA:17,(anonymous_4)
DA:12,1
DA:13,8
DA:14,8
DA:15,8
DA:17,8
DA:18,10
DA:20,1
DA:30,2
DA:31,2
DA:39,8
DA:48,17
DA:57,1
LF:12
LH:12
BRDA:43,0,0,5
BRDA:43,0,1,3
BRF:2
BRH:2
end_of_record
TN:
SF:src/screens/HomeScreen.tsx
FN:28,(anonymous_0)
FN:41,(anonymous_1)
FN:49,(anonymous_2)
FN:55,(anonymous_3)
FN:64,(anonymous_4)
FN:81,(anonymous_5)
FN:89,(anonymous_6)
FN:102,(anonymous_7)
FN:110,(anonymous_8)
FN:127,(anonymous_9)
FN:141,(anonymous_10)
FN:149,(anonymous_11)
FN:154,(anonymous_12)
FN:160,(anonymous_13)
FN:180,(anonymous_14)
FN:198,(anonymous_15)
FN:261,(anonymous_16)
FN:266,(anonymous_17)
FN:305,(anonymous_18)
FNF:19
FNH:14
FNDA:27,(anonymous_0)
FNDA:23,(anonymous_1)
FNDA:23,(anonymous_2)
FNDA:28,(anonymous_3)
FNDA:0,(anonymous_4)
FNDA:1,(anonymous_5)
FNDA:2,(anonymous_6)
FNDA:1,(anonymous_7)
FNDA:81,(anonymous_8)
FNDA:0,(anonymous_9)
FNDA:0,(anonymous_10)
FNDA:0,(anonymous_11)
FNDA:72,(anonymous_12)
FNDA:1,(anonymous_13)
FNDA:0,(anonymous_14)
FNDA:1,(anonymous_15)
FNDA:9,(anonymous_16)
FNDA:1,(anonymous_17)
FNDA:93,(anonymous_18)
DA:28,1
DA:29,27
DA:30,27
DA:32,27
DA:33,27
DA:34,27
DA:35,27
DA:37,27
DA:38,27
DA:39,27
DA:41,27
DA:42,23
DA:43,23
DA:44,14
DA:45,14
DA:49,27
DA:50,23
DA:51,14
DA:55,27
DA:56,28
DA:61,28
DA:64,27
DA:65,0
DA:66,0
DA:67,0
DA:72,0
DA:73,0
DA:74,0
DA:75,0
DA:77,0
DA:81,27
DA:82,1
DA:83,1
DA:84,1
DA:85,1
DA:86,1
DA:89,27
DA:90,2
DA:91,2
DA:92,2
DA:93,2
DA:94,2
DA:96,0
DA:98,1
DA:102,27
DA:103,1
DA:104,1
DA:106,0
DA:110,27
DA:111,81
DA:113,51
DA:115,12
DA:117,3
DA:119,6
DA:121,3
DA:123,6
DA:127,27
DA:128,0
DA:129,0
DA:132,0
DA:133,0
DA:134,0
DA:135,0
DA:137,0
DA:140,0
DA:142,0
DA:143,0
DA:145,0
DA:146,0
DA:150,0
DA:154,27
DA:155,72
DA:160,1
DA:181,0
DA:182,0
DA:199,1
DA:200,1
DA:211,27
DA:213,27
DA:262,9
DA:263,9
DA:266,1
DA:305,93
DA:318,1
LF:84
LH:59
BRDA:42,0,0,23
BRDA:42,0,1,23
BRDA:43,1,0,14
BRDA:43,1,1,9
BRDA:50,2,0,14
BRDA:50,2,1,9
BRDA:50,3,0,23
BRDA:50,3,1,22
BRDA:96,4,0,0
BRDA:96,4,1,0
BRDA:103,5,0,1
BRDA:103,5,1,0
BRDA:111,6,0,51
BRDA:111,6,1,12
BRDA:111,6,2,3
BRDA:111,6,3,6
BRDA:111,6,4,3
BRDA:111,6,5,6
BRDA:132,7,0,0
BRDA:132,7,1,0
BRDA:134,8,0,0
BRDA:134,8,1,0
BRDA:142,9,0,0
BRDA:142,9,1,0
BRDA:158,10,0,72
BRDA:158,10,1,3
BRDA:158,11,0,72
BRDA:158,11,1,69
BRDA:165,12,0,72
BRDA:165,12,1,3
BRDA:165,13,0,72
BRDA:165,13,1,69
BRDA:171,14,0,72
BRDA:171,14,1,3
BRDA:171,14,2,3
BRDA:171,14,3,3
BRDA:189,15,0,72
BRDA:189,15,1,3
BRDA:204,16,0,0
BRDA:204,16,1,72
BRDA:211,17,0,27
BRDA:211,17,1,25
BRDA:227,18,0,27
BRDA:227,18,1,25
BRDA:227,18,2,6
BRDA:230,19,0,27
BRDA:230,19,1,25
BRDA:232,20,0,6
BRDA:232,20,1,21
BRDA:232,21,0,27
BRDA:232,21,1,25
BRDA:248,22,0,27
BRDA:248,22,1,2
BRDA:261,23,0,27
BRDA:261,23,1,27
BRDA:261,23,2,9
BRDA:262,24,0,9
BRDA:262,24,1,9
BRDA:272,25,0,0
BRDA:272,25,1,9
BRDA:274,26,0,9
BRDA:274,26,1,9
BRDA:285,27,0,27
BRDA:285,27,1,18
BRDA:285,27,2,9
BRDA:285,27,3,9
BRDA:292,28,0,27
BRDA:292,28,1,4
BRDA:298,29,0,2
BRDA:298,29,1,25
BRDA:298,30,0,27
BRDA:298,30,1,2
BRF:72
BRH:61
end_of_record
TN:
SF:src/screens/MapScreen.tsx
FN:36,MapScreen
FN:46,(anonymous_1)
FN:47,(anonymous_2)
FN:71,(anonymous_3)
FN:99,(anonymous_4)
FN:123,(anonymous_5)
FN:131,(anonymous_6)
FN:172,(anonymous_7)
FN:195,(anonymous_8)
FN:199,(anonymous_9)
FN:249,(anonymous_10)
FN:258,(anonymous_11)
FNF:12
FNH:10
FNDA:38,MapScreen
FNDA:18,(anonymous_1)
FNDA:9,(anonymous_2)
FNDA:18,(anonymous_3)
FNDA:1,(anonymous_4)
FNDA:1,(anonymous_5)
FNDA:1,(anonymous_6)
FNDA:14,(anonymous_7)
FNDA:0,(anonymous_8)
FNDA:0,(anonymous_9)
FNDA:42,(anonymous_10)
FNDA:1,(anonymous_11)
DA:23,1
DA:24,1
DA:25,1
DA:26,1
DA:27,1
DA:30,1
DA:37,38
DA:38,38
DA:39,38
DA:40,38
DA:41,38
DA:42,38
DA:45,38
DA:47,18
DA:48,9
DA:49,9
DA:50,6
DA:51,3
DA:52,3
DA:53,3
DA:56,3
DA:57,3
DA:59,3
DA:63,3
DA:64,3
DA:66,3
DA:67,3
DA:71,18
DA:72,18
DA:73,18
DA:76,18
DA:78,17
DA:79,9
DA:81,9
DA:82,9
DA:83,9
DA:84,9
DA:87,8
DA:90,1
DA:91,1
DA:95,18
DA:99,38
DA:100,1
DA:101,1
DA:102,1
DA:103,0
DA:104,0
DA:105,0
DA:108,1
DA:109,1
DA:111,1
DA:115,1
DA:116,1
DA:118,0
DA:119,0
DA:123,38
DA:124,1
DA:125,1
DA:127,0
DA:131,38
DA:132,1
DA:133,1
DA:134,1
DA:143,0
DA:144,0
DA:148,38
DA:149,18
DA:157,20
DA:158,6
DA:172,14
DA:173,14
DA:174,4
DA:176,10
DA:179,14
DA:182,14
DA:183,0
DA:196,0
DA:200,0
DA:234,14
DA:235,14
DA:250,42
DA:258,1
DA:284,0
DA:285,0
DA:302,1
LF:85
LH:72
BRDA:23,0,0,1
BRDA:23,0,1,0
BRDA:50,1,0,3
BRDA:50,1,1,3
BRDA:78,2,0,9
BRDA:78,2,1,8
BRDA:82,3,0,9
BRDA:82,3,1,0
BRDA:102,4,0,0
BRDA:102,4,1,1
BRDA:133,5,0,1
BRDA:133,5,1,0
BRDA:148,6,0,18
BRDA:148,6,1,20
BRDA:157,7,0,6
BRDA:157,7,1,14
BRDA:173,8,0,4
BRDA:173,8,1,10
BRDA:182,9,0,0
BRDA:182,9,1,14
BRDA:211,10,0,0
BRDA:211,10,1,0
BRDA:263,11,0,14
BRDA:263,11,1,1
BRF:24
BRH:17
end_of_record
TN:
SF:src/screens/SettingsScreen.tsx
FN:13,SettingsScreen
FN:18,(anonymous_1)
FN:22,(anonymous_2)
FN:27,(anonymous_3)
FN:32,(anonymous_4)
FN:35,(anonymous_5)
FN:53,(anonymous_6)
FN:67,(anonymous_7)
FN:82,(anonymous_8)
FN:89,(anonymous_9)
FNF:10
FNH:9
FNDA:19,SettingsScreen
FNDA:8,(anonymous_1)
FNDA:8,(anonymous_2)
FNDA:1,(anonymous_3)
FNDA:2,(anonymous_4)
FNDA:1,(anonymous_5)
FNDA:0,(anonymous_6)
FNDA:1,(anonymous_7)
FNDA:57,(anonymous_8)
FNDA:2,(anonymous_9)
DA:14,19
DA:15,19
DA:16,19
DA:18,19
DA:19,8
DA:22,19
DA:23,8
DA:24,8
DA:27,19
DA:28,1
DA:29,1
DA:32,19
DA:34,2
DA:35,1
DA:37,1
DA:39,2
DA:40,2
DA:43,19
DA:53,0
DA:67,1
DA:83,57
DA:89,2
DA:124,1
LF:23
LH:22
BRDA:34,0,0,1
BRDA:34,0,1,1
BRDA:51,1,0,19
BRDA:51,1,1,17
BRDA:59,2,0,19
BRDA:59,2,1,17
BRDA:65,3,0,19
BRDA:65,3,1,2
BRDA:73,4,0,19
BRDA:73,4,1,2
BRDA:87,5,0,57
BRDA:87,5,1,3
BRDA:95,6,0,57
BRDA:95,6,1,3
BRF:14
BRH:14
end_of_record
TN:
SF:src/screens/WebViewScreen.tsx
FN:13,WebViewScreen
FN:19,(anonymous_1)
FN:23,(anonymous_2)
FN:31,(anonymous_3)
FN:67,(anonymous_4)
FNF:5
FNH:4
FNDA:27,WebViewScreen
FNDA:13,(anonymous_1)
FNDA:13,(anonymous_2)
FNDA:1,(anonymous_3)
FNDA:0,(anonymous_4)
DA:14,27
DA:15,27
DA:16,27
DA:17,27
DA:19,27
DA:20,13
DA:23,27
DA:24,13
DA:27,13
DA:29,13
DA:30,13
DA:31,13
DA:32,13
DA:33,2
DA:34,2
DA:35,2
DA:36,2
DA:37,2
DA:38,2
DA:41,11
DA:45,11
DA:46,11
DA:47,11
DA:48,11
DA:51,27
DA:68,0
DA:78,1
LF:27
LH:26
BRDA:34,0,0,2
BRDA:34,0,1,0
BRDA:55,1,0,27
BRDA:55,1,1,15
BRDA:57,2,0,13
BRDA:57,2,1,14
BRF:6
BRH:5
end_of_record
TN:
SF:src/services/attractions.service.ts
FN:31,(anonymous_0)
FN:104,(anonymous_1)
FN:109,(anonymous_2)
FN:110,(anonymous_3)
FN:137,(anonymous_4)
FN:138,(anonymous_5)
FN:147,(anonymous_6)
FN:158,(anonymous_7)
FN:174,(anonymous_8)
FN:184,(anonymous_9)
FN:186,(anonymous_10)
FN:196,(anonymous_11)
FNF:12
FNH:12
FNDA:12,(anonymous_0)
FNDA:10,(anonymous_1)
FNDA:44,(anonymous_2)
FNDA:43,(anonymous_3)
FNDA:43,(anonymous_4)
FNDA:104,(anonymous_5)
FNDA:2,(anonymous_6)
FNDA:2,(anonymous_7)
FNDA:4,(anonymous_8)
FNDA:3,(anonymous_9)
FNDA:6,(anonymous_10)
FNDA:1,(anonymous_11)
DA:35,12
DA:36,12
DA:45,12
DA:56,11
DA:57,10
DA:60,1
DA:62,1
DA:63,0
DA:64,0
DA:71,0
DA:72,0
DA:80,0
DA:89,1
DA:97,1
DA:108,10
DA:109,44
DA:111,43
DA:112,43
DA:114,43
DA:116,42
DA:121,42
DA:122,42
DA:123,4
DA:124,2
DA:126,42
DA:137,43
DA:138,104
DA:141,10
DA:151,2
DA:152,2
DA:163,2
DA:164,2
DA:175,4
DA:176,4
DA:177,4
DA:178,4
DA:185,3
DA:186,6
DA:191,7
DA:196,7
DA:197,1
LF:41
LH:36
BRDA:33,0,0,10
BRDA:56,1,0,10
BRDA:56,1,1,1
BRDA:62,2,0,0
BRDA:62,2,1,1
BRDA:63,3,0,0
BRDA:63,3,1,0
BRDA:63,4,0,0
BRDA:63,4,1,0
BRDA:71,5,0,0
BRDA:71,5,1,0
BRDA:94,6,0,1
BRDA:94,6,1,0
BRDA:111,7,0,43
BRDA:111,7,1,2
BRDA:112,8,0,43
BRDA:112,8,1,2
BRDA:114,9,0,1
BRDA:114,9,1,42
BRDA:114,10,0,43
BRDA:114,10,1,42
BRDA:122,11,0,38
BRDA:122,11,1,4
BRDA:123,12,0,2
BRDA:123,12,1,2
BRDA:124,13,0,1
BRDA:124,13,1,1
BRDA:127,14,0,42
BRDA:127,14,1,1
BRDA:134,15,0,42
BRDA:134,15,1,41
BRDA:134,15,2,41
BRDA:186,16,0,6
BRDA:186,16,1,1
BRDA:186,17,0,6
BRDA:186,17,1,0
BRF:36
BRH:27
end_of_record
TN:
SF:src/services/error-notification.service.ts
FN:16,(anonymous_0)
FN:28,(anonymous_1)
FN:36,(anonymous_2)
FN:49,(anonymous_3)
FN:67,(anonymous_4)
FN:77,(anonymous_5)
FN:83,(anonymous_6)
FN:102,(anonymous_7)
FN:112,(anonymous_8)
FN:121,(anonymous_9)
FN:126,(anonymous_10)
FNF:11
FNH:9
FNDA:13,(anonymous_0)
FNDA:13,(anonymous_1)
FNDA:13,(anonymous_2)
FNDA:11,(anonymous_3)
FNDA:11,(anonymous_4)
FNDA:3,(anonymous_5)
FNDA:0,(anonymous_6)
FNDA:8,(anonymous_7)
FNDA:0,(anonymous_8)
FNDA:14,(anonymous_9)
FNDA:1,(anonymous_10)
DA:13,1
DA:14,1
DA:17,13
DA:19,13
DA:20,2
DA:21,2
DA:24,11
DA:25,11
DA:29,13
DA:37,13
DA:38,13
DA:39,13
DA:41,13
DA:42,11
DA:43,11
DA:46,2
DA:50,11
DA:60,11
DA:62,11
DA:63,2
DA:68,11
DA:70,11
DA:71,3
DA:73,8
DA:78,3
DA:80,3
DA:81,1
DA:83,0
DA:87,3
DA:88,1
DA:94,3
DA:99,3
DA:103,8
DA:104,8
DA:106,8
DA:113,0
DA:114,0
DA:115,0
DA:122,14
DA:123,14
DA:127,1
DA:134,1
LF:42
LH:38
BRDA:19,0,0,2
BRDA:19,0,1,11
BRDA:41,1,0,11
BRDA:41,1,1,2
BRDA:41,2,0,13
BRDA:41,2,1,2
BRDA:62,3,0,2
BRDA:62,3,1,9
BRDA:70,4,0,3
BRDA:70,4,1,8
BRDA:80,5,0,1
BRDA:80,5,1,2
BRDA:87,6,0,1
BRDA:87,6,1,2
BRDA:103,7,0,7
BRDA:103,7,1,1
BRDA:104,8,0,7
BRDA:104,8,1,1
BRDA:107,9,0,7
BRDA:107,9,1,1
BRDA:113,10,0,0
BRDA:113,10,1,0
BRF:22
BRH:20
end_of_record
TN:
SF:src/services/favorites.service.ts
FN:12,(anonymous_0)
FN:20,(anonymous_1)
FN:22,(anonymous_2)
FN:39,(anonymous_3)
FN:41,(anonymous_4)
FN:49,(anonymous_5)
FN:51,(anonymous_6)
FN:57,(anonymous_7)
FN:64,(anonymous_8)
FN:66,(anonymous_9)
FNF:10
FNH:10
FNDA:14,(anonymous_0)
FNDA:4,(anonymous_1)
FNDA:2,(anonymous_2)
FNDA:3,(anonymous_3)
FNDA:5,(anonymous_4)
FNDA:3,(anonymous_5)
FNDA:2,(anonymous_6)
FNDA:2,(anonymous_7)
FNDA:2,(anonymous_8)
FNDA:3,(anonymous_9)
DA:13,14
DA:14,14
DA:21,4
DA:22,4
DA:24,4
DA:25,3
DA:29,3
DA:30,3
DA:33,1
DA:40,3
DA:41,5
DA:42,3
DA:43,3
DA:50,3
DA:51,3
DA:58,2
DA:65,2
DA:66,3
LF:18
LH:18
BRDA:14,0,0,14
BRDA:14,0,1,2
BRDA:24,1,0,3
BRDA:24,1,1,1
BRF:4
BRH:4
end_of_record
TN:
SF:src/services/index.ts
FNF:0
FNH:0
LF:0
LH:0
BRF:0
BRH:0
end_of_record
TN:
SF:src/services/interests.service.ts
FN:12,(anonymous_0)
FN:20,(anonymous_1)
FN:27,(anonymous_2)
FN:40,(anonymous_3)
FN:42,(anonymous_4)
FN:50,(anonymous_5)
FN:57,(anonymous_6)
FN:59,(anonymous_7)
FN:60,(anonymous_8)
FN:71,(anonymous_9)
FN:82,(anonymous_10)
FN:83,(anonymous_11)
FN:84,(anonymous_12)
FNF:13
FNH:13
FNDA:10,(anonymous_0)
FNDA:8,(anonymous_1)
FNDA:3,(anonymous_2)
FNDA:3,(anonymous_3)
FNDA:5,(anonymous_4)
FNDA:1,(anonymous_5)
FNDA:5,(anonymous_6)
FNDA:9,(anonymous_7)
FNDA:40,(anonymous_8)
FNDA:2,(anonymous_9)
FNDA:1,(anonymous_10)
FNDA:1,(anonymous_11)
FNDA:1,(anonymous_12)
DA:13,10
DA:14,10
DA:21,8
DA:28,3
DA:29,3
DA:30,2
DA:31,2
DA:32,2
DA:34,1
DA:41,3
DA:42,5
DA:43,3
DA:44,3
DA:51,1
DA:58,5
DA:59,5
DA:60,40
DA:61,9
DA:62,7
DA:65,5
DA:72,2
DA:76,7
DA:82,7
DA:83,7
DA:84,7
DA:85,1
DA:86,1
LF:27
LH:27
BRDA:14,0,0,10
BRDA:14,0,1,1
BRDA:29,1,0,2
BRDA:29,1,1,1
BRDA:61,2,0,7
BRDA:61,2,1,2
BRF:6
BRH:6
end_of_record
TN:
SF:src/services/location.service.ts
FN:17,(anonymous_0)
FN:48,(anonymous_1)
FN:73,(anonymous_2)
FN:107,(anonymous_3)
FN:186,(anonymous_4)
FN:252,(anonymous_5)
FN:258,(anonymous_6)
FN:270,(anonymous_7)
FN:299,(anonymous_8)
FN:374,(anonymous_9)
FNF:10
FNH:10
FNDA:9,(anonymous_0)
FNDA:3,(anonymous_1)
FNDA:4,(anonymous_2)
FNDA:5,(anonymous_3)
FNDA:4,(anonymous_4)
FNDA:8,(anonymous_5)
FNDA:7,(anonymous_6)
FNDA:10,(anonymous_7)
FNDA:2,(anonymous_8)
FNDA:3,(anonymous_9)
DA:12,9
DA:13,9
DA:18,9
DA:19,9
DA:20,9
DA:22,9
DA:23,3
DA:32,9
DA:34,0
DA:41,0
DA:49,3
DA:50,3
DA:51,3
DA:53,1
DA:56,2
DA:57,1
DA:59,1
DA:66,1
DA:77,4
DA:78,4
DA:79,4
DA:81,1
DA:84,3
DA:93,1
DA:100,1
DA:108,5
DA:109,5
DA:121,4
DA:122,3
DA:125,3
DA:132,3
DA:142,1
DA:144,1
DA:145,0
DA:146,0
DA:153,0
DA:154,0
DA:162,0
DA:171,1
DA:179,1
DA:187,4
DA:188,4
DA:200,3
DA:201,1
DA:202,1
DA:208,2
DA:210,1
DA:211,0
DA:212,0
DA:219,0
DA:220,0
DA:228,0
DA:237,1
DA:245,1
DA:253,8
DA:254,8
DA:256,8
DA:257,7
DA:258,7
DA:261,8
DA:272,10
DA:273,2
DA:276,8
DA:278,8
DA:280,8
DA:294,6
DA:295,1
DA:299,5
DA:300,2
DA:303,2
DA:311,2
DA:312,2
DA:313,2
DA:314,2
DA:316,2
DA:330,2
DA:331,2
DA:332,1
DA:339,1
DA:340,1
DA:348,0
DA:357,0
DA:365,2
DA:375,3
DA:376,3
DA:378,3
LF:86
LH:72
BRDA:22,0,0,3
BRDA:22,0,1,6
BRDA:39,1,0,0
BRDA:39,1,1,0
BRDA:51,2,0,1
BRDA:51,2,1,2
BRDA:64,3,0,1
BRDA:64,3,1,0
BRDA:79,4,0,1
BRDA:79,4,1,3
BRDA:85,5,0,3
BRDA:85,5,1,2
BRDA:98,6,0,1
BRDA:98,6,1,0
BRDA:121,7,0,3
BRDA:121,7,1,1
BRDA:125,8,0,3
BRDA:125,8,1,2
BRDA:125,8,2,1
BRDA:125,8,3,1
BRDA:125,8,4,1
BRDA:125,8,5,1
BRDA:144,9,0,0
BRDA:144,9,1,1
BRDA:145,10,0,0
BRDA:145,10,1,0
BRDA:145,11,0,0
BRDA:145,11,1,0
BRDA:153,12,0,0
BRDA:153,12,1,0
BRDA:176,13,0,1
BRDA:176,13,1,0
BRDA:200,14,0,1
BRDA:200,14,1,2
BRDA:200,15,0,3
BRDA:200,15,1,2
BRDA:210,16,0,0
BRDA:210,16,1,1
BRDA:211,17,0,0
BRDA:211,17,1,0
BRDA:211,18,0,0
BRDA:211,18,1,0
BRDA:219,19,0,0
BRDA:219,19,1,0
BRDA:242,20,0,1
BRDA:242,20,1,0
BRDA:256,21,0,7
BRDA:256,21,1,1
BRDA:270,22,0,9
BRDA:272,23,0,2
BRDA:272,23,1,8
BRDA:272,24,0,10
BRDA:272,24,1,9
BRDA:294,25,0,1
BRDA:294,25,1,5
BRDA:294,26,0,6
BRDA:294,26,1,5
BRDA:300,27,0,2
BRDA:300,27,1,0
BRDA:303,28,0,2
BRDA:303,28,1,0
BRDA:303,28,2,0
BRDA:303,28,3,0
BRDA:303,28,4,0
BRDA:303,28,5,0
BRDA:312,29,0,2
BRDA:312,29,1,0
BRDA:313,30,0,2
BRDA:313,30,1,0
BRDA:325,31,0,2
BRDA:325,31,1,0
BRDA:326,32,0,2
BRDA:326,32,1,0
BRDA:330,33,0,2
BRDA:330,33,1,0
BRDA:331,34,0,1
BRDA:331,34,1,1
BRDA:331,35,0,2
BRDA:331,35,1,1
BRDA:339,36,0,1
BRDA:339,36,1,0
BRDA:362,37,0,0
BRDA:362,37,1,0
BRDA:380,38,0,3
BRDA:380,38,1,0
BRDA:381,39,0,2
BRDA:381,39,1,1
BRF:87
BRH:52
end_of_record
TN:
SF:src/services/openai.service.ts
FN:17,(anonymous_0)
FN:29,(anonymous_1)
FN:132,(anonymous_2)
FN:136,(anonymous_3)
FN:144,(anonymous_4)
FN:165,(anonymous_5)
FN:169,(anonymous_6)
FN:170,(anonymous_7)
FN:182,(anonymous_8)
FN:274,(anonymous_9)
FN:289,(anonymous_10)
FN:297,(anonymous_11)
FN:308,(anonymous_12)
FNF:13
FNH:13
FNDA:7,(anonymous_0)
FNDA:13,(anonymous_1)
FNDA:14,(anonymous_2)
FNDA:13,(anonymous_3)
FNDA:4,(anonymous_4)
FNDA:4,(anonymous_5)
FNDA:10,(anonymous_6)
FNDA:10,(anonymous_7)
FNDA:7,(anonymous_8)
FNDA:4,(anonymous_9)
FNDA:1,(anonymous_10)
FNDA:1,(anonymous_11)
FNDA:1,(anonymous_12)
DA:22,7
DA:24,7
DA:25,2
DA:28,5
DA:29,13
DA:30,5
DA:32,5
DA:34,5
DA:45,5
DA:47,5
DA:72,4
DA:73,4
DA:75,4
DA:77,1
DA:78,0
DA:79,0
DA:86,0
DA:87,0
DA:94,0
DA:95,0
DA:102,0
DA:103,0
DA:111,0
DA:120,1
DA:128,1
DA:133,14
DA:137,13
DA:138,11
DA:145,4
DA:146,4
DA:148,4
DA:149,1
DA:150,1
DA:151,1
DA:155,4
DA:157,1
DA:158,1
DA:169,4
DA:170,10
DA:171,10
DA:183,7
DA:185,7
DA:186,1
DA:189,6
DA:190,6
DA:192,6
DA:203,6
DA:205,6
DA:230,2
DA:232,4
DA:233,0
DA:234,0
DA:241,0
DA:242,0
DA:249,0
DA:250,0
DA:257,0
DA:258,0
DA:267,4
DA:275,4
DA:276,1
DA:279,3
DA:280,1
DA:283,2
DA:290,1
DA:291,1
DA:298,1
DA:299,1
DA:303,7
DA:308,7
DA:309,1
LF:71
LH:54
BRDA:24,0,0,2
BRDA:24,0,1,5
BRDA:24,1,0,7
BRDA:24,1,1,6
BRDA:32,2,0,5
BRDA:32,2,1,0
BRDA:45,3,0,5
BRDA:45,3,1,0
BRDA:77,4,0,0
BRDA:77,4,1,1
BRDA:78,5,0,0
BRDA:78,5,1,0
BRDA:78,6,0,0
BRDA:78,6,1,0
BRDA:86,7,0,0
BRDA:86,7,1,0
BRDA:94,8,0,0
BRDA:94,8,1,0
BRDA:94,9,0,0
BRDA:94,9,1,0
BRDA:102,10,0,0
BRDA:102,10,1,0
BRDA:125,11,0,1
BRDA:125,11,1,0
BRDA:137,12,0,2
BRDA:137,12,1,11
BRDA:148,13,0,1
BRDA:148,13,1,3
BRDA:150,14,0,1
BRDA:150,14,1,0
BRDA:173,15,0,10
BRDA:173,15,1,5
BRDA:174,16,0,10
BRDA:174,16,1,5
BRDA:182,17,0,5
BRDA:185,18,0,1
BRDA:185,18,1,6
BRDA:190,19,0,6
BRDA:190,19,1,0
BRDA:203,20,0,6
BRDA:203,20,1,0
BRDA:232,21,0,0
BRDA:232,21,1,4
BRDA:233,22,0,0
BRDA:233,22,1,0
BRDA:233,23,0,0
BRDA:233,23,1,0
BRDA:241,24,0,0
BRDA:241,24,1,0
BRDA:249,25,0,0
BRDA:249,25,1,0
BRDA:249,26,0,0
BRDA:249,26,1,0
BRDA:257,27,0,0
BRDA:257,27,1,0
BRDA:275,28,0,1
BRDA:275,28,1,3
BRDA:279,29,0,1
BRDA:279,29,1,2
BRDA:283,30,0,2
BRDA:283,30,1,1
BRDA:308,31,0,0
BRF:62
BRH:29
end_of_record
TN:
SF:src/services/storage.service.ts
FN:14,(anonymous_0)
FN:33,(anonymous_1)
FN:52,(anonymous_2)
FN:71,(anonymous_3)
FN:98,(anonymous_4)
FN:110,(anonymous_5)
FN:132,(anonymous_6)
FN:134,(anonymous_7)
FNF:8
FNH:8
FNDA:8,(anonymous_0)
FNDA:4,(anonymous_1)
FNDA:3,(anonymous_2)
FNDA:4,(anonymous_3)
FNDA:1,(anonymous_4)
FNDA:2,(anonymous_5)
FNDA:1,(anonymous_6)
FNDA:1,(anonymous_7)
DA:15,8
DA:16,8
DA:17,6
DA:19,2
DA:26,2
DA:34,4
DA:35,4
DA:36,3
DA:38,1
DA:45,1
DA:53,3
DA:54,3
DA:55,2
DA:57,1
DA:64,1
DA:72,4
DA:73,4
DA:74,4
DA:76,2
DA:77,2
DA:78,1
DA:79,1
DA:82,1
DA:85,0
DA:91,0
DA:99,1
DA:104,1
DA:111,2
DA:112,2
DA:113,1
DA:115,1
DA:122,1
DA:127,11
DA:132,11
DA:133,1
DA:134,11
DA:135,1
LF:37
LH:35
BRDA:17,0,0,4
BRDA:17,0,1,2
BRDA:24,1,0,2
BRDA:24,1,1,0
BRDA:43,2,0,1
BRDA:43,2,1,0
BRDA:62,3,0,1
BRDA:62,3,1,0
BRDA:74,4,0,2
BRDA:74,4,1,2
BRDA:77,5,0,1
BRDA:77,5,1,1
BRDA:120,6,0,1
BRDA:120,6,1,0
BRF:14
BRH:10
end_of_record
TN:
SF:src/services/wiki.service.ts
FN:14,(anonymous_0)
FN:191,(anonymous_1)
FN:209,(anonymous_2)
FN:244,(anonymous_3)
FN:291,(anonymous_4)
FN:293,(anonymous_5)
FNF:6
FNH:6
FNDA:14,(anonymous_0)
FNDA:8,(anonymous_1)
FNDA:6,(anonymous_2)
FNDA:6,(anonymous_3)
FNDA:1,(anonymous_4)
FNDA:1,(anonymous_5)
DA:15,14
DA:16,14
DA:19,14
DA:24,14
DA:41,10
DA:42,10
DA:45,10
DA:46,4
DA:48,4
DA:50,2
DA:67,2
DA:68,2
DA:70,2
DA:71,1
DA:72,1
DA:86,3
DA:98,6
DA:99,6
DA:110,4
DA:111,3
DA:112,1
DA:119,1
DA:129,2
DA:130,1
DA:137,1
DA:148,1
DA:155,1
DA:167,1
DA:174,1
DA:192,8
DA:193,8
DA:195,8
DA:208,7
DA:209,6
DA:216,0
DA:218,2
DA:219,1
DA:220,0
DA:227,1
DA:228,1
DA:237,2
DA:245,6
DA:246,6
DA:248,6
DA:263,5
DA:264,5
DA:265,5
DA:266,5
DA:267,1
DA:271,2
DA:274,3
DA:275,3
DA:281,3
DA:286,7
DA:291,7
DA:292,1
DA:293,7
DA:294,1
LF:58
LH:56
BRDA:14,0,0,12
BRDA:45,1,0,4
BRDA:45,1,1,6
BRDA:48,2,0,2
BRDA:48,2,1,2
BRDA:70,3,0,1
BRDA:70,3,1,1
BRDA:74,4,0,1
BRDA:74,4,1,0
BRDA:75,5,0,0
BRDA:75,5,1,1
BRDA:101,6,0,6
BRDA:101,6,1,1
BRDA:102,7,0,1
BRDA:102,7,1,5
BRDA:110,8,0,3
BRDA:110,8,1,1
BRDA:111,9,0,1
BRDA:111,9,1,2
BRDA:111,10,0,3
BRDA:111,10,1,2
BRDA:129,11,0,1
BRDA:129,11,1,1
BRDA:172,12,0,1
BRDA:172,12,1,0
BRDA:180,13,0,1
BRDA:180,13,1,0
BRDA:191,14,0,3
BRDA:208,15,0,6
BRDA:208,15,1,0
BRDA:208,16,0,7
BRDA:208,16,1,6
BRDA:211,17,0,6
BRDA:211,17,1,0
BRDA:218,18,0,1
BRDA:218,18,1,1
BRDA:219,19,0,0
BRDA:219,19,1,1
BRDA:219,20,0,1
BRDA:219,20,1,1
BRDA:227,21,0,1
BRDA:227,21,1,0
BRDA:244,22,0,5
BRDA:264,23,0,5
BRDA:264,23,1,0
BRDA:266,24,0,1
BRDA:266,24,1,2
BRDA:266,25,0,5
BRDA:266,25,1,4
BRDA:274,26,0,3
BRDA:274,26,1,0
BRDA:274,27,0,3
BRDA:274,27,1,3
BRDA:291,28,0,1
BRF:54
BRH:44
end_of_record
TN:
SF:src/utils/distance.ts
FN:9,(anonymous_0)
FN:30,(anonymous_1)
FNF:2
FNH:2
FNDA:57,(anonymous_0)
FNDA:13,(anonymous_1)
DA:9,9
DA:13,57
DA:14,57
DA:15,57
DA:16,57
DA:17,57
DA:20,57
DA:22,57
DA:24,57
DA:30,9
DA:35,13
DA:37,12
LF:12
LH:12
BRDA:33,0,0,9
BRDA:35,1,0,1
BRDA:35,1,1,12
BRDA:38,2,0,12
BRDA:38,2,1,7
BRF:5
BRH:5
end_of_record
